[INFO] Scanning for projects...
[INFO] 
[INFO] -------------< org.apache.datasketches:datasketches-java >--------------
[INFO] Building datasketches-java 2.1.0-SNAPSHOT
[INFO]   from pom.xml
[INFO] --------------------------------[ jar ]---------------------------------
[INFO] 
[INFO] --- maven-enforcer-plugin:3.0.0-M2:enforce (enforce-banned-dependencies) @ datasketches-java ---
[INFO] 
[INFO] --- maven-enforcer-plugin:3.0.0-M2:enforce (enforce-maven-version) @ datasketches-java ---
[INFO] 
[INFO] --- jacoco-maven-plugin:0.8.6:prepare-agent (default-prepare-agent) @ datasketches-java ---
[INFO] Skipping JaCoCo execution because property jacoco.skip is set.
[INFO] 
[INFO] --- maven-remote-resources-plugin:1.7.0:process (process-resource-bundles) @ datasketches-java ---
[INFO] Preparing remote bundle org.apache:apache-jar-resource-bundle:1.4
[INFO] Copying 3 resources from 1 bundle.
[INFO] 
[INFO] --- maven-resources-plugin:3.1.0:resources (default-resources) @ datasketches-java ---
[INFO] Using 'UTF-8' encoding to copy filtered resources.
[INFO] skip non existing resourceDirectory /home/runner/work/paste_project/paste_project/projects/datasketches-java-dab95426fe4d3c568850750852f5e57cf2aa146d/src/main/resources
[INFO] Copying 3 resources
[INFO] 
[INFO] --- maven-compiler-plugin:3.8.1:compile (default-compile) @ datasketches-java ---
[INFO] Changes detected - recompiling the module!
[INFO] Compiling 282 source files to /home/runner/work/paste_project/paste_project/projects/datasketches-java-dab95426fe4d3c568850750852f5e57cf2aa146d/target/classes
[INFO] 
[INFO] --- maven-resources-plugin:3.1.0:testResources (default-testResources) @ datasketches-java ---
[INFO] Using 'UTF-8' encoding to copy filtered resources.
[INFO] Copying 17 resources
[INFO] Copying 3 resources
[INFO] 
[INFO] --- maven-compiler-plugin:3.8.1:testCompile (default-testCompile) @ datasketches-java ---
[INFO] Changes detected - recompiling the module!
[INFO] Compiling 154 source files to /home/runner/work/paste_project/paste_project/projects/datasketches-java-dab95426fe4d3c568850750852f5e57cf2aa146d/target/test-classes
[INFO] /home/runner/work/paste_project/paste_project/projects/datasketches-java-dab95426fe4d3c568850750852f5e57cf2aa146d/src/test/java/org/apache/datasketches/tuple/adouble/AdoubleTest.java: /home/runner/work/paste_project/paste_project/projects/datasketches-java-dab95426fe4d3c568850750852f5e57cf2aa146d/src/test/java/org/apache/datasketches/tuple/adouble/AdoubleTest.java uses or overrides a deprecated API that is marked for removal.
[INFO] /home/runner/work/paste_project/paste_project/projects/datasketches-java-dab95426fe4d3c568850750852f5e57cf2aa146d/src/test/java/org/apache/datasketches/tuple/adouble/AdoubleTest.java: Recompile with -Xlint:removal for details.
[INFO] 
[INFO] --- maven-surefire-plugin:3.0.0-M5:test (default-test) @ datasketches-java ---
[INFO] 
[INFO] -------------------------------------------------------
[INFO]  T E S T S
[INFO] -------------------------------------------------------
[INFO] Running TestSuite
[ERROR] Tests run: 1490, Failures: 48, Errors: 0, Skipped: 0, Time elapsed: 27.21 s <<< FAILURE! - in TestSuite
[ERROR] org.apache.datasketches.theta.UnionImplTest.checkMoveAndResize  Time elapsed: 0.015 s  <<< FAILURE!
java.lang.ExceptionInInitializerError
	at org.apache.datasketches.memory.AllocateDirect.<init>(AllocateDirect.java:51)
	at org.apache.datasketches.memory.BaseWritableMemoryImpl.wrapDirect(BaseWritableMemoryImpl.java:120)
	at org.apache.datasketches.memory.WritableMemory.allocateDirect(WritableMemory.java:160)
	at org.apache.datasketches.memory.WritableMemory.allocateDirect(WritableMemory.java:139)
	at org.apache.datasketches.theta.UnionImplTest.checkMoveAndResize(UnionImplTest.java:172)
	at java.base/jdk.internal.reflect.NativeMethodAccessorImpl.invoke0(Native Method)
	at java.base/jdk.internal.reflect.NativeMethodAccessorImpl.invoke(NativeMethodAccessorImpl.java:77)
	at java.base/jdk.internal.reflect.DelegatingMethodAccessorImpl.invoke(DelegatingMethodAccessorImpl.java:43)
	at java.base/java.lang.reflect.Method.invoke(Method.java:568)
	at org.testng.internal.MethodInvocationHelper.invokeMethod(MethodInvocationHelper.java:134)
	at org.testng.internal.TestInvoker.invokeMethod(TestInvoker.java:597)
	at org.testng.internal.TestInvoker.invokeTestMethod(TestInvoker.java:173)
	at org.testng.internal.MethodRunner.runInSequence(MethodRunner.java:46)
	at org.testng.internal.TestInvoker$MethodInvocationAgent.invoke(TestInvoker.java:816)
	at org.testng.internal.TestInvoker.invokeTestMethods(TestInvoker.java:146)
	at org.testng.internal.TestMethodWorker.invokeTestMethods(TestMethodWorker.java:146)
	at org.testng.internal.TestMethodWorker.run(TestMethodWorker.java:128)
	at java.base/java.util.ArrayList.forEach(ArrayList.java:1511)
	at org.testng.TestRunner.privateRun(TestRunner.java:766)
	at org.testng.TestRunner.run(TestRunner.java:587)
	at org.testng.SuiteRunner.runTest(SuiteRunner.java:384)
	at org.testng.SuiteRunner.runSequentially(SuiteRunner.java:378)
	at org.testng.SuiteRunner.privateRun(SuiteRunner.java:337)
	at org.testng.SuiteRunner.run(SuiteRunner.java:286)
	at org.testng.SuiteRunnerWorker.runSuite(SuiteRunnerWorker.java:53)
	at org.testng.SuiteRunnerWorker.run(SuiteRunnerWorker.java:96)
	at org.testng.TestNG.runSuitesSequentially(TestNG.java:1187)
	at org.testng.TestNG.runSuitesLocally(TestNG.java:1109)
	at org.testng.TestNG.runSuites(TestNG.java:1039)
	at org.testng.TestNG.run(TestNG.java:1007)
	at org.apache.maven.surefire.testng.TestNGExecutor.run(TestNGExecutor.java:136)
	at org.apache.maven.surefire.testng.TestNGDirectoryTestSuite.executeMulti(TestNGDirectoryTestSuite.java:193)
	at org.apache.maven.surefire.testng.TestNGDirectoryTestSuite.execute(TestNGDirectoryTestSuite.java:94)
	at org.apache.maven.surefire.testng.TestNGProvider.invoke(TestNGProvider.java:145)
	at org.apache.maven.surefire.booter.ForkedBooter.runSuitesInProcess(ForkedBooter.java:428)
	at org.apache.maven.surefire.booter.ForkedBooter.execute(ForkedBooter.java:162)
	at org.apache.maven.surefire.booter.ForkedBooter.run(ForkedBooter.java:562)
	at org.apache.maven.surefire.booter.ForkedBooter.main(ForkedBooter.java:548)
Caused by: java.lang.RuntimeException: Could not acquire java.nio.Bits class: class java.lang.ClassNotFoundException
	at org.apache.datasketches.memory.NioBits.<clinit>(NioBits.java:88)
	... 38 more

[ERROR] org.apache.datasketches.theta.UnionImplTest.checkUnionCompactOrderedSource  Time elapsed: 0 s  <<< FAILURE!
java.lang.NoClassDefFoundError: Could not initialize class org.apache.datasketches.memory.NioBits
	at org.apache.datasketches.memory.AllocateDirect.<init>(AllocateDirect.java:51)
	at org.apache.datasketches.memory.BaseWritableMemoryImpl.wrapDirect(BaseWritableMemoryImpl.java:120)
	at org.apache.datasketches.memory.WritableMemory.allocateDirect(WritableMemory.java:160)
	at org.apache.datasketches.memory.WritableMemory.allocateDirect(WritableMemory.java:139)
	at org.apache.datasketches.theta.UnionImplTest.checkUnionCompactOrderedSource(UnionImplTest.java:208)
	at java.base/jdk.internal.reflect.NativeMethodAccessorImpl.invoke0(Native Method)
	at java.base/jdk.internal.reflect.NativeMethodAccessorImpl.invoke(NativeMethodAccessorImpl.java:77)
	at java.base/jdk.internal.reflect.DelegatingMethodAccessorImpl.invoke(DelegatingMethodAccessorImpl.java:43)
	at java.base/java.lang.reflect.Method.invoke(Method.java:568)
	at org.testng.internal.MethodInvocationHelper.invokeMethod(MethodInvocationHelper.java:134)
	at org.testng.internal.TestInvoker.invokeMethod(TestInvoker.java:597)
	at org.testng.internal.TestInvoker.invokeTestMethod(TestInvoker.java:173)
	at org.testng.internal.MethodRunner.runInSequence(MethodRunner.java:46)
	at org.testng.internal.TestInvoker$MethodInvocationAgent.invoke(TestInvoker.java:816)
	at org.testng.internal.TestInvoker.invokeTestMethods(TestInvoker.java:146)
	at org.testng.internal.TestMethodWorker.invokeTestMethods(TestMethodWorker.java:146)
	at org.testng.internal.TestMethodWorker.run(TestMethodWorker.java:128)
	at java.base/java.util.ArrayList.forEach(ArrayList.java:1511)
	at org.testng.TestRunner.privateRun(TestRunner.java:766)
	at org.testng.TestRunner.run(TestRunner.java:587)
	at org.testng.SuiteRunner.runTest(SuiteRunner.java:384)
	at org.testng.SuiteRunner.runSequentially(SuiteRunner.java:378)
	at org.testng.SuiteRunner.privateRun(SuiteRunner.java:337)
	at org.testng.SuiteRunner.run(SuiteRunner.java:286)
	at org.testng.SuiteRunnerWorker.runSuite(SuiteRunnerWorker.java:53)
	at org.testng.SuiteRunnerWorker.run(SuiteRunnerWorker.java:96)
	at org.testng.TestNG.runSuitesSequentially(TestNG.java:1187)
	at org.testng.TestNG.runSuitesLocally(TestNG.java:1109)
	at org.testng.TestNG.runSuites(TestNG.java:1039)
	at org.testng.TestNG.run(TestNG.java:1007)
	at org.apache.maven.surefire.testng.TestNGExecutor.run(TestNGExecutor.java:136)
	at org.apache.maven.surefire.testng.TestNGDirectoryTestSuite.executeMulti(TestNGDirectoryTestSuite.java:193)
	at org.apache.maven.surefire.testng.TestNGDirectoryTestSuite.execute(TestNGDirectoryTestSuite.java:94)
	at org.apache.maven.surefire.testng.TestNGProvider.invoke(TestNGProvider.java:145)
	at org.apache.maven.surefire.booter.ForkedBooter.runSuitesInProcess(ForkedBooter.java:428)
	at org.apache.maven.surefire.booter.ForkedBooter.execute(ForkedBooter.java:162)
	at org.apache.maven.surefire.booter.ForkedBooter.run(ForkedBooter.java:562)
	at org.apache.maven.surefire.booter.ForkedBooter.main(ForkedBooter.java:548)
Caused by: java.lang.ExceptionInInitializerError: Exception java.lang.RuntimeException: Could not acquire java.nio.Bits class: class java.lang.ClassNotFoundException [in thread "main"]
	at org.apache.datasketches.memory.NioBits.<clinit>(NioBits.java:88)
	at org.apache.datasketches.memory.AllocateDirect.<init>(AllocateDirect.java:51)
	at org.apache.datasketches.memory.BaseWritableMemoryImpl.wrapDirect(BaseWritableMemoryImpl.java:120)
	at org.apache.datasketches.memory.WritableMemory.allocateDirect(WritableMemory.java:160)
	at org.apache.datasketches.memory.WritableMemory.allocateDirect(WritableMemory.java:139)
	at org.apache.datasketches.theta.UnionImplTest.checkMoveAndResize(UnionImplTest.java:172)
	... 33 more

[ERROR] org.apache.datasketches.theta.DirectQuickSelectSketchTest.checkBadSerVer  Time elapsed: 0.001 s  <<< FAILURE!
org.testng.TestException: 

Expected exception of type class org.apache.datasketches.SketchesArgumentException but got java.lang.NoClassDefFoundError: Could not initialize class org.apache.datasketches.memory.NioBits
	at org.testng.internal.ExpectedExceptionsHolder.wrongException(ExpectedExceptionsHolder.java:68)
	at org.testng.internal.TestInvoker.considerExceptions(TestInvoker.java:731)
	at org.testng.internal.TestInvoker.invokeMethod(TestInvoker.java:629)
	at org.testng.internal.TestInvoker.invokeTestMethod(TestInvoker.java:173)
	at org.testng.internal.MethodRunner.runInSequence(MethodRunner.java:46)
	at org.testng.internal.TestInvoker$MethodInvocationAgent.invoke(TestInvoker.java:816)
	at org.testng.internal.TestInvoker.invokeTestMethods(TestInvoker.java:146)
	at org.testng.internal.TestMethodWorker.invokeTestMethods(TestMethodWorker.java:146)
	at org.testng.internal.TestMethodWorker.run(TestMethodWorker.java:128)
	at java.base/java.util.ArrayList.forEach(ArrayList.java:1511)
	at org.testng.TestRunner.privateRun(TestRunner.java:766)
	at org.testng.TestRunner.run(TestRunner.java:587)
	at org.testng.SuiteRunner.runTest(SuiteRunner.java:384)
	at org.testng.SuiteRunner.runSequentially(SuiteRunner.java:378)
	at org.testng.SuiteRunner.privateRun(SuiteRunner.java:337)
	at org.testng.SuiteRunner.run(SuiteRunner.java:286)
	at org.testng.SuiteRunnerWorker.runSuite(SuiteRunnerWorker.java:53)
	at org.testng.SuiteRunnerWorker.run(SuiteRunnerWorker.java:96)
	at org.testng.TestNG.runSuitesSequentially(TestNG.java:1187)
	at org.testng.TestNG.runSuitesLocally(TestNG.java:1109)
	at org.testng.TestNG.runSuites(TestNG.java:1039)
	at org.testng.TestNG.run(TestNG.java:1007)
	at org.apache.maven.surefire.testng.TestNGExecutor.run(TestNGExecutor.java:136)
	at org.apache.maven.surefire.testng.TestNGDirectoryTestSuite.executeMulti(TestNGDirectoryTestSuite.java:193)
	at org.apache.maven.surefire.testng.TestNGDirectoryTestSuite.execute(TestNGDirectoryTestSuite.java:94)
	at org.apache.maven.surefire.testng.TestNGProvider.invoke(TestNGProvider.java:145)
	at org.apache.maven.surefire.booter.ForkedBooter.runSuitesInProcess(ForkedBooter.java:428)
	at org.apache.maven.surefire.booter.ForkedBooter.execute(ForkedBooter.java:162)
	at org.apache.maven.surefire.booter.ForkedBooter.run(ForkedBooter.java:562)
	at org.apache.maven.surefire.booter.ForkedBooter.main(ForkedBooter.java:548)
Caused by: java.lang.NoClassDefFoundError: Could not initialize class org.apache.datasketches.memory.NioBits
	at org.apache.datasketches.memory.AllocateDirect.<init>(AllocateDirect.java:51)
	at org.apache.datasketches.memory.BaseWritableMemoryImpl.wrapDirect(BaseWritableMemoryImpl.java:120)
	at org.apache.datasketches.memory.WritableMemory.allocateDirect(WritableMemory.java:160)
	at org.apache.datasketches.memory.WritableMemory.allocateDirect(WritableMemory.java:139)
	at org.apache.datasketches.theta.DirectQuickSelectSketchTest.makeNativeMemory(DirectQuickSelectSketchTest.java:883)
	at org.apache.datasketches.theta.DirectQuickSelectSketchTest.checkBadSerVer(DirectQuickSelectSketchTest.java:63)
	at java.base/jdk.internal.reflect.NativeMethodAccessorImpl.invoke0(Native Method)
	at java.base/jdk.internal.reflect.NativeMethodAccessorImpl.invoke(NativeMethodAccessorImpl.java:77)
	at java.base/jdk.internal.reflect.DelegatingMethodAccessorImpl.invoke(DelegatingMethodAccessorImpl.java:43)
	at java.base/java.lang.reflect.Method.invoke(Method.java:568)
	at org.testng.internal.MethodInvocationHelper.invokeMethod(MethodInvocationHelper.java:134)
	at org.testng.internal.TestInvoker.invokeMethod(TestInvoker.java:597)
	... 27 more
Caused by: java.lang.ExceptionInInitializerError: Exception java.lang.RuntimeException: Could not acquire java.nio.Bits class: class java.lang.ClassNotFoundException [in thread "main"]
	at org.apache.datasketches.memory.NioBits.<clinit>(NioBits.java:88)
	at org.apache.datasketches.memory.AllocateDirect.<init>(AllocateDirect.java:51)
	at org.apache.datasketches.memory.BaseWritableMemoryImpl.wrapDirect(BaseWritableMemoryImpl.java:120)
	at org.apache.datasketches.memory.WritableMemory.allocateDirect(WritableMemory.java:160)
	at org.apache.datasketches.memory.WritableMemory.allocateDirect(WritableMemory.java:139)
	at org.apache.datasketches.theta.UnionImplTest.checkMoveAndResize(UnionImplTest.java:172)
	... 33 more

[ERROR] org.apache.datasketches.theta.DirectQuickSelectSketchTest.checkConstructReconstructFromMemory  Time elapsed: 0.001 s  <<< FAILURE!
java.lang.NoClassDefFoundError: Could not initialize class org.apache.datasketches.memory.NioBits
	at org.apache.datasketches.memory.AllocateDirect.<init>(AllocateDirect.java:51)
	at org.apache.datasketches.memory.BaseWritableMemoryImpl.wrapDirect(BaseWritableMemoryImpl.java:120)
	at org.apache.datasketches.memory.WritableMemory.allocateDirect(WritableMemory.java:160)
	at org.apache.datasketches.memory.WritableMemory.allocateDirect(WritableMemory.java:139)
	at org.apache.datasketches.theta.DirectQuickSelectSketchTest.makeNativeMemory(DirectQuickSelectSketchTest.java:883)
	at org.apache.datasketches.theta.DirectQuickSelectSketchTest.checkConstructReconstructFromMemory(DirectQuickSelectSketchTest.java:658)
	at java.base/jdk.internal.reflect.NativeMethodAccessorImpl.invoke0(Native Method)
	at java.base/jdk.internal.reflect.NativeMethodAccessorImpl.invoke(NativeMethodAccessorImpl.java:77)
	at java.base/jdk.internal.reflect.DelegatingMethodAccessorImpl.invoke(DelegatingMethodAccessorImpl.java:43)
	at java.base/java.lang.reflect.Method.invoke(Method.java:568)
	at org.testng.internal.MethodInvocationHelper.invokeMethod(MethodInvocationHelper.java:134)
	at org.testng.internal.TestInvoker.invokeMethod(TestInvoker.java:597)
	at org.testng.internal.TestInvoker.invokeTestMethod(TestInvoker.java:173)
	at org.testng.internal.MethodRunner.runInSequence(MethodRunner.java:46)
	at org.testng.internal.TestInvoker$MethodInvocationAgent.invoke(TestInvoker.java:816)
	at org.testng.internal.TestInvoker.invokeTestMethods(TestInvoker.java:146)
	at org.testng.internal.TestMethodWorker.invokeTestMethods(TestMethodWorker.java:146)
	at org.testng.internal.TestMethodWorker.run(TestMethodWorker.java:128)
	at java.base/java.util.ArrayList.forEach(ArrayList.java:1511)
	at org.testng.TestRunner.privateRun(TestRunner.java:766)
	at org.testng.TestRunner.run(TestRunner.java:587)
	at org.testng.SuiteRunner.runTest(SuiteRunner.java:384)
	at org.testng.SuiteRunner.runSequentially(SuiteRunner.java:378)
	at org.testng.SuiteRunner.privateRun(SuiteRunner.java:337)
	at org.testng.SuiteRunner.run(SuiteRunner.java:286)
	at org.testng.SuiteRunnerWorker.runSuite(SuiteRunnerWorker.java:53)
	at org.testng.SuiteRunnerWorker.run(SuiteRunnerWorker.java:96)
	at org.testng.TestNG.runSuitesSequentially(TestNG.java:1187)
	at org.testng.TestNG.runSuitesLocally(TestNG.java:1109)
	at org.testng.TestNG.runSuites(TestNG.java:1039)
	at org.testng.TestNG.run(TestNG.java:1007)
	at org.apache.maven.surefire.testng.TestNGExecutor.run(TestNGExecutor.java:136)
	at org.apache.maven.surefire.testng.TestNGDirectoryTestSuite.executeMulti(TestNGDirectoryTestSuite.java:193)
	at org.apache.maven.surefire.testng.TestNGDirectoryTestSuite.execute(TestNGDirectoryTestSuite.java:94)
	at org.apache.maven.surefire.testng.TestNGProvider.invoke(TestNGProvider.java:145)
	at org.apache.maven.surefire.booter.ForkedBooter.runSuitesInProcess(ForkedBooter.java:428)
	at org.apache.maven.surefire.booter.ForkedBooter.execute(ForkedBooter.java:162)
	at org.apache.maven.surefire.booter.ForkedBooter.run(ForkedBooter.java:562)
	at org.apache.maven.surefire.booter.ForkedBooter.main(ForkedBooter.java:548)
Caused by: java.lang.ExceptionInInitializerError: Exception java.lang.RuntimeException: Could not acquire java.nio.Bits class: class java.lang.ClassNotFoundException [in thread "main"]
	at org.apache.datasketches.memory.NioBits.<clinit>(NioBits.java:88)
	at org.apache.datasketches.memory.AllocateDirect.<init>(AllocateDirect.java:51)
	at org.apache.datasketches.memory.BaseWritableMemoryImpl.wrapDirect(BaseWritableMemoryImpl.java:120)
	at org.apache.datasketches.memory.WritableMemory.allocateDirect(WritableMemory.java:160)
	at org.apache.datasketches.memory.WritableMemory.allocateDirect(WritableMemory.java:139)
	at org.apache.datasketches.theta.UnionImplTest.checkMoveAndResize(UnionImplTest.java:172)
	... 33 more

[ERROR] org.apache.datasketches.theta.DirectQuickSelectSketchTest.checkConstructorKtooSmall  Time elapsed: 0.001 s  <<< FAILURE!
org.testng.TestException: 

Expected exception of type class org.apache.datasketches.SketchesArgumentException but got java.lang.NoClassDefFoundError: Could not initialize class org.apache.datasketches.memory.NioBits
	at org.testng.internal.ExpectedExceptionsHolder.wrongException(ExpectedExceptionsHolder.java:68)
	at org.testng.internal.TestInvoker.considerExceptions(TestInvoker.java:731)
	at org.testng.internal.TestInvoker.invokeMethod(TestInvoker.java:629)
	at org.testng.internal.TestInvoker.invokeTestMethod(TestInvoker.java:173)
	at org.testng.internal.MethodRunner.runInSequence(MethodRunner.java:46)
	at org.testng.internal.TestInvoker$MethodInvocationAgent.invoke(TestInvoker.java:816)
	at org.testng.internal.TestInvoker.invokeTestMethods(TestInvoker.java:146)
	at org.testng.internal.TestMethodWorker.invokeTestMethods(TestMethodWorker.java:146)
	at org.testng.internal.TestMethodWorker.run(TestMethodWorker.java:128)
	at java.base/java.util.ArrayList.forEach(ArrayList.java:1511)
	at org.testng.TestRunner.privateRun(TestRunner.java:766)
	at org.testng.TestRunner.run(TestRunner.java:587)
	at org.testng.SuiteRunner.runTest(SuiteRunner.java:384)
	at org.testng.SuiteRunner.runSequentially(SuiteRunner.java:378)
	at org.testng.SuiteRunner.privateRun(SuiteRunner.java:337)
	at org.testng.SuiteRunner.run(SuiteRunner.java:286)
	at org.testng.SuiteRunnerWorker.runSuite(SuiteRunnerWorker.java:53)
	at org.testng.SuiteRunnerWorker.run(SuiteRunnerWorker.java:96)
	at org.testng.TestNG.runSuitesSequentially(TestNG.java:1187)
	at org.testng.TestNG.runSuitesLocally(TestNG.java:1109)
	at org.testng.TestNG.runSuites(TestNG.java:1039)
	at org.testng.TestNG.run(TestNG.java:1007)
	at org.apache.maven.surefire.testng.TestNGExecutor.run(TestNGExecutor.java:136)
	at org.apache.maven.surefire.testng.TestNGDirectoryTestSuite.executeMulti(TestNGDirectoryTestSuite.java:193)
	at org.apache.maven.surefire.testng.TestNGDirectoryTestSuite.execute(TestNGDirectoryTestSuite.java:94)
	at org.apache.maven.surefire.testng.TestNGProvider.invoke(TestNGProvider.java:145)
	at org.apache.maven.surefire.booter.ForkedBooter.runSuitesInProcess(ForkedBooter.java:428)
	at org.apache.maven.surefire.booter.ForkedBooter.execute(ForkedBooter.java:162)
	at org.apache.maven.surefire.booter.ForkedBooter.run(ForkedBooter.java:562)
	at org.apache.maven.surefire.booter.ForkedBooter.main(ForkedBooter.java:548)
Caused by: java.lang.NoClassDefFoundError: Could not initialize class org.apache.datasketches.memory.NioBits
	at org.apache.datasketches.memory.AllocateDirect.<init>(AllocateDirect.java:51)
	at org.apache.datasketches.memory.BaseWritableMemoryImpl.wrapDirect(BaseWritableMemoryImpl.java:120)
	at org.apache.datasketches.memory.WritableMemory.allocateDirect(WritableMemory.java:160)
	at org.apache.datasketches.memory.WritableMemory.allocateDirect(WritableMemory.java:139)
	at org.apache.datasketches.theta.DirectQuickSelectSketchTest.makeNativeMemory(DirectQuickSelectSketchTest.java:883)
	at org.apache.datasketches.theta.DirectQuickSelectSketchTest.checkConstructorKtooSmall(DirectQuickSelectSketchTest.java:86)
	at java.base/jdk.internal.reflect.NativeMethodAccessorImpl.invoke0(Native Method)
	at java.base/jdk.internal.reflect.NativeMethodAccessorImpl.invoke(NativeMethodAccessorImpl.java:77)
	at java.base/jdk.internal.reflect.DelegatingMethodAccessorImpl.invoke(DelegatingMethodAccessorImpl.java:43)
	at java.base/java.lang.reflect.Method.invoke(Method.java:568)
	at org.testng.internal.MethodInvocationHelper.invokeMethod(MethodInvocationHelper.java:134)
	at org.testng.internal.TestInvoker.invokeMethod(TestInvoker.java:597)
	... 27 more
Caused by: java.lang.ExceptionInInitializerError: Exception java.lang.RuntimeException: Could not acquire java.nio.Bits class: class java.lang.ClassNotFoundException [in thread "main"]
	at org.apache.datasketches.memory.NioBits.<clinit>(NioBits.java:88)
	at org.apache.datasketches.memory.AllocateDirect.<init>(AllocateDirect.java:51)
	at org.apache.datasketches.memory.BaseWritableMemoryImpl.wrapDirect(BaseWritableMemoryImpl.java:120)
	at org.apache.datasketches.memory.WritableMemory.allocateDirect(WritableMemory.java:160)
	at org.apache.datasketches.memory.WritableMemory.allocateDirect(WritableMemory.java:139)
	at org.apache.datasketches.theta.UnionImplTest.checkMoveAndResize(UnionImplTest.java:172)
	... 33 more

[ERROR] org.apache.datasketches.theta.DirectQuickSelectSketchTest.checkConstructorMemTooSmall  Time elapsed: 0.001 s  <<< FAILURE!
org.testng.TestException: 

Expected exception of type class org.apache.datasketches.SketchesArgumentException but got java.lang.NoClassDefFoundError: Could not initialize class org.apache.datasketches.memory.NioBits
	at org.testng.internal.ExpectedExceptionsHolder.wrongException(ExpectedExceptionsHolder.java:68)
	at org.testng.internal.TestInvoker.considerExceptions(TestInvoker.java:731)
	at org.testng.internal.TestInvoker.invokeMethod(TestInvoker.java:629)
	at org.testng.internal.TestInvoker.invokeTestMethod(TestInvoker.java:173)
	at org.testng.internal.MethodRunner.runInSequence(MethodRunner.java:46)
	at org.testng.internal.TestInvoker$MethodInvocationAgent.invoke(TestInvoker.java:816)
	at org.testng.internal.TestInvoker.invokeTestMethods(TestInvoker.java:146)
	at org.testng.internal.TestMethodWorker.invokeTestMethods(TestMethodWorker.java:146)
	at org.testng.internal.TestMethodWorker.run(TestMethodWorker.java:128)
	at java.base/java.util.ArrayList.forEach(ArrayList.java:1511)
	at org.testng.TestRunner.privateRun(TestRunner.java:766)
	at org.testng.TestRunner.run(TestRunner.java:587)
	at org.testng.SuiteRunner.runTest(SuiteRunner.java:384)
	at org.testng.SuiteRunner.runSequentially(SuiteRunner.java:378)
	at org.testng.SuiteRunner.privateRun(SuiteRunner.java:337)
	at org.testng.SuiteRunner.run(SuiteRunner.java:286)
	at org.testng.SuiteRunnerWorker.runSuite(SuiteRunnerWorker.java:53)
	at org.testng.SuiteRunnerWorker.run(SuiteRunnerWorker.java:96)
	at org.testng.TestNG.runSuitesSequentially(TestNG.java:1187)
	at org.testng.TestNG.runSuitesLocally(TestNG.java:1109)
	at org.testng.TestNG.runSuites(TestNG.java:1039)
	at org.testng.TestNG.run(TestNG.java:1007)
	at org.apache.maven.surefire.testng.TestNGExecutor.run(TestNGExecutor.java:136)
	at org.apache.maven.surefire.testng.TestNGDirectoryTestSuite.executeMulti(TestNGDirectoryTestSuite.java:193)
	at org.apache.maven.surefire.testng.TestNGDirectoryTestSuite.execute(TestNGDirectoryTestSuite.java:94)
	at org.apache.maven.surefire.testng.TestNGProvider.invoke(TestNGProvider.java:145)
	at org.apache.maven.surefire.booter.ForkedBooter.runSuitesInProcess(ForkedBooter.java:428)
	at org.apache.maven.surefire.booter.ForkedBooter.execute(ForkedBooter.java:162)
	at org.apache.maven.surefire.booter.ForkedBooter.run(ForkedBooter.java:562)
	at org.apache.maven.surefire.booter.ForkedBooter.main(ForkedBooter.java:548)
Caused by: java.lang.NoClassDefFoundError: Could not initialize class org.apache.datasketches.memory.NioBits
	at org.apache.datasketches.memory.AllocateDirect.<init>(AllocateDirect.java:51)
	at org.apache.datasketches.memory.BaseWritableMemoryImpl.wrapDirect(BaseWritableMemoryImpl.java:120)
	at org.apache.datasketches.memory.WritableMemory.allocateDirect(WritableMemory.java:160)
	at org.apache.datasketches.memory.WritableMemory.allocateDirect(WritableMemory.java:139)
	at org.apache.datasketches.theta.DirectQuickSelectSketchTest.makeNativeMemory(DirectQuickSelectSketchTest.java:883)
	at org.apache.datasketches.theta.DirectQuickSelectSketchTest.checkConstructorMemTooSmall(DirectQuickSelectSketchTest.java:95)
	at java.base/jdk.internal.reflect.NativeMethodAccessorImpl.invoke0(Native Method)
	at java.base/jdk.internal.reflect.NativeMethodAccessorImpl.invoke(NativeMethodAccessorImpl.java:77)
	at java.base/jdk.internal.reflect.DelegatingMethodAccessorImpl.invoke(DelegatingMethodAccessorImpl.java:43)
	at java.base/java.lang.reflect.Method.invoke(Method.java:568)
	at org.testng.internal.MethodInvocationHelper.invokeMethod(MethodInvocationHelper.java:134)
	at org.testng.internal.TestInvoker.invokeMethod(TestInvoker.java:597)
	... 27 more
Caused by: java.lang.ExceptionInInitializerError: Exception java.lang.RuntimeException: Could not acquire java.nio.Bits class: class java.lang.ClassNotFoundException [in thread "main"]
	at org.apache.datasketches.memory.NioBits.<clinit>(NioBits.java:88)
	at org.apache.datasketches.memory.AllocateDirect.<init>(AllocateDirect.java:51)
	at org.apache.datasketches.memory.BaseWritableMemoryImpl.wrapDirect(BaseWritableMemoryImpl.java:120)
	at org.apache.datasketches.memory.WritableMemory.allocateDirect(WritableMemory.java:160)
	at org.apache.datasketches.memory.WritableMemory.allocateDirect(WritableMemory.java:139)
	at org.apache.datasketches.theta.UnionImplTest.checkMoveAndResize(UnionImplTest.java:172)
	... 33 more

[ERROR] org.apache.datasketches.theta.DirectQuickSelectSketchTest.checkCorruptLgNomLongs  Time elapsed: 0.001 s  <<< FAILURE!
org.testng.TestException: 

Expected exception of type class org.apache.datasketches.SketchesArgumentException but got java.lang.NoClassDefFoundError: Could not initialize class org.apache.datasketches.memory.NioBits
	at org.testng.internal.ExpectedExceptionsHolder.wrongException(ExpectedExceptionsHolder.java:68)
	at org.testng.internal.TestInvoker.considerExceptions(TestInvoker.java:731)
	at org.testng.internal.TestInvoker.invokeMethod(TestInvoker.java:629)
	at org.testng.internal.TestInvoker.invokeTestMethod(TestInvoker.java:173)
	at org.testng.internal.MethodRunner.runInSequence(MethodRunner.java:46)
	at org.testng.internal.TestInvoker$MethodInvocationAgent.invoke(TestInvoker.java:816)
	at org.testng.internal.TestInvoker.invokeTestMethods(TestInvoker.java:146)
	at org.testng.internal.TestMethodWorker.invokeTestMethods(TestMethodWorker.java:146)
	at org.testng.internal.TestMethodWorker.run(TestMethodWorker.java:128)
	at java.base/java.util.ArrayList.forEach(ArrayList.java:1511)
	at org.testng.TestRunner.privateRun(TestRunner.java:766)
	at org.testng.TestRunner.run(TestRunner.java:587)
	at org.testng.SuiteRunner.runTest(SuiteRunner.java:384)
	at org.testng.SuiteRunner.runSequentially(SuiteRunner.java:378)
	at org.testng.SuiteRunner.privateRun(SuiteRunner.java:337)
	at org.testng.SuiteRunner.run(SuiteRunner.java:286)
	at org.testng.SuiteRunnerWorker.runSuite(SuiteRunnerWorker.java:53)
	at org.testng.SuiteRunnerWorker.run(SuiteRunnerWorker.java:96)
	at org.testng.TestNG.runSuitesSequentially(TestNG.java:1187)
	at org.testng.TestNG.runSuitesLocally(TestNG.java:1109)
	at org.testng.TestNG.runSuites(TestNG.java:1039)
	at org.testng.TestNG.run(TestNG.java:1007)
	at org.apache.maven.surefire.testng.TestNGExecutor.run(TestNGExecutor.java:136)
	at org.apache.maven.surefire.testng.TestNGDirectoryTestSuite.executeMulti(TestNGDirectoryTestSuite.java:193)
	at org.apache.maven.surefire.testng.TestNGDirectoryTestSuite.execute(TestNGDirectoryTestSuite.java:94)
	at org.apache.maven.surefire.testng.TestNGProvider.invoke(TestNGProvider.java:145)
	at org.apache.maven.surefire.booter.ForkedBooter.runSuitesInProcess(ForkedBooter.java:428)
	at org.apache.maven.surefire.booter.ForkedBooter.execute(ForkedBooter.java:162)
	at org.apache.maven.surefire.booter.ForkedBooter.run(ForkedBooter.java:562)
	at org.apache.maven.surefire.booter.ForkedBooter.main(ForkedBooter.java:548)
Caused by: java.lang.NoClassDefFoundError: Could not initialize class org.apache.datasketches.memory.NioBits
	at org.apache.datasketches.memory.AllocateDirect.<init>(AllocateDirect.java:51)
	at org.apache.datasketches.memory.BaseWritableMemoryImpl.wrapDirect(BaseWritableMemoryImpl.java:120)
	at org.apache.datasketches.memory.WritableMemory.allocateDirect(WritableMemory.java:160)
	at org.apache.datasketches.memory.WritableMemory.allocateDirect(WritableMemory.java:139)
	at org.apache.datasketches.theta.DirectQuickSelectSketchTest.makeNativeMemory(DirectQuickSelectSketchTest.java:883)
	at org.apache.datasketches.theta.DirectQuickSelectSketchTest.checkCorruptLgNomLongs(DirectQuickSelectSketchTest.java:203)
	at java.base/jdk.internal.reflect.NativeMethodAccessorImpl.invoke0(Native Method)
	at java.base/jdk.internal.reflect.NativeMethodAccessorImpl.invoke(NativeMethodAccessorImpl.java:77)
	at java.base/jdk.internal.reflect.DelegatingMethodAccessorImpl.invoke(DelegatingMethodAccessorImpl.java:43)
	at java.base/java.lang.reflect.Method.invoke(Method.java:568)
	at org.testng.internal.MethodInvocationHelper.invokeMethod(MethodInvocationHelper.java:134)
	at org.testng.internal.TestInvoker.invokeMethod(TestInvoker.java:597)
	... 27 more
Caused by: java.lang.ExceptionInInitializerError: Exception java.lang.RuntimeException: Could not acquire java.nio.Bits class: class java.lang.ClassNotFoundException [in thread "main"]
	at org.apache.datasketches.memory.NioBits.<clinit>(NioBits.java:88)
	at org.apache.datasketches.memory.AllocateDirect.<init>(AllocateDirect.java:51)
	at org.apache.datasketches.memory.BaseWritableMemoryImpl.wrapDirect(BaseWritableMemoryImpl.java:120)
	at org.apache.datasketches.memory.WritableMemory.allocateDirect(WritableMemory.java:160)
	at org.apache.datasketches.memory.WritableMemory.allocateDirect(WritableMemory.java:139)
	at org.apache.datasketches.theta.UnionImplTest.checkMoveAndResize(UnionImplTest.java:172)
	... 33 more

[ERROR] org.apache.datasketches.theta.DirectQuickSelectSketchTest.checkDQStoCompactEmptyForms  Time elapsed: 0.004 s  <<< FAILURE!
java.lang.NoClassDefFoundError: Could not initialize class org.apache.datasketches.memory.NioBits
	at org.apache.datasketches.memory.AllocateDirect.<init>(AllocateDirect.java:51)
	at org.apache.datasketches.memory.BaseWritableMemoryImpl.wrapDirect(BaseWritableMemoryImpl.java:120)
	at org.apache.datasketches.memory.WritableMemory.allocateDirect(WritableMemory.java:160)
	at org.apache.datasketches.memory.WritableMemory.allocateDirect(WritableMemory.java:139)
	at org.apache.datasketches.theta.DirectQuickSelectSketchTest.makeNativeMemory(DirectQuickSelectSketchTest.java:883)
	at org.apache.datasketches.theta.DirectQuickSelectSketchTest.checkDQStoCompactEmptyForms(DirectQuickSelectSketchTest.java:367)
	at java.base/jdk.internal.reflect.NativeMethodAccessorImpl.invoke0(Native Method)
	at java.base/jdk.internal.reflect.NativeMethodAccessorImpl.invoke(NativeMethodAccessorImpl.java:77)
	at java.base/jdk.internal.reflect.DelegatingMethodAccessorImpl.invoke(DelegatingMethodAccessorImpl.java:43)
	at java.base/java.lang.reflect.Method.invoke(Method.java:568)
	at org.testng.internal.MethodInvocationHelper.invokeMethod(MethodInvocationHelper.java:134)
	at org.testng.internal.TestInvoker.invokeMethod(TestInvoker.java:597)
	at org.testng.internal.TestInvoker.invokeTestMethod(TestInvoker.java:173)
	at org.testng.internal.MethodRunner.runInSequence(MethodRunner.java:46)
	at org.testng.internal.TestInvoker$MethodInvocationAgent.invoke(TestInvoker.java:816)
	at org.testng.internal.TestInvoker.invokeTestMethods(TestInvoker.java:146)
	at org.testng.internal.TestMethodWorker.invokeTestMethods(TestMethodWorker.java:146)
	at org.testng.internal.TestMethodWorker.run(TestMethodWorker.java:128)
	at java.base/java.util.ArrayList.forEach(ArrayList.java:1511)
	at org.testng.TestRunner.privateRun(TestRunner.java:766)
	at org.testng.TestRunner.run(TestRunner.java:587)
	at org.testng.SuiteRunner.runTest(SuiteRunner.java:384)
	at org.testng.SuiteRunner.runSequentially(SuiteRunner.java:378)
	at org.testng.SuiteRunner.privateRun(SuiteRunner.java:337)
	at org.testng.SuiteRunner.run(SuiteRunner.java:286)
	at org.testng.SuiteRunnerWorker.runSuite(SuiteRunnerWorker.java:53)
	at org.testng.SuiteRunnerWorker.run(SuiteRunnerWorker.java:96)
	at org.testng.TestNG.runSuitesSequentially(TestNG.java:1187)
	at org.testng.TestNG.runSuitesLocally(TestNG.java:1109)
	at org.testng.TestNG.runSuites(TestNG.java:1039)
	at org.testng.TestNG.run(TestNG.java:1007)
	at org.apache.maven.surefire.testng.TestNGExecutor.run(TestNGExecutor.java:136)
	at org.apache.maven.surefire.testng.TestNGDirectoryTestSuite.executeMulti(TestNGDirectoryTestSuite.java:193)
	at org.apache.maven.surefire.testng.TestNGDirectoryTestSuite.execute(TestNGDirectoryTestSuite.java:94)
	at org.apache.maven.surefire.testng.TestNGProvider.invoke(TestNGProvider.java:145)
	at org.apache.maven.surefire.booter.ForkedBooter.runSuitesInProcess(ForkedBooter.java:428)
	at org.apache.maven.surefire.booter.ForkedBooter.execute(ForkedBooter.java:162)
	at org.apache.maven.surefire.booter.ForkedBooter.run(ForkedBooter.java:562)
	at org.apache.maven.surefire.booter.ForkedBooter.main(ForkedBooter.java:548)
Caused by: java.lang.ExceptionInInitializerError: Exception java.lang.RuntimeException: Could not acquire java.nio.Bits class: class java.lang.ClassNotFoundException [in thread "main"]
	at org.apache.datasketches.memory.NioBits.<clinit>(NioBits.java:88)
	at org.apache.datasketches.memory.AllocateDirect.<init>(AllocateDirect.java:51)
	at org.apache.datasketches.memory.BaseWritableMemoryImpl.wrapDirect(BaseWritableMemoryImpl.java:120)
	at org.apache.datasketches.memory.WritableMemory.allocateDirect(WritableMemory.java:160)
	at org.apache.datasketches.memory.WritableMemory.allocateDirect(WritableMemory.java:139)
	at org.apache.datasketches.theta.UnionImplTest.checkMoveAndResize(UnionImplTest.java:172)
	... 33 more

[ERROR] org.apache.datasketches.theta.DirectQuickSelectSketchTest.checkDQStoCompactForms  Time elapsed: 0 s  <<< FAILURE!
java.lang.NoClassDefFoundError: Could not initialize class org.apache.datasketches.memory.NioBits
	at org.apache.datasketches.memory.AllocateDirect.<init>(AllocateDirect.java:51)
	at org.apache.datasketches.memory.BaseWritableMemoryImpl.wrapDirect(BaseWritableMemoryImpl.java:120)
	at org.apache.datasketches.memory.WritableMemory.allocateDirect(WritableMemory.java:160)
	at org.apache.datasketches.memory.WritableMemory.allocateDirect(WritableMemory.java:139)
	at org.apache.datasketches.theta.DirectQuickSelectSketchTest.makeNativeMemory(DirectQuickSelectSketchTest.java:883)
	at org.apache.datasketches.theta.DirectQuickSelectSketchTest.checkDQStoCompactForms(DirectQuickSelectSketchTest.java:299)
	at java.base/jdk.internal.reflect.NativeMethodAccessorImpl.invoke0(Native Method)
	at java.base/jdk.internal.reflect.NativeMethodAccessorImpl.invoke(NativeMethodAccessorImpl.java:77)
	at java.base/jdk.internal.reflect.DelegatingMethodAccessorImpl.invoke(DelegatingMethodAccessorImpl.java:43)
	at java.base/java.lang.reflect.Method.invoke(Method.java:568)
	at org.testng.internal.MethodInvocationHelper.invokeMethod(MethodInvocationHelper.java:134)
	at org.testng.internal.TestInvoker.invokeMethod(TestInvoker.java:597)
	at org.testng.internal.TestInvoker.invokeTestMethod(TestInvoker.java:173)
	at org.testng.internal.MethodRunner.runInSequence(MethodRunner.java:46)
	at org.testng.internal.TestInvoker$MethodInvocationAgent.invoke(TestInvoker.java:816)
	at org.testng.internal.TestInvoker.invokeTestMethods(TestInvoker.java:146)
	at org.testng.internal.TestMethodWorker.invokeTestMethods(TestMethodWorker.java:146)
	at org.testng.internal.TestMethodWorker.run(TestMethodWorker.java:128)
	at java.base/java.util.ArrayList.forEach(ArrayList.java:1511)
	at org.testng.TestRunner.privateRun(TestRunner.java:766)
	at org.testng.TestRunner.run(TestRunner.java:587)
	at org.testng.SuiteRunner.runTest(SuiteRunner.java:384)
	at org.testng.SuiteRunner.runSequentially(SuiteRunner.java:378)
	at org.testng.SuiteRunner.privateRun(SuiteRunner.java:337)
	at org.testng.SuiteRunner.run(SuiteRunner.java:286)
	at org.testng.SuiteRunnerWorker.runSuite(SuiteRunnerWorker.java:53)
	at org.testng.SuiteRunnerWorker.run(SuiteRunnerWorker.java:96)
	at org.testng.TestNG.runSuitesSequentially(TestNG.java:1187)
	at org.testng.TestNG.runSuitesLocally(TestNG.java:1109)
	at org.testng.TestNG.runSuites(TestNG.java:1039)
	at org.testng.TestNG.run(TestNG.java:1007)
	at org.apache.maven.surefire.testng.TestNGExecutor.run(TestNGExecutor.java:136)
	at org.apache.maven.surefire.testng.TestNGDirectoryTestSuite.executeMulti(TestNGDirectoryTestSuite.java:193)
	at org.apache.maven.surefire.testng.TestNGDirectoryTestSuite.execute(TestNGDirectoryTestSuite.java:94)
	at org.apache.maven.surefire.testng.TestNGProvider.invoke(TestNGProvider.java:145)
	at org.apache.maven.surefire.booter.ForkedBooter.runSuitesInProcess(ForkedBooter.java:428)
	at org.apache.maven.surefire.booter.ForkedBooter.execute(ForkedBooter.java:162)
	at org.apache.maven.surefire.booter.ForkedBooter.run(ForkedBooter.java:562)
	at org.apache.maven.surefire.booter.ForkedBooter.main(ForkedBooter.java:548)
Caused by: java.lang.ExceptionInInitializerError: Exception java.lang.RuntimeException: Could not acquire java.nio.Bits class: class java.lang.ClassNotFoundException [in thread "main"]
	at org.apache.datasketches.memory.NioBits.<clinit>(NioBits.java:88)
	at org.apache.datasketches.memory.AllocateDirect.<init>(AllocateDirect.java:51)
	at org.apache.datasketches.memory.BaseWritableMemoryImpl.wrapDirect(BaseWritableMemoryImpl.java:120)
	at org.apache.datasketches.memory.WritableMemory.allocateDirect(WritableMemory.java:160)
	at org.apache.datasketches.memory.WritableMemory.allocateDirect(WritableMemory.java:139)
	at org.apache.datasketches.theta.UnionImplTest.checkMoveAndResize(UnionImplTest.java:172)
	... 33 more

[ERROR] org.apache.datasketches.theta.DirectQuickSelectSketchTest.checkEmptyAndP  Time elapsed: 0 s  <<< FAILURE!
java.lang.NoClassDefFoundError: Could not initialize class org.apache.datasketches.memory.NioBits
	at org.apache.datasketches.memory.AllocateDirect.<init>(AllocateDirect.java:51)
	at org.apache.datasketches.memory.BaseWritableMemoryImpl.wrapDirect(BaseWritableMemoryImpl.java:120)
	at org.apache.datasketches.memory.WritableMemory.allocateDirect(WritableMemory.java:160)
	at org.apache.datasketches.memory.WritableMemory.allocateDirect(WritableMemory.java:139)
	at org.apache.datasketches.theta.DirectQuickSelectSketchTest.makeNativeMemory(DirectQuickSelectSketchTest.java:883)
	at org.apache.datasketches.theta.DirectQuickSelectSketchTest.checkEmptyAndP(DirectQuickSelectSketchTest.java:487)
	at java.base/jdk.internal.reflect.NativeMethodAccessorImpl.invoke0(Native Method)
	at java.base/jdk.internal.reflect.NativeMethodAccessorImpl.invoke(NativeMethodAccessorImpl.java:77)
	at java.base/jdk.internal.reflect.DelegatingMethodAccessorImpl.invoke(DelegatingMethodAccessorImpl.java:43)
	at java.base/java.lang.reflect.Method.invoke(Method.java:568)
	at org.testng.internal.MethodInvocationHelper.invokeMethod(MethodInvocationHelper.java:134)
	at org.testng.internal.TestInvoker.invokeMethod(TestInvoker.java:597)
	at org.testng.internal.TestInvoker.invokeTestMethod(TestInvoker.java:173)
	at org.testng.internal.MethodRunner.runInSequence(MethodRunner.java:46)
	at org.testng.internal.TestInvoker$MethodInvocationAgent.invoke(TestInvoker.java:816)
	at org.testng.internal.TestInvoker.invokeTestMethods(TestInvoker.java:146)
	at org.testng.internal.TestMethodWorker.invokeTestMethods(TestMethodWorker.java:146)
	at org.testng.internal.TestMethodWorker.run(TestMethodWorker.java:128)
	at java.base/java.util.ArrayList.forEach(ArrayList.java:1511)
	at org.testng.TestRunner.privateRun(TestRunner.java:766)
	at org.testng.TestRunner.run(TestRunner.java:587)
	at org.testng.SuiteRunner.runTest(SuiteRunner.java:384)
	at org.testng.SuiteRunner.runSequentially(SuiteRunner.java:378)
	at org.testng.SuiteRunner.privateRun(SuiteRunner.java:337)
	at org.testng.SuiteRunner.run(SuiteRunner.java:286)
	at org.testng.SuiteRunnerWorker.runSuite(SuiteRunnerWorker.java:53)
	at org.testng.SuiteRunnerWorker.run(SuiteRunnerWorker.java:96)
	at org.testng.TestNG.runSuitesSequentially(TestNG.java:1187)
	at org.testng.TestNG.runSuitesLocally(TestNG.java:1109)
	at org.testng.TestNG.runSuites(TestNG.java:1039)
	at org.testng.TestNG.run(TestNG.java:1007)
	at org.apache.maven.surefire.testng.TestNGExecutor.run(TestNGExecutor.java:136)
	at org.apache.maven.surefire.testng.TestNGDirectoryTestSuite.executeMulti(TestNGDirectoryTestSuite.java:193)
	at org.apache.maven.surefire.testng.TestNGDirectoryTestSuite.execute(TestNGDirectoryTestSuite.java:94)
	at org.apache.maven.surefire.testng.TestNGProvider.invoke(TestNGProvider.java:145)
	at org.apache.maven.surefire.booter.ForkedBooter.runSuitesInProcess(ForkedBooter.java:428)
	at org.apache.maven.surefire.booter.ForkedBooter.execute(ForkedBooter.java:162)
	at org.apache.maven.surefire.booter.ForkedBooter.run(ForkedBooter.java:562)
	at org.apache.maven.surefire.booter.ForkedBooter.main(ForkedBooter.java:548)
Caused by: java.lang.ExceptionInInitializerError: Exception java.lang.RuntimeException: Could not acquire java.nio.Bits class: class java.lang.ClassNotFoundException [in thread "main"]
	at org.apache.datasketches.memory.NioBits.<clinit>(NioBits.java:88)
	at org.apache.datasketches.memory.AllocateDirect.<init>(AllocateDirect.java:51)
	at org.apache.datasketches.memory.BaseWritableMemoryImpl.wrapDirect(BaseWritableMemoryImpl.java:120)
	at org.apache.datasketches.memory.WritableMemory.allocateDirect(WritableMemory.java:160)
	at org.apache.datasketches.memory.WritableMemory.allocateDirect(WritableMemory.java:139)
	at org.apache.datasketches.theta.UnionImplTest.checkMoveAndResize(UnionImplTest.java:172)
	... 33 more

[ERROR] org.apache.datasketches.theta.DirectQuickSelectSketchTest.checkErrorBounds  Time elapsed: 0 s  <<< FAILURE!
java.lang.NoClassDefFoundError: Could not initialize class org.apache.datasketches.memory.NioBits
	at org.apache.datasketches.memory.AllocateDirect.<init>(AllocateDirect.java:51)
	at org.apache.datasketches.memory.BaseWritableMemoryImpl.wrapDirect(BaseWritableMemoryImpl.java:120)
	at org.apache.datasketches.memory.WritableMemory.allocateDirect(WritableMemory.java:160)
	at org.apache.datasketches.memory.WritableMemory.allocateDirect(WritableMemory.java:139)
	at org.apache.datasketches.theta.DirectQuickSelectSketchTest.makeNativeMemory(DirectQuickSelectSketchTest.java:883)
	at org.apache.datasketches.theta.DirectQuickSelectSketchTest.checkErrorBounds(DirectQuickSelectSketchTest.java:453)
	at java.base/jdk.internal.reflect.NativeMethodAccessorImpl.invoke0(Native Method)
	at java.base/jdk.internal.reflect.NativeMethodAccessorImpl.invoke(NativeMethodAccessorImpl.java:77)
	at java.base/jdk.internal.reflect.DelegatingMethodAccessorImpl.invoke(DelegatingMethodAccessorImpl.java:43)
	at java.base/java.lang.reflect.Method.invoke(Method.java:568)
	at org.testng.internal.MethodInvocationHelper.invokeMethod(MethodInvocationHelper.java:134)
	at org.testng.internal.TestInvoker.invokeMethod(TestInvoker.java:597)
	at org.testng.internal.TestInvoker.invokeTestMethod(TestInvoker.java:173)
	at org.testng.internal.MethodRunner.runInSequence(MethodRunner.java:46)
	at org.testng.internal.TestInvoker$MethodInvocationAgent.invoke(TestInvoker.java:816)
	at org.testng.internal.TestInvoker.invokeTestMethods(TestInvoker.java:146)
	at org.testng.internal.TestMethodWorker.invokeTestMethods(TestMethodWorker.java:146)
	at org.testng.internal.TestMethodWorker.run(TestMethodWorker.java:128)
	at java.base/java.util.ArrayList.forEach(ArrayList.java:1511)
	at org.testng.TestRunner.privateRun(TestRunner.java:766)
	at org.testng.TestRunner.run(TestRunner.java:587)
	at org.testng.SuiteRunner.runTest(SuiteRunner.java:384)
	at org.testng.SuiteRunner.runSequentially(SuiteRunner.java:378)
	at org.testng.SuiteRunner.privateRun(SuiteRunner.java:337)
	at org.testng.SuiteRunner.run(SuiteRunner.java:286)
	at org.testng.SuiteRunnerWorker.runSuite(SuiteRunnerWorker.java:53)
	at org.testng.SuiteRunnerWorker.run(SuiteRunnerWorker.java:96)
	at org.testng.TestNG.runSuitesSequentially(TestNG.java:1187)
	at org.testng.TestNG.runSuitesLocally(TestNG.java:1109)
	at org.testng.TestNG.runSuites(TestNG.java:1039)
	at org.testng.TestNG.run(TestNG.java:1007)
	at org.apache.maven.surefire.testng.TestNGExecutor.run(TestNGExecutor.java:136)
	at org.apache.maven.surefire.testng.TestNGDirectoryTestSuite.executeMulti(TestNGDirectoryTestSuite.java:193)
	at org.apache.maven.surefire.testng.TestNGDirectoryTestSuite.execute(TestNGDirectoryTestSuite.java:94)
	at org.apache.maven.surefire.testng.TestNGProvider.invoke(TestNGProvider.java:145)
	at org.apache.maven.surefire.booter.ForkedBooter.runSuitesInProcess(ForkedBooter.java:428)
	at org.apache.maven.surefire.booter.ForkedBooter.execute(ForkedBooter.java:162)
	at org.apache.maven.surefire.booter.ForkedBooter.run(ForkedBooter.java:562)
	at org.apache.maven.surefire.booter.ForkedBooter.main(ForkedBooter.java:548)
Caused by: java.lang.ExceptionInInitializerError: Exception java.lang.RuntimeException: Could not acquire java.nio.Bits class: class java.lang.ClassNotFoundException [in thread "main"]
	at org.apache.datasketches.memory.NioBits.<clinit>(NioBits.java:88)
	at org.apache.datasketches.memory.AllocateDirect.<init>(AllocateDirect.java:51)
	at org.apache.datasketches.memory.BaseWritableMemoryImpl.wrapDirect(BaseWritableMemoryImpl.java:120)
	at org.apache.datasketches.memory.WritableMemory.allocateDirect(WritableMemory.java:160)
	at org.apache.datasketches.memory.WritableMemory.allocateDirect(WritableMemory.java:139)
	at org.apache.datasketches.theta.UnionImplTest.checkMoveAndResize(UnionImplTest.java:172)
	... 33 more

[ERROR] org.apache.datasketches.theta.DirectQuickSelectSketchTest.checkEstMode  Time elapsed: 0 s  <<< FAILURE!
java.lang.NoClassDefFoundError: Could not initialize class org.apache.datasketches.memory.NioBits
	at org.apache.datasketches.memory.AllocateDirect.<init>(AllocateDirect.java:51)
	at org.apache.datasketches.memory.BaseWritableMemoryImpl.wrapDirect(BaseWritableMemoryImpl.java:120)
	at org.apache.datasketches.memory.WritableMemory.allocateDirect(WritableMemory.java:160)
	at org.apache.datasketches.memory.WritableMemory.allocateDirect(WritableMemory.java:139)
	at org.apache.datasketches.theta.DirectQuickSelectSketchTest.makeNativeMemory(DirectQuickSelectSketchTest.java:883)
	at org.apache.datasketches.theta.DirectQuickSelectSketchTest.checkEstMode(DirectQuickSelectSketchTest.java:410)
	at java.base/jdk.internal.reflect.NativeMethodAccessorImpl.invoke0(Native Method)
	at java.base/jdk.internal.reflect.NativeMethodAccessorImpl.invoke(NativeMethodAccessorImpl.java:77)
	at java.base/jdk.internal.reflect.DelegatingMethodAccessorImpl.invoke(DelegatingMethodAccessorImpl.java:43)
	at java.base/java.lang.reflect.Method.invoke(Method.java:568)
	at org.testng.internal.MethodInvocationHelper.invokeMethod(MethodInvocationHelper.java:134)
	at org.testng.internal.TestInvoker.invokeMethod(TestInvoker.java:597)
	at org.testng.internal.TestInvoker.invokeTestMethod(TestInvoker.java:173)
	at org.testng.internal.MethodRunner.runInSequence(MethodRunner.java:46)
	at org.testng.internal.TestInvoker$MethodInvocationAgent.invoke(TestInvoker.java:816)
	at org.testng.internal.TestInvoker.invokeTestMethods(TestInvoker.java:146)
	at org.testng.internal.TestMethodWorker.invokeTestMethods(TestMethodWorker.java:146)
	at org.testng.internal.TestMethodWorker.run(TestMethodWorker.java:128)
	at java.base/java.util.ArrayList.forEach(ArrayList.java:1511)
	at org.testng.TestRunner.privateRun(TestRunner.java:766)
	at org.testng.TestRunner.run(TestRunner.java:587)
	at org.testng.SuiteRunner.runTest(SuiteRunner.java:384)
	at org.testng.SuiteRunner.runSequentially(SuiteRunner.java:378)
	at org.testng.SuiteRunner.privateRun(SuiteRunner.java:337)
	at org.testng.SuiteRunner.run(SuiteRunner.java:286)
	at org.testng.SuiteRunnerWorker.runSuite(SuiteRunnerWorker.java:53)
	at org.testng.SuiteRunnerWorker.run(SuiteRunnerWorker.java:96)
	at org.testng.TestNG.runSuitesSequentially(TestNG.java:1187)
	at org.testng.TestNG.runSuitesLocally(TestNG.java:1109)
	at org.testng.TestNG.runSuites(TestNG.java:1039)
	at org.testng.TestNG.run(TestNG.java:1007)
	at org.apache.maven.surefire.testng.TestNGExecutor.run(TestNGExecutor.java:136)
	at org.apache.maven.surefire.testng.TestNGDirectoryTestSuite.executeMulti(TestNGDirectoryTestSuite.java:193)
	at org.apache.maven.surefire.testng.TestNGDirectoryTestSuite.execute(TestNGDirectoryTestSuite.java:94)
	at org.apache.maven.surefire.testng.TestNGProvider.invoke(TestNGProvider.java:145)
	at org.apache.maven.surefire.booter.ForkedBooter.runSuitesInProcess(ForkedBooter.java:428)
	at org.apache.maven.surefire.booter.ForkedBooter.execute(ForkedBooter.java:162)
	at org.apache.maven.surefire.booter.ForkedBooter.run(ForkedBooter.java:562)
	at org.apache.maven.surefire.booter.ForkedBooter.main(ForkedBooter.java:548)
Caused by: java.lang.ExceptionInInitializerError: Exception java.lang.RuntimeException: Could not acquire java.nio.Bits class: class java.lang.ClassNotFoundException [in thread "main"]
	at org.apache.datasketches.memory.NioBits.<clinit>(NioBits.java:88)
	at org.apache.datasketches.memory.AllocateDirect.<init>(AllocateDirect.java:51)
	at org.apache.datasketches.memory.BaseWritableMemoryImpl.wrapDirect(BaseWritableMemoryImpl.java:120)
	at org.apache.datasketches.memory.WritableMemory.allocateDirect(WritableMemory.java:160)
	at org.apache.datasketches.memory.WritableMemory.allocateDirect(WritableMemory.java:139)
	at org.apache.datasketches.theta.UnionImplTest.checkMoveAndResize(UnionImplTest.java:172)
	... 33 more

[ERROR] org.apache.datasketches.theta.DirectQuickSelectSketchTest.checkEstModeMemoryArr  Time elapsed: 0.008 s  <<< FAILURE!
java.lang.NoClassDefFoundError: Could not initialize class org.apache.datasketches.memory.NioBits
	at org.apache.datasketches.memory.AllocateDirect.<init>(AllocateDirect.java:51)
	at org.apache.datasketches.memory.BaseWritableMemoryImpl.wrapDirect(BaseWritableMemoryImpl.java:120)
	at org.apache.datasketches.memory.WritableMemory.allocateDirect(WritableMemory.java:160)
	at org.apache.datasketches.memory.WritableMemory.allocateDirect(WritableMemory.java:139)
	at org.apache.datasketches.theta.DirectQuickSelectSketchTest.makeNativeMemory(DirectQuickSelectSketchTest.java:883)
	at org.apache.datasketches.theta.DirectQuickSelectSketchTest.checkEstModeMemoryArr(DirectQuickSelectSketchTest.java:619)
	at java.base/jdk.internal.reflect.NativeMethodAccessorImpl.invoke0(Native Method)
	at java.base/jdk.internal.reflect.NativeMethodAccessorImpl.invoke(NativeMethodAccessorImpl.java:77)
	at java.base/jdk.internal.reflect.DelegatingMethodAccessorImpl.invoke(DelegatingMethodAccessorImpl.java:43)
	at java.base/java.lang.reflect.Method.invoke(Method.java:568)
	at org.testng.internal.MethodInvocationHelper.invokeMethod(MethodInvocationHelper.java:134)
	at org.testng.internal.TestInvoker.invokeMethod(TestInvoker.java:597)
	at org.testng.internal.TestInvoker.invokeTestMethod(TestInvoker.java:173)
	at org.testng.internal.MethodRunner.runInSequence(MethodRunner.java:46)
	at org.testng.internal.TestInvoker$MethodInvocationAgent.invoke(TestInvoker.java:816)
	at org.testng.internal.TestInvoker.invokeTestMethods(TestInvoker.java:146)
	at org.testng.internal.TestMethodWorker.invokeTestMethods(TestMethodWorker.java:146)
	at org.testng.internal.TestMethodWorker.run(TestMethodWorker.java:128)
	at java.base/java.util.ArrayList.forEach(ArrayList.java:1511)
	at org.testng.TestRunner.privateRun(TestRunner.java:766)
	at org.testng.TestRunner.run(TestRunner.java:587)
	at org.testng.SuiteRunner.runTest(SuiteRunner.java:384)
	at org.testng.SuiteRunner.runSequentially(SuiteRunner.java:378)
	at org.testng.SuiteRunner.privateRun(SuiteRunner.java:337)
	at org.testng.SuiteRunner.run(SuiteRunner.java:286)
	at org.testng.SuiteRunnerWorker.runSuite(SuiteRunnerWorker.java:53)
	at org.testng.SuiteRunnerWorker.run(SuiteRunnerWorker.java:96)
	at org.testng.TestNG.runSuitesSequentially(TestNG.java:1187)
	at org.testng.TestNG.runSuitesLocally(TestNG.java:1109)
	at org.testng.TestNG.runSuites(TestNG.java:1039)
	at org.testng.TestNG.run(TestNG.java:1007)
	at org.apache.maven.surefire.testng.TestNGExecutor.run(TestNGExecutor.java:136)
	at org.apache.maven.surefire.testng.TestNGDirectoryTestSuite.executeMulti(TestNGDirectoryTestSuite.java:193)
	at org.apache.maven.surefire.testng.TestNGDirectoryTestSuite.execute(TestNGDirectoryTestSuite.java:94)
	at org.apache.maven.surefire.testng.TestNGProvider.invoke(TestNGProvider.java:145)
	at org.apache.maven.surefire.booter.ForkedBooter.runSuitesInProcess(ForkedBooter.java:428)
	at org.apache.maven.surefire.booter.ForkedBooter.execute(ForkedBooter.java:162)
	at org.apache.maven.surefire.booter.ForkedBooter.run(ForkedBooter.java:562)
	at org.apache.maven.surefire.booter.ForkedBooter.main(ForkedBooter.java:548)
Caused by: java.lang.ExceptionInInitializerError: Exception java.lang.RuntimeException: Could not acquire java.nio.Bits class: class java.lang.ClassNotFoundException [in thread "main"]
	at org.apache.datasketches.memory.NioBits.<clinit>(NioBits.java:88)
	at org.apache.datasketches.memory.AllocateDirect.<init>(AllocateDirect.java:51)
	at org.apache.datasketches.memory.BaseWritableMemoryImpl.wrapDirect(BaseWritableMemoryImpl.java:120)
	at org.apache.datasketches.memory.WritableMemory.allocateDirect(WritableMemory.java:160)
	at org.apache.datasketches.memory.WritableMemory.allocateDirect(WritableMemory.java:139)
	at org.apache.datasketches.theta.UnionImplTest.checkMoveAndResize(UnionImplTest.java:172)
	... 33 more

[ERROR] org.apache.datasketches.theta.DirectQuickSelectSketchTest.checkEstModeNativeMemory  Time elapsed: 0 s  <<< FAILURE!
java.lang.NoClassDefFoundError: Could not initialize class org.apache.datasketches.memory.NioBits
	at org.apache.datasketches.memory.AllocateDirect.<init>(AllocateDirect.java:51)
	at org.apache.datasketches.memory.BaseWritableMemoryImpl.wrapDirect(BaseWritableMemoryImpl.java:120)
	at org.apache.datasketches.memory.WritableMemory.allocateDirect(WritableMemory.java:160)
	at org.apache.datasketches.memory.WritableMemory.allocateDirect(WritableMemory.java:139)
	at org.apache.datasketches.theta.DirectQuickSelectSketchTest.checkEstModeNativeMemory(DirectQuickSelectSketchTest.java:639)
	at java.base/jdk.internal.reflect.NativeMethodAccessorImpl.invoke0(Native Method)
	at java.base/jdk.internal.reflect.NativeMethodAccessorImpl.invoke(NativeMethodAccessorImpl.java:77)
	at java.base/jdk.internal.reflect.DelegatingMethodAccessorImpl.invoke(DelegatingMethodAccessorImpl.java:43)
	at java.base/java.lang.reflect.Method.invoke(Method.java:568)
	at org.testng.internal.MethodInvocationHelper.invokeMethod(MethodInvocationHelper.java:134)
	at org.testng.internal.TestInvoker.invokeMethod(TestInvoker.java:597)
	at org.testng.internal.TestInvoker.invokeTestMethod(TestInvoker.java:173)
	at org.testng.internal.MethodRunner.runInSequence(MethodRunner.java:46)
	at org.testng.internal.TestInvoker$MethodInvocationAgent.invoke(TestInvoker.java:816)
	at org.testng.internal.TestInvoker.invokeTestMethods(TestInvoker.java:146)
	at org.testng.internal.TestMethodWorker.invokeTestMethods(TestMethodWorker.java:146)
	at org.testng.internal.TestMethodWorker.run(TestMethodWorker.java:128)
	at java.base/java.util.ArrayList.forEach(ArrayList.java:1511)
	at org.testng.TestRunner.privateRun(TestRunner.java:766)
	at org.testng.TestRunner.run(TestRunner.java:587)
	at org.testng.SuiteRunner.runTest(SuiteRunner.java:384)
	at org.testng.SuiteRunner.runSequentially(SuiteRunner.java:378)
	at org.testng.SuiteRunner.privateRun(SuiteRunner.java:337)
	at org.testng.SuiteRunner.run(SuiteRunner.java:286)
	at org.testng.SuiteRunnerWorker.runSuite(SuiteRunnerWorker.java:53)
	at org.testng.SuiteRunnerWorker.run(SuiteRunnerWorker.java:96)
	at org.testng.TestNG.runSuitesSequentially(TestNG.java:1187)
	at org.testng.TestNG.runSuitesLocally(TestNG.java:1109)
	at org.testng.TestNG.runSuites(TestNG.java:1039)
	at org.testng.TestNG.run(TestNG.java:1007)
	at org.apache.maven.surefire.testng.TestNGExecutor.run(TestNGExecutor.java:136)
	at org.apache.maven.surefire.testng.TestNGDirectoryTestSuite.executeMulti(TestNGDirectoryTestSuite.java:193)
	at org.apache.maven.surefire.testng.TestNGDirectoryTestSuite.execute(TestNGDirectoryTestSuite.java:94)
	at org.apache.maven.surefire.testng.TestNGProvider.invoke(TestNGProvider.java:145)
	at org.apache.maven.surefire.booter.ForkedBooter.runSuitesInProcess(ForkedBooter.java:428)
	at org.apache.maven.surefire.booter.ForkedBooter.execute(ForkedBooter.java:162)
	at org.apache.maven.surefire.booter.ForkedBooter.run(ForkedBooter.java:562)
	at org.apache.maven.surefire.booter.ForkedBooter.main(ForkedBooter.java:548)
Caused by: java.lang.ExceptionInInitializerError: Exception java.lang.RuntimeException: Could not acquire java.nio.Bits class: class java.lang.ClassNotFoundException [in thread "main"]
	at org.apache.datasketches.memory.NioBits.<clinit>(NioBits.java:88)
	at org.apache.datasketches.memory.AllocateDirect.<init>(AllocateDirect.java:51)
	at org.apache.datasketches.memory.BaseWritableMemoryImpl.wrapDirect(BaseWritableMemoryImpl.java:120)
	at org.apache.datasketches.memory.WritableMemory.allocateDirect(WritableMemory.java:160)
	at org.apache.datasketches.memory.WritableMemory.allocateDirect(WritableMemory.java:139)
	at org.apache.datasketches.theta.UnionImplTest.checkMoveAndResize(UnionImplTest.java:172)
	... 33 more

[ERROR] org.apache.datasketches.theta.DirectQuickSelectSketchTest.checkExactModeMemoryArr  Time elapsed: 0.001 s  <<< FAILURE!
java.lang.NoClassDefFoundError: Could not initialize class org.apache.datasketches.memory.NioBits
	at org.apache.datasketches.memory.AllocateDirect.<init>(AllocateDirect.java:51)
	at org.apache.datasketches.memory.BaseWritableMemoryImpl.wrapDirect(BaseWritableMemoryImpl.java:120)
	at org.apache.datasketches.memory.WritableMemory.allocateDirect(WritableMemory.java:160)
	at org.apache.datasketches.memory.WritableMemory.allocateDirect(WritableMemory.java:139)
	at org.apache.datasketches.theta.DirectQuickSelectSketchTest.makeNativeMemory(DirectQuickSelectSketchTest.java:883)
	at org.apache.datasketches.theta.DirectQuickSelectSketchTest.checkExactModeMemoryArr(DirectQuickSelectSketchTest.java:600)
	at java.base/jdk.internal.reflect.NativeMethodAccessorImpl.invoke0(Native Method)
	at java.base/jdk.internal.reflect.NativeMethodAccessorImpl.invoke(NativeMethodAccessorImpl.java:77)
	at java.base/jdk.internal.reflect.DelegatingMethodAccessorImpl.invoke(DelegatingMethodAccessorImpl.java:43)
	at java.base/java.lang.reflect.Method.invoke(Method.java:568)
	at org.testng.internal.MethodInvocationHelper.invokeMethod(MethodInvocationHelper.java:134)
	at org.testng.internal.TestInvoker.invokeMethod(TestInvoker.java:597)
	at org.testng.internal.TestInvoker.invokeTestMethod(TestInvoker.java:173)
	at org.testng.internal.MethodRunner.runInSequence(MethodRunner.java:46)
	at org.testng.internal.TestInvoker$MethodInvocationAgent.invoke(TestInvoker.java:816)
	at org.testng.internal.TestInvoker.invokeTestMethods(TestInvoker.java:146)
	at org.testng.internal.TestMethodWorker.invokeTestMethods(TestMethodWorker.java:146)
	at org.testng.internal.TestMethodWorker.run(TestMethodWorker.java:128)
	at java.base/java.util.ArrayList.forEach(ArrayList.java:1511)
	at org.testng.TestRunner.privateRun(TestRunner.java:766)
	at org.testng.TestRunner.run(TestRunner.java:587)
	at org.testng.SuiteRunner.runTest(SuiteRunner.java:384)
	at org.testng.SuiteRunner.runSequentially(SuiteRunner.java:378)
	at org.testng.SuiteRunner.privateRun(SuiteRunner.java:337)
	at org.testng.SuiteRunner.run(SuiteRunner.java:286)
	at org.testng.SuiteRunnerWorker.runSuite(SuiteRunnerWorker.java:53)
	at org.testng.SuiteRunnerWorker.run(SuiteRunnerWorker.java:96)
	at org.testng.TestNG.runSuitesSequentially(TestNG.java:1187)
	at org.testng.TestNG.runSuitesLocally(TestNG.java:1109)
	at org.testng.TestNG.runSuites(TestNG.java:1039)
	at org.testng.TestNG.run(TestNG.java:1007)
	at org.apache.maven.surefire.testng.TestNGExecutor.run(TestNGExecutor.java:136)
	at org.apache.maven.surefire.testng.TestNGDirectoryTestSuite.executeMulti(TestNGDirectoryTestSuite.java:193)
	at org.apache.maven.surefire.testng.TestNGDirectoryTestSuite.execute(TestNGDirectoryTestSuite.java:94)
	at org.apache.maven.surefire.testng.TestNGProvider.invoke(TestNGProvider.java:145)
	at org.apache.maven.surefire.booter.ForkedBooter.runSuitesInProcess(ForkedBooter.java:428)
	at org.apache.maven.surefire.booter.ForkedBooter.execute(ForkedBooter.java:162)
	at org.apache.maven.surefire.booter.ForkedBooter.run(ForkedBooter.java:562)
	at org.apache.maven.surefire.booter.ForkedBooter.main(ForkedBooter.java:548)
Caused by: java.lang.ExceptionInInitializerError: Exception java.lang.RuntimeException: Could not acquire java.nio.Bits class: class java.lang.ClassNotFoundException [in thread "main"]
	at org.apache.datasketches.memory.NioBits.<clinit>(NioBits.java:88)
	at org.apache.datasketches.memory.AllocateDirect.<init>(AllocateDirect.java:51)
	at org.apache.datasketches.memory.BaseWritableMemoryImpl.wrapDirect(BaseWritableMemoryImpl.java:120)
	at org.apache.datasketches.memory.WritableMemory.allocateDirect(WritableMemory.java:160)
	at org.apache.datasketches.memory.WritableMemory.allocateDirect(WritableMemory.java:139)
	at org.apache.datasketches.theta.UnionImplTest.checkMoveAndResize(UnionImplTest.java:172)
	... 33 more

[ERROR] org.apache.datasketches.theta.DirectQuickSelectSketchTest.checkHeapifyByteArrayEstimating  Time elapsed: 0.001 s  <<< FAILURE!
java.lang.NoClassDefFoundError: Could not initialize class org.apache.datasketches.memory.NioBits
	at org.apache.datasketches.memory.AllocateDirect.<init>(AllocateDirect.java:51)
	at org.apache.datasketches.memory.BaseWritableMemoryImpl.wrapDirect(BaseWritableMemoryImpl.java:120)
	at org.apache.datasketches.memory.WritableMemory.allocateDirect(WritableMemory.java:160)
	at org.apache.datasketches.memory.WritableMemory.allocateDirect(WritableMemory.java:139)
	at org.apache.datasketches.theta.DirectQuickSelectSketchTest.makeNativeMemory(DirectQuickSelectSketchTest.java:883)
	at org.apache.datasketches.theta.DirectQuickSelectSketchTest.checkHeapifyByteArrayEstimating(DirectQuickSelectSketchTest.java:245)
	at java.base/jdk.internal.reflect.NativeMethodAccessorImpl.invoke0(Native Method)
	at java.base/jdk.internal.reflect.NativeMethodAccessorImpl.invoke(NativeMethodAccessorImpl.java:77)
	at java.base/jdk.internal.reflect.DelegatingMethodAccessorImpl.invoke(DelegatingMethodAccessorImpl.java:43)
	at java.base/java.lang.reflect.Method.invoke(Method.java:568)
	at org.testng.internal.MethodInvocationHelper.invokeMethod(MethodInvocationHelper.java:134)
	at org.testng.internal.TestInvoker.invokeMethod(TestInvoker.java:597)
	at org.testng.internal.TestInvoker.invokeTestMethod(TestInvoker.java:173)
	at org.testng.internal.MethodRunner.runInSequence(MethodRunner.java:46)
	at org.testng.internal.TestInvoker$MethodInvocationAgent.invoke(TestInvoker.java:816)
	at org.testng.internal.TestInvoker.invokeTestMethods(TestInvoker.java:146)
	at org.testng.internal.TestMethodWorker.invokeTestMethods(TestMethodWorker.java:146)
	at org.testng.internal.TestMethodWorker.run(TestMethodWorker.java:128)
	at java.base/java.util.ArrayList.forEach(ArrayList.java:1511)
	at org.testng.TestRunner.privateRun(TestRunner.java:766)
	at org.testng.TestRunner.run(TestRunner.java:587)
	at org.testng.SuiteRunner.runTest(SuiteRunner.java:384)
	at org.testng.SuiteRunner.runSequentially(SuiteRunner.java:378)
	at org.testng.SuiteRunner.privateRun(SuiteRunner.java:337)
	at org.testng.SuiteRunner.run(SuiteRunner.java:286)
	at org.testng.SuiteRunnerWorker.runSuite(SuiteRunnerWorker.java:53)
	at org.testng.SuiteRunnerWorker.run(SuiteRunnerWorker.java:96)
	at org.testng.TestNG.runSuitesSequentially(TestNG.java:1187)
	at org.testng.TestNG.runSuitesLocally(TestNG.java:1109)
	at org.testng.TestNG.runSuites(TestNG.java:1039)
	at org.testng.TestNG.run(TestNG.java:1007)
	at org.apache.maven.surefire.testng.TestNGExecutor.run(TestNGExecutor.java:136)
	at org.apache.maven.surefire.testng.TestNGDirectoryTestSuite.executeMulti(TestNGDirectoryTestSuite.java:193)
	at org.apache.maven.surefire.testng.TestNGDirectoryTestSuite.execute(TestNGDirectoryTestSuite.java:94)
	at org.apache.maven.surefire.testng.TestNGProvider.invoke(TestNGProvider.java:145)
	at org.apache.maven.surefire.booter.ForkedBooter.runSuitesInProcess(ForkedBooter.java:428)
	at org.apache.maven.surefire.booter.ForkedBooter.execute(ForkedBooter.java:162)
	at org.apache.maven.surefire.booter.ForkedBooter.run(ForkedBooter.java:562)
	at org.apache.maven.surefire.booter.ForkedBooter.main(ForkedBooter.java:548)
Caused by: java.lang.ExceptionInInitializerError: Exception java.lang.RuntimeException: Could not acquire java.nio.Bits class: class java.lang.ClassNotFoundException [in thread "main"]
	at org.apache.datasketches.memory.NioBits.<clinit>(NioBits.java:88)
	at org.apache.datasketches.memory.AllocateDirect.<init>(AllocateDirect.java:51)
	at org.apache.datasketches.memory.BaseWritableMemoryImpl.wrapDirect(BaseWritableMemoryImpl.java:120)
	at org.apache.datasketches.memory.WritableMemory.allocateDirect(WritableMemory.java:160)
	at org.apache.datasketches.memory.WritableMemory.allocateDirect(WritableMemory.java:139)
	at org.apache.datasketches.theta.UnionImplTest.checkMoveAndResize(UnionImplTest.java:172)
	... 33 more

[ERROR] org.apache.datasketches.theta.DirectQuickSelectSketchTest.checkHeapifyByteArrayExact  Time elapsed: 0 s  <<< FAILURE!
java.lang.NoClassDefFoundError: Could not initialize class org.apache.datasketches.memory.NioBits
	at org.apache.datasketches.memory.AllocateDirect.<init>(AllocateDirect.java:51)
	at org.apache.datasketches.memory.BaseWritableMemoryImpl.wrapDirect(BaseWritableMemoryImpl.java:120)
	at org.apache.datasketches.memory.WritableMemory.allocateDirect(WritableMemory.java:160)
	at org.apache.datasketches.memory.WritableMemory.allocateDirect(WritableMemory.java:139)
	at org.apache.datasketches.theta.DirectQuickSelectSketchTest.makeNativeMemory(DirectQuickSelectSketchTest.java:883)
	at org.apache.datasketches.theta.DirectQuickSelectSketchTest.checkHeapifyByteArrayExact(DirectQuickSelectSketchTest.java:214)
	at java.base/jdk.internal.reflect.NativeMethodAccessorImpl.invoke0(Native Method)
	at java.base/jdk.internal.reflect.NativeMethodAccessorImpl.invoke(NativeMethodAccessorImpl.java:77)
	at java.base/jdk.internal.reflect.DelegatingMethodAccessorImpl.invoke(DelegatingMethodAccessorImpl.java:43)
	at java.base/java.lang.reflect.Method.invoke(Method.java:568)
	at org.testng.internal.MethodInvocationHelper.invokeMethod(MethodInvocationHelper.java:134)
	at org.testng.internal.TestInvoker.invokeMethod(TestInvoker.java:597)
	at org.testng.internal.TestInvoker.invokeTestMethod(TestInvoker.java:173)
	at org.testng.internal.MethodRunner.runInSequence(MethodRunner.java:46)
	at org.testng.internal.TestInvoker$MethodInvocationAgent.invoke(TestInvoker.java:816)
	at org.testng.internal.TestInvoker.invokeTestMethods(TestInvoker.java:146)
	at org.testng.internal.TestMethodWorker.invokeTestMethods(TestMethodWorker.java:146)
	at org.testng.internal.TestMethodWorker.run(TestMethodWorker.java:128)
	at java.base/java.util.ArrayList.forEach(ArrayList.java:1511)
	at org.testng.TestRunner.privateRun(TestRunner.java:766)
	at org.testng.TestRunner.run(TestRunner.java:587)
	at org.testng.SuiteRunner.runTest(SuiteRunner.java:384)
	at org.testng.SuiteRunner.runSequentially(SuiteRunner.java:378)
	at org.testng.SuiteRunner.privateRun(SuiteRunner.java:337)
	at org.testng.SuiteRunner.run(SuiteRunner.java:286)
	at org.testng.SuiteRunnerWorker.runSuite(SuiteRunnerWorker.java:53)
	at org.testng.SuiteRunnerWorker.run(SuiteRunnerWorker.java:96)
	at org.testng.TestNG.runSuitesSequentially(TestNG.java:1187)
	at org.testng.TestNG.runSuitesLocally(TestNG.java:1109)
	at org.testng.TestNG.runSuites(TestNG.java:1039)
	at org.testng.TestNG.run(TestNG.java:1007)
	at org.apache.maven.surefire.testng.TestNGExecutor.run(TestNGExecutor.java:136)
	at org.apache.maven.surefire.testng.TestNGDirectoryTestSuite.executeMulti(TestNGDirectoryTestSuite.java:193)
	at org.apache.maven.surefire.testng.TestNGDirectoryTestSuite.execute(TestNGDirectoryTestSuite.java:94)
	at org.apache.maven.surefire.testng.TestNGProvider.invoke(TestNGProvider.java:145)
	at org.apache.maven.surefire.booter.ForkedBooter.runSuitesInProcess(ForkedBooter.java:428)
	at org.apache.maven.surefire.booter.ForkedBooter.execute(ForkedBooter.java:162)
	at org.apache.maven.surefire.booter.ForkedBooter.run(ForkedBooter.java:562)
	at org.apache.maven.surefire.booter.ForkedBooter.main(ForkedBooter.java:548)
Caused by: java.lang.ExceptionInInitializerError: Exception java.lang.RuntimeException: Could not acquire java.nio.Bits class: class java.lang.ClassNotFoundException [in thread "main"]
	at org.apache.datasketches.memory.NioBits.<clinit>(NioBits.java:88)
	at org.apache.datasketches.memory.AllocateDirect.<init>(AllocateDirect.java:51)
	at org.apache.datasketches.memory.BaseWritableMemoryImpl.wrapDirect(BaseWritableMemoryImpl.java:120)
	at org.apache.datasketches.memory.WritableMemory.allocateDirect(WritableMemory.java:160)
	at org.apache.datasketches.memory.WritableMemory.allocateDirect(WritableMemory.java:139)
	at org.apache.datasketches.theta.UnionImplTest.checkMoveAndResize(UnionImplTest.java:172)
	... 33 more

[ERROR] org.apache.datasketches.theta.DirectQuickSelectSketchTest.checkHeapifyMemoryEstimating  Time elapsed: 0.001 s  <<< FAILURE!
java.lang.NoClassDefFoundError: Could not initialize class org.apache.datasketches.memory.NioBits
	at org.apache.datasketches.memory.AllocateDirect.<init>(AllocateDirect.java:51)
	at org.apache.datasketches.memory.BaseWritableMemoryImpl.wrapDirect(BaseWritableMemoryImpl.java:120)
	at org.apache.datasketches.memory.WritableMemory.allocateDirect(WritableMemory.java:160)
	at org.apache.datasketches.memory.WritableMemory.allocateDirect(WritableMemory.java:139)
	at org.apache.datasketches.theta.DirectQuickSelectSketchTest.makeNativeMemory(DirectQuickSelectSketchTest.java:883)
	at org.apache.datasketches.theta.DirectQuickSelectSketchTest.checkHeapifyMemoryEstimating(DirectQuickSelectSketchTest.java:120)
	at java.base/jdk.internal.reflect.NativeMethodAccessorImpl.invoke0(Native Method)
	at java.base/jdk.internal.reflect.NativeMethodAccessorImpl.invoke(NativeMethodAccessorImpl.java:77)
	at java.base/jdk.internal.reflect.DelegatingMethodAccessorImpl.invoke(DelegatingMethodAccessorImpl.java:43)
	at java.base/java.lang.reflect.Method.invoke(Method.java:568)
	at org.testng.internal.MethodInvocationHelper.invokeMethod(MethodInvocationHelper.java:134)
	at org.testng.internal.TestInvoker.invokeMethod(TestInvoker.java:597)
	at org.testng.internal.TestInvoker.invokeTestMethod(TestInvoker.java:173)
	at org.testng.internal.MethodRunner.runInSequence(MethodRunner.java:46)
	at org.testng.internal.TestInvoker$MethodInvocationAgent.invoke(TestInvoker.java:816)
	at org.testng.internal.TestInvoker.invokeTestMethods(TestInvoker.java:146)
	at org.testng.internal.TestMethodWorker.invokeTestMethods(TestMethodWorker.java:146)
	at org.testng.internal.TestMethodWorker.run(TestMethodWorker.java:128)
	at java.base/java.util.ArrayList.forEach(ArrayList.java:1511)
	at org.testng.TestRunner.privateRun(TestRunner.java:766)
	at org.testng.TestRunner.run(TestRunner.java:587)
	at org.testng.SuiteRunner.runTest(SuiteRunner.java:384)
	at org.testng.SuiteRunner.runSequentially(SuiteRunner.java:378)
	at org.testng.SuiteRunner.privateRun(SuiteRunner.java:337)
	at org.testng.SuiteRunner.run(SuiteRunner.java:286)
	at org.testng.SuiteRunnerWorker.runSuite(SuiteRunnerWorker.java:53)
	at org.testng.SuiteRunnerWorker.run(SuiteRunnerWorker.java:96)
	at org.testng.TestNG.runSuitesSequentially(TestNG.java:1187)
	at org.testng.TestNG.runSuitesLocally(TestNG.java:1109)
	at org.testng.TestNG.runSuites(TestNG.java:1039)
	at org.testng.TestNG.run(TestNG.java:1007)
	at org.apache.maven.surefire.testng.TestNGExecutor.run(TestNGExecutor.java:136)
	at org.apache.maven.surefire.testng.TestNGDirectoryTestSuite.executeMulti(TestNGDirectoryTestSuite.java:193)
	at org.apache.maven.surefire.testng.TestNGDirectoryTestSuite.execute(TestNGDirectoryTestSuite.java:94)
	at org.apache.maven.surefire.testng.TestNGProvider.invoke(TestNGProvider.java:145)
	at org.apache.maven.surefire.booter.ForkedBooter.runSuitesInProcess(ForkedBooter.java:428)
	at org.apache.maven.surefire.booter.ForkedBooter.execute(ForkedBooter.java:162)
	at org.apache.maven.surefire.booter.ForkedBooter.run(ForkedBooter.java:562)
	at org.apache.maven.surefire.booter.ForkedBooter.main(ForkedBooter.java:548)
Caused by: java.lang.ExceptionInInitializerError: Exception java.lang.RuntimeException: Could not acquire java.nio.Bits class: class java.lang.ClassNotFoundException [in thread "main"]
	at org.apache.datasketches.memory.NioBits.<clinit>(NioBits.java:88)
	at org.apache.datasketches.memory.AllocateDirect.<init>(AllocateDirect.java:51)
	at org.apache.datasketches.memory.BaseWritableMemoryImpl.wrapDirect(BaseWritableMemoryImpl.java:120)
	at org.apache.datasketches.memory.WritableMemory.allocateDirect(WritableMemory.java:160)
	at org.apache.datasketches.memory.WritableMemory.allocateDirect(WritableMemory.java:139)
	at org.apache.datasketches.theta.UnionImplTest.checkMoveAndResize(UnionImplTest.java:172)
	... 33 more

[ERROR] org.apache.datasketches.theta.DirectQuickSelectSketchTest.checkHeapifySeedConflict  Time elapsed: 0.001 s  <<< FAILURE!
org.testng.TestException: 

Expected exception of type class org.apache.datasketches.SketchesArgumentException but got java.lang.NoClassDefFoundError: Could not initialize class org.apache.datasketches.memory.NioBits
	at org.testng.internal.ExpectedExceptionsHolder.wrongException(ExpectedExceptionsHolder.java:68)
	at org.testng.internal.TestInvoker.considerExceptions(TestInvoker.java:731)
	at org.testng.internal.TestInvoker.invokeMethod(TestInvoker.java:629)
	at org.testng.internal.TestInvoker.invokeTestMethod(TestInvoker.java:173)
	at org.testng.internal.MethodRunner.runInSequence(MethodRunner.java:46)
	at org.testng.internal.TestInvoker$MethodInvocationAgent.invoke(TestInvoker.java:816)
	at org.testng.internal.TestInvoker.invokeTestMethods(TestInvoker.java:146)
	at org.testng.internal.TestMethodWorker.invokeTestMethods(TestMethodWorker.java:146)
	at org.testng.internal.TestMethodWorker.run(TestMethodWorker.java:128)
	at java.base/java.util.ArrayList.forEach(ArrayList.java:1511)
	at org.testng.TestRunner.privateRun(TestRunner.java:766)
	at org.testng.TestRunner.run(TestRunner.java:587)
	at org.testng.SuiteRunner.runTest(SuiteRunner.java:384)
	at org.testng.SuiteRunner.runSequentially(SuiteRunner.java:378)
	at org.testng.SuiteRunner.privateRun(SuiteRunner.java:337)
	at org.testng.SuiteRunner.run(SuiteRunner.java:286)
	at org.testng.SuiteRunnerWorker.runSuite(SuiteRunnerWorker.java:53)
	at org.testng.SuiteRunnerWorker.run(SuiteRunnerWorker.java:96)
	at org.testng.TestNG.runSuitesSequentially(TestNG.java:1187)
	at org.testng.TestNG.runSuitesLocally(TestNG.java:1109)
	at org.testng.TestNG.runSuites(TestNG.java:1039)
	at org.testng.TestNG.run(TestNG.java:1007)
	at org.apache.maven.surefire.testng.TestNGExecutor.run(TestNGExecutor.java:136)
	at org.apache.maven.surefire.testng.TestNGDirectoryTestSuite.executeMulti(TestNGDirectoryTestSuite.java:193)
	at org.apache.maven.surefire.testng.TestNGDirectoryTestSuite.execute(TestNGDirectoryTestSuite.java:94)
	at org.apache.maven.surefire.testng.TestNGProvider.invoke(TestNGProvider.java:145)
	at org.apache.maven.surefire.booter.ForkedBooter.runSuitesInProcess(ForkedBooter.java:428)
	at org.apache.maven.surefire.booter.ForkedBooter.execute(ForkedBooter.java:162)
	at org.apache.maven.surefire.booter.ForkedBooter.run(ForkedBooter.java:562)
	at org.apache.maven.surefire.booter.ForkedBooter.main(ForkedBooter.java:548)
Caused by: java.lang.NoClassDefFoundError: Could not initialize class org.apache.datasketches.memory.NioBits
	at org.apache.datasketches.memory.AllocateDirect.<init>(AllocateDirect.java:51)
	at org.apache.datasketches.memory.BaseWritableMemoryImpl.wrapDirect(BaseWritableMemoryImpl.java:120)
	at org.apache.datasketches.memory.WritableMemory.allocateDirect(WritableMemory.java:160)
	at org.apache.datasketches.memory.WritableMemory.allocateDirect(WritableMemory.java:139)
	at org.apache.datasketches.theta.DirectQuickSelectSketchTest.makeNativeMemory(DirectQuickSelectSketchTest.java:883)
	at org.apache.datasketches.theta.DirectQuickSelectSketchTest.checkHeapifySeedConflict(DirectQuickSelectSketchTest.java:190)
	at java.base/jdk.internal.reflect.NativeMethodAccessorImpl.invoke0(Native Method)
	at java.base/jdk.internal.reflect.NativeMethodAccessorImpl.invoke(NativeMethodAccessorImpl.java:77)
	at java.base/jdk.internal.reflect.DelegatingMethodAccessorImpl.invoke(DelegatingMethodAccessorImpl.java:43)
	at java.base/java.lang.reflect.Method.invoke(Method.java:568)
	at org.testng.internal.MethodInvocationHelper.invokeMethod(MethodInvocationHelper.java:134)
	at org.testng.internal.TestInvoker.invokeMethod(TestInvoker.java:597)
	... 27 more
Caused by: java.lang.ExceptionInInitializerError: Exception java.lang.RuntimeException: Could not acquire java.nio.Bits class: class java.lang.ClassNotFoundException [in thread "main"]
	at org.apache.datasketches.memory.NioBits.<clinit>(NioBits.java:88)
	at org.apache.datasketches.memory.AllocateDirect.<init>(AllocateDirect.java:51)
	at org.apache.datasketches.memory.BaseWritableMemoryImpl.wrapDirect(BaseWritableMemoryImpl.java:120)
	at org.apache.datasketches.memory.WritableMemory.allocateDirect(WritableMemory.java:160)
	at org.apache.datasketches.memory.WritableMemory.allocateDirect(WritableMemory.java:139)
	at org.apache.datasketches.theta.UnionImplTest.checkMoveAndResize(UnionImplTest.java:172)
	... 33 more

[ERROR] org.apache.datasketches.theta.DirectQuickSelectSketchTest.checkMoveAndResize  Time elapsed: 0 s  <<< FAILURE!
java.lang.NoClassDefFoundError: Could not initialize class org.apache.datasketches.memory.NioBits
	at org.apache.datasketches.memory.AllocateDirect.<init>(AllocateDirect.java:51)
	at org.apache.datasketches.memory.BaseWritableMemoryImpl.wrapDirect(BaseWritableMemoryImpl.java:120)
	at org.apache.datasketches.memory.WritableMemory.allocateDirect(WritableMemory.java:160)
	at org.apache.datasketches.memory.WritableMemory.allocateDirect(WritableMemory.java:139)
	at org.apache.datasketches.theta.DirectQuickSelectSketchTest.checkMoveAndResize(DirectQuickSelectSketchTest.java:825)
	at java.base/jdk.internal.reflect.NativeMethodAccessorImpl.invoke0(Native Method)
	at java.base/jdk.internal.reflect.NativeMethodAccessorImpl.invoke(NativeMethodAccessorImpl.java:77)
	at java.base/jdk.internal.reflect.DelegatingMethodAccessorImpl.invoke(DelegatingMethodAccessorImpl.java:43)
	at java.base/java.lang.reflect.Method.invoke(Method.java:568)
	at org.testng.internal.MethodInvocationHelper.invokeMethod(MethodInvocationHelper.java:134)
	at org.testng.internal.TestInvoker.invokeMethod(TestInvoker.java:597)
	at org.testng.internal.TestInvoker.invokeTestMethod(TestInvoker.java:173)
	at org.testng.internal.MethodRunner.runInSequence(MethodRunner.java:46)
	at org.testng.internal.TestInvoker$MethodInvocationAgent.invoke(TestInvoker.java:816)
	at org.testng.internal.TestInvoker.invokeTestMethods(TestInvoker.java:146)
	at org.testng.internal.TestMethodWorker.invokeTestMethods(TestMethodWorker.java:146)
	at org.testng.internal.TestMethodWorker.run(TestMethodWorker.java:128)
	at java.base/java.util.ArrayList.forEach(ArrayList.java:1511)
	at org.testng.TestRunner.privateRun(TestRunner.java:766)
	at org.testng.TestRunner.run(TestRunner.java:587)
	at org.testng.SuiteRunner.runTest(SuiteRunner.java:384)
	at org.testng.SuiteRunner.runSequentially(SuiteRunner.java:378)
	at org.testng.SuiteRunner.privateRun(SuiteRunner.java:337)
	at org.testng.SuiteRunner.run(SuiteRunner.java:286)
	at org.testng.SuiteRunnerWorker.runSuite(SuiteRunnerWorker.java:53)
	at org.testng.SuiteRunnerWorker.run(SuiteRunnerWorker.java:96)
	at org.testng.TestNG.runSuitesSequentially(TestNG.java:1187)
	at org.testng.TestNG.runSuitesLocally(TestNG.java:1109)
	at org.testng.TestNG.runSuites(TestNG.java:1039)
	at org.testng.TestNG.run(TestNG.java:1007)
	at org.apache.maven.surefire.testng.TestNGExecutor.run(TestNGExecutor.java:136)
	at org.apache.maven.surefire.testng.TestNGDirectoryTestSuite.executeMulti(TestNGDirectoryTestSuite.java:193)
	at org.apache.maven.surefire.testng.TestNGDirectoryTestSuite.execute(TestNGDirectoryTestSuite.java:94)
	at org.apache.maven.surefire.testng.TestNGProvider.invoke(TestNGProvider.java:145)
	at org.apache.maven.surefire.booter.ForkedBooter.runSuitesInProcess(ForkedBooter.java:428)
	at org.apache.maven.surefire.booter.ForkedBooter.execute(ForkedBooter.java:162)
	at org.apache.maven.surefire.booter.ForkedBooter.run(ForkedBooter.java:562)
	at org.apache.maven.surefire.booter.ForkedBooter.main(ForkedBooter.java:548)
Caused by: java.lang.ExceptionInInitializerError: Exception java.lang.RuntimeException: Could not acquire java.nio.Bits class: class java.lang.ClassNotFoundException [in thread "main"]
	at org.apache.datasketches.memory.NioBits.<clinit>(NioBits.java:88)
	at org.apache.datasketches.memory.AllocateDirect.<init>(AllocateDirect.java:51)
	at org.apache.datasketches.memory.BaseWritableMemoryImpl.wrapDirect(BaseWritableMemoryImpl.java:120)
	at org.apache.datasketches.memory.WritableMemory.allocateDirect(WritableMemory.java:160)
	at org.apache.datasketches.memory.WritableMemory.allocateDirect(WritableMemory.java:139)
	at org.apache.datasketches.theta.UnionImplTest.checkMoveAndResize(UnionImplTest.java:172)
	... 33 more

[ERROR] org.apache.datasketches.theta.DirectQuickSelectSketchTest.checkReadOnlyRebuildResize  Time elapsed: 0.001 s  <<< FAILURE!
java.lang.NoClassDefFoundError: Could not initialize class org.apache.datasketches.memory.NioBits
	at org.apache.datasketches.memory.AllocateDirect.<init>(AllocateDirect.java:51)
	at org.apache.datasketches.memory.BaseWritableMemoryImpl.wrapDirect(BaseWritableMemoryImpl.java:120)
	at org.apache.datasketches.memory.WritableMemory.allocateDirect(WritableMemory.java:160)
	at org.apache.datasketches.memory.WritableMemory.allocateDirect(WritableMemory.java:139)
	at org.apache.datasketches.theta.DirectQuickSelectSketchTest.checkReadOnlyRebuildResize(DirectQuickSelectSketchTest.java:839)
	at java.base/jdk.internal.reflect.NativeMethodAccessorImpl.invoke0(Native Method)
	at java.base/jdk.internal.reflect.NativeMethodAccessorImpl.invoke(NativeMethodAccessorImpl.java:77)
	at java.base/jdk.internal.reflect.DelegatingMethodAccessorImpl.invoke(DelegatingMethodAccessorImpl.java:43)
	at java.base/java.lang.reflect.Method.invoke(Method.java:568)
	at org.testng.internal.MethodInvocationHelper.invokeMethod(MethodInvocationHelper.java:134)
	at org.testng.internal.TestInvoker.invokeMethod(TestInvoker.java:597)
	at org.testng.internal.TestInvoker.invokeTestMethod(TestInvoker.java:173)
	at org.testng.internal.MethodRunner.runInSequence(MethodRunner.java:46)
	at org.testng.internal.TestInvoker$MethodInvocationAgent.invoke(TestInvoker.java:816)
	at org.testng.internal.TestInvoker.invokeTestMethods(TestInvoker.java:146)
	at org.testng.internal.TestMethodWorker.invokeTestMethods(TestMethodWorker.java:146)
	at org.testng.internal.TestMethodWorker.run(TestMethodWorker.java:128)
	at java.base/java.util.ArrayList.forEach(ArrayList.java:1511)
	at org.testng.TestRunner.privateRun(TestRunner.java:766)
	at org.testng.TestRunner.run(TestRunner.java:587)
	at org.testng.SuiteRunner.runTest(SuiteRunner.java:384)
	at org.testng.SuiteRunner.runSequentially(SuiteRunner.java:378)
	at org.testng.SuiteRunner.privateRun(SuiteRunner.java:337)
	at org.testng.SuiteRunner.run(SuiteRunner.java:286)
	at org.testng.SuiteRunnerWorker.runSuite(SuiteRunnerWorker.java:53)
	at org.testng.SuiteRunnerWorker.run(SuiteRunnerWorker.java:96)
	at org.testng.TestNG.runSuitesSequentially(TestNG.java:1187)
	at org.testng.TestNG.runSuitesLocally(TestNG.java:1109)
	at org.testng.TestNG.runSuites(TestNG.java:1039)
	at org.testng.TestNG.run(TestNG.java:1007)
	at org.apache.maven.surefire.testng.TestNGExecutor.run(TestNGExecutor.java:136)
	at org.apache.maven.surefire.testng.TestNGDirectoryTestSuite.executeMulti(TestNGDirectoryTestSuite.java:193)
	at org.apache.maven.surefire.testng.TestNGDirectoryTestSuite.execute(TestNGDirectoryTestSuite.java:94)
	at org.apache.maven.surefire.testng.TestNGProvider.invoke(TestNGProvider.java:145)
	at org.apache.maven.surefire.booter.ForkedBooter.runSuitesInProcess(ForkedBooter.java:428)
	at org.apache.maven.surefire.booter.ForkedBooter.execute(ForkedBooter.java:162)
	at org.apache.maven.surefire.booter.ForkedBooter.run(ForkedBooter.java:562)
	at org.apache.maven.surefire.booter.ForkedBooter.main(ForkedBooter.java:548)
Caused by: java.lang.ExceptionInInitializerError: Exception java.lang.RuntimeException: Could not acquire java.nio.Bits class: class java.lang.ClassNotFoundException [in thread "main"]
	at org.apache.datasketches.memory.NioBits.<clinit>(NioBits.java:88)
	at org.apache.datasketches.memory.AllocateDirect.<init>(AllocateDirect.java:51)
	at org.apache.datasketches.memory.BaseWritableMemoryImpl.wrapDirect(BaseWritableMemoryImpl.java:120)
	at org.apache.datasketches.memory.WritableMemory.allocateDirect(WritableMemory.java:160)
	at org.apache.datasketches.memory.WritableMemory.allocateDirect(WritableMemory.java:139)
	at org.apache.datasketches.theta.UnionImplTest.checkMoveAndResize(UnionImplTest.java:172)
	... 33 more

[ERROR] org.apache.datasketches.theta.DirectQuickSelectSketchTest.checkRebuild  Time elapsed: 0 s  <<< FAILURE!
java.lang.NoClassDefFoundError: Could not initialize class org.apache.datasketches.memory.NioBits
	at org.apache.datasketches.memory.AllocateDirect.<init>(AllocateDirect.java:51)
	at org.apache.datasketches.memory.BaseWritableMemoryImpl.wrapDirect(BaseWritableMemoryImpl.java:120)
	at org.apache.datasketches.memory.WritableMemory.allocateDirect(WritableMemory.java:160)
	at org.apache.datasketches.memory.WritableMemory.allocateDirect(WritableMemory.java:139)
	at org.apache.datasketches.theta.DirectQuickSelectSketchTest.makeNativeMemory(DirectQuickSelectSketchTest.java:883)
	at org.apache.datasketches.theta.DirectQuickSelectSketchTest.checkRebuild(DirectQuickSelectSketchTest.java:544)
	at java.base/jdk.internal.reflect.NativeMethodAccessorImpl.invoke0(Native Method)
	at java.base/jdk.internal.reflect.NativeMethodAccessorImpl.invoke(NativeMethodAccessorImpl.java:77)
	at java.base/jdk.internal.reflect.DelegatingMethodAccessorImpl.invoke(DelegatingMethodAccessorImpl.java:43)
	at java.base/java.lang.reflect.Method.invoke(Method.java:568)
	at org.testng.internal.MethodInvocationHelper.invokeMethod(MethodInvocationHelper.java:134)
	at org.testng.internal.TestInvoker.invokeMethod(TestInvoker.java:597)
	at org.testng.internal.TestInvoker.invokeTestMethod(TestInvoker.java:173)
	at org.testng.internal.MethodRunner.runInSequence(MethodRunner.java:46)
	at org.testng.internal.TestInvoker$MethodInvocationAgent.invoke(TestInvoker.java:816)
	at org.testng.internal.TestInvoker.invokeTestMethods(TestInvoker.java:146)
	at org.testng.internal.TestMethodWorker.invokeTestMethods(TestMethodWorker.java:146)
	at org.testng.internal.TestMethodWorker.run(TestMethodWorker.java:128)
	at java.base/java.util.ArrayList.forEach(ArrayList.java:1511)
	at org.testng.TestRunner.privateRun(TestRunner.java:766)
	at org.testng.TestRunner.run(TestRunner.java:587)
	at org.testng.SuiteRunner.runTest(SuiteRunner.java:384)
	at org.testng.SuiteRunner.runSequentially(SuiteRunner.java:378)
	at org.testng.SuiteRunner.privateRun(SuiteRunner.java:337)
	at org.testng.SuiteRunner.run(SuiteRunner.java:286)
	at org.testng.SuiteRunnerWorker.runSuite(SuiteRunnerWorker.java:53)
	at org.testng.SuiteRunnerWorker.run(SuiteRunnerWorker.java:96)
	at org.testng.TestNG.runSuitesSequentially(TestNG.java:1187)
	at org.testng.TestNG.runSuitesLocally(TestNG.java:1109)
	at org.testng.TestNG.runSuites(TestNG.java:1039)
	at org.testng.TestNG.run(TestNG.java:1007)
	at org.apache.maven.surefire.testng.TestNGExecutor.run(TestNGExecutor.java:136)
	at org.apache.maven.surefire.testng.TestNGDirectoryTestSuite.executeMulti(TestNGDirectoryTestSuite.java:193)
	at org.apache.maven.surefire.testng.TestNGDirectoryTestSuite.execute(TestNGDirectoryTestSuite.java:94)
	at org.apache.maven.surefire.testng.TestNGProvider.invoke(TestNGProvider.java:145)
	at org.apache.maven.surefire.booter.ForkedBooter.runSuitesInProcess(ForkedBooter.java:428)
	at org.apache.maven.surefire.booter.ForkedBooter.execute(ForkedBooter.java:162)
	at org.apache.maven.surefire.booter.ForkedBooter.run(ForkedBooter.java:562)
	at org.apache.maven.surefire.booter.ForkedBooter.main(ForkedBooter.java:548)
Caused by: java.lang.ExceptionInInitializerError: Exception java.lang.RuntimeException: Could not acquire java.nio.Bits class: class java.lang.ClassNotFoundException [in thread "main"]
	at org.apache.datasketches.memory.NioBits.<clinit>(NioBits.java:88)
	at org.apache.datasketches.memory.AllocateDirect.<init>(AllocateDirect.java:51)
	at org.apache.datasketches.memory.BaseWritableMemoryImpl.wrapDirect(BaseWritableMemoryImpl.java:120)
	at org.apache.datasketches.memory.WritableMemory.allocateDirect(WritableMemory.java:160)
	at org.apache.datasketches.memory.WritableMemory.allocateDirect(WritableMemory.java:139)
	at org.apache.datasketches.theta.UnionImplTest.checkMoveAndResize(UnionImplTest.java:172)
	... 33 more

[ERROR] org.apache.datasketches.theta.DirectQuickSelectSketchTest.checkResetAndStartingSubMultiple  Time elapsed: 0.001 s  <<< FAILURE!
java.lang.NoClassDefFoundError: Could not initialize class org.apache.datasketches.memory.NioBits
	at org.apache.datasketches.memory.AllocateDirect.<init>(AllocateDirect.java:51)
	at org.apache.datasketches.memory.BaseWritableMemoryImpl.wrapDirect(BaseWritableMemoryImpl.java:120)
	at org.apache.datasketches.memory.WritableMemory.allocateDirect(WritableMemory.java:160)
	at org.apache.datasketches.memory.WritableMemory.allocateDirect(WritableMemory.java:139)
	at org.apache.datasketches.theta.DirectQuickSelectSketchTest.makeNativeMemory(DirectQuickSelectSketchTest.java:883)
	at org.apache.datasketches.theta.DirectQuickSelectSketchTest.checkResetAndStartingSubMultiple(DirectQuickSelectSketchTest.java:571)
	at java.base/jdk.internal.reflect.NativeMethodAccessorImpl.invoke0(Native Method)
	at java.base/jdk.internal.reflect.NativeMethodAccessorImpl.invoke(NativeMethodAccessorImpl.java:77)
	at java.base/jdk.internal.reflect.DelegatingMethodAccessorImpl.invoke(DelegatingMethodAccessorImpl.java:43)
	at java.base/java.lang.reflect.Method.invoke(Method.java:568)
	at org.testng.internal.MethodInvocationHelper.invokeMethod(MethodInvocationHelper.java:134)
	at org.testng.internal.TestInvoker.invokeMethod(TestInvoker.java:597)
	at org.testng.internal.TestInvoker.invokeTestMethod(TestInvoker.java:173)
	at org.testng.internal.MethodRunner.runInSequence(MethodRunner.java:46)
	at org.testng.internal.TestInvoker$MethodInvocationAgent.invoke(TestInvoker.java:816)
	at org.testng.internal.TestInvoker.invokeTestMethods(TestInvoker.java:146)
	at org.testng.internal.TestMethodWorker.invokeTestMethods(TestMethodWorker.java:146)
	at org.testng.internal.TestMethodWorker.run(TestMethodWorker.java:128)
	at java.base/java.util.ArrayList.forEach(ArrayList.java:1511)
	at org.testng.TestRunner.privateRun(TestRunner.java:766)
	at org.testng.TestRunner.run(TestRunner.java:587)
	at org.testng.SuiteRunner.runTest(SuiteRunner.java:384)
	at org.testng.SuiteRunner.runSequentially(SuiteRunner.java:378)
	at org.testng.SuiteRunner.privateRun(SuiteRunner.java:337)
	at org.testng.SuiteRunner.run(SuiteRunner.java:286)
	at org.testng.SuiteRunnerWorker.runSuite(SuiteRunnerWorker.java:53)
	at org.testng.SuiteRunnerWorker.run(SuiteRunnerWorker.java:96)
	at org.testng.TestNG.runSuitesSequentially(TestNG.java:1187)
	at org.testng.TestNG.runSuitesLocally(TestNG.java:1109)
	at org.testng.TestNG.runSuites(TestNG.java:1039)
	at org.testng.TestNG.run(TestNG.java:1007)
	at org.apache.maven.surefire.testng.TestNGExecutor.run(TestNGExecutor.java:136)
	at org.apache.maven.surefire.testng.TestNGDirectoryTestSuite.executeMulti(TestNGDirectoryTestSuite.java:193)
	at org.apache.maven.surefire.testng.TestNGDirectoryTestSuite.execute(TestNGDirectoryTestSuite.java:94)
	at org.apache.maven.surefire.testng.TestNGProvider.invoke(TestNGProvider.java:145)
	at org.apache.maven.surefire.booter.ForkedBooter.runSuitesInProcess(ForkedBooter.java:428)
	at org.apache.maven.surefire.booter.ForkedBooter.execute(ForkedBooter.java:162)
	at org.apache.maven.surefire.booter.ForkedBooter.run(ForkedBooter.java:562)
	at org.apache.maven.surefire.booter.ForkedBooter.main(ForkedBooter.java:548)
Caused by: java.lang.ExceptionInInitializerError: Exception java.lang.RuntimeException: Could not acquire java.nio.Bits class: class java.lang.ClassNotFoundException [in thread "main"]
	at org.apache.datasketches.memory.NioBits.<clinit>(NioBits.java:88)
	at org.apache.datasketches.memory.AllocateDirect.<init>(AllocateDirect.java:51)
	at org.apache.datasketches.memory.BaseWritableMemoryImpl.wrapDirect(BaseWritableMemoryImpl.java:120)
	at org.apache.datasketches.memory.WritableMemory.allocateDirect(WritableMemory.java:160)
	at org.apache.datasketches.memory.WritableMemory.allocateDirect(WritableMemory.java:139)
	at org.apache.datasketches.theta.UnionImplTest.checkMoveAndResize(UnionImplTest.java:172)
	... 33 more

[ERROR] org.apache.datasketches.theta.DirectQuickSelectSketchTest.checkSamplingMode  Time elapsed: 0.001 s  <<< FAILURE!
java.lang.NoClassDefFoundError: Could not initialize class org.apache.datasketches.memory.NioBits
	at org.apache.datasketches.memory.AllocateDirect.<init>(AllocateDirect.java:51)
	at org.apache.datasketches.memory.BaseWritableMemoryImpl.wrapDirect(BaseWritableMemoryImpl.java:120)
	at org.apache.datasketches.memory.WritableMemory.allocateDirect(WritableMemory.java:160)
	at org.apache.datasketches.memory.WritableMemory.allocateDirect(WritableMemory.java:139)
	at org.apache.datasketches.theta.DirectQuickSelectSketchTest.makeNativeMemory(DirectQuickSelectSketchTest.java:883)
	at org.apache.datasketches.theta.DirectQuickSelectSketchTest.checkSamplingMode(DirectQuickSelectSketchTest.java:429)
	at java.base/jdk.internal.reflect.NativeMethodAccessorImpl.invoke0(Native Method)
	at java.base/jdk.internal.reflect.NativeMethodAccessorImpl.invoke(NativeMethodAccessorImpl.java:77)
	at java.base/jdk.internal.reflect.DelegatingMethodAccessorImpl.invoke(DelegatingMethodAccessorImpl.java:43)
	at java.base/java.lang.reflect.Method.invoke(Method.java:568)
	at org.testng.internal.MethodInvocationHelper.invokeMethod(MethodInvocationHelper.java:134)
	at org.testng.internal.TestInvoker.invokeMethod(TestInvoker.java:597)
	at org.testng.internal.TestInvoker.invokeTestMethod(TestInvoker.java:173)
	at org.testng.internal.MethodRunner.runInSequence(MethodRunner.java:46)
	at org.testng.internal.TestInvoker$MethodInvocationAgent.invoke(TestInvoker.java:816)
	at org.testng.internal.TestInvoker.invokeTestMethods(TestInvoker.java:146)
	at org.testng.internal.TestMethodWorker.invokeTestMethods(TestMethodWorker.java:146)
	at org.testng.internal.TestMethodWorker.run(TestMethodWorker.java:128)
	at java.base/java.util.ArrayList.forEach(ArrayList.java:1511)
	at org.testng.TestRunner.privateRun(TestRunner.java:766)
	at org.testng.TestRunner.run(TestRunner.java:587)
	at org.testng.SuiteRunner.runTest(SuiteRunner.java:384)
	at org.testng.SuiteRunner.runSequentially(SuiteRunner.java:378)
	at org.testng.SuiteRunner.privateRun(SuiteRunner.java:337)
	at org.testng.SuiteRunner.run(SuiteRunner.java:286)
	at org.testng.SuiteRunnerWorker.runSuite(SuiteRunnerWorker.java:53)
	at org.testng.SuiteRunnerWorker.run(SuiteRunnerWorker.java:96)
	at org.testng.TestNG.runSuitesSequentially(TestNG.java:1187)
	at org.testng.TestNG.runSuitesLocally(TestNG.java:1109)
	at org.testng.TestNG.runSuites(TestNG.java:1039)
	at org.testng.TestNG.run(TestNG.java:1007)
	at org.apache.maven.surefire.testng.TestNGExecutor.run(TestNGExecutor.java:136)
	at org.apache.maven.surefire.testng.TestNGDirectoryTestSuite.executeMulti(TestNGDirectoryTestSuite.java:193)
	at org.apache.maven.surefire.testng.TestNGDirectoryTestSuite.execute(TestNGDirectoryTestSuite.java:94)
	at org.apache.maven.surefire.testng.TestNGProvider.invoke(TestNGProvider.java:145)
	at org.apache.maven.surefire.booter.ForkedBooter.runSuitesInProcess(ForkedBooter.java:428)
	at org.apache.maven.surefire.booter.ForkedBooter.execute(ForkedBooter.java:162)
	at org.apache.maven.surefire.booter.ForkedBooter.run(ForkedBooter.java:562)
	at org.apache.maven.surefire.booter.ForkedBooter.main(ForkedBooter.java:548)
Caused by: java.lang.ExceptionInInitializerError: Exception java.lang.RuntimeException: Could not acquire java.nio.Bits class: class java.lang.ClassNotFoundException [in thread "main"]
	at org.apache.datasketches.memory.NioBits.<clinit>(NioBits.java:88)
	at org.apache.datasketches.memory.AllocateDirect.<init>(AllocateDirect.java:51)
	at org.apache.datasketches.memory.BaseWritableMemoryImpl.wrapDirect(BaseWritableMemoryImpl.java:120)
	at org.apache.datasketches.memory.WritableMemory.allocateDirect(WritableMemory.java:160)
	at org.apache.datasketches.memory.WritableMemory.allocateDirect(WritableMemory.java:139)
	at org.apache.datasketches.theta.UnionImplTest.checkMoveAndResize(UnionImplTest.java:172)
	... 33 more

[ERROR] org.apache.datasketches.theta.DirectQuickSelectSketchTest.checkUpperAndLowerBounds  Time elapsed: 0.001 s  <<< FAILURE!
java.lang.NoClassDefFoundError: Could not initialize class org.apache.datasketches.memory.NioBits
	at org.apache.datasketches.memory.AllocateDirect.<init>(AllocateDirect.java:51)
	at org.apache.datasketches.memory.BaseWritableMemoryImpl.wrapDirect(BaseWritableMemoryImpl.java:120)
	at org.apache.datasketches.memory.WritableMemory.allocateDirect(WritableMemory.java:160)
	at org.apache.datasketches.memory.WritableMemory.allocateDirect(WritableMemory.java:139)
	at org.apache.datasketches.theta.DirectQuickSelectSketchTest.makeNativeMemory(DirectQuickSelectSketchTest.java:883)
	at org.apache.datasketches.theta.DirectQuickSelectSketchTest.checkUpperAndLowerBounds(DirectQuickSelectSketchTest.java:525)
	at java.base/jdk.internal.reflect.NativeMethodAccessorImpl.invoke0(Native Method)
	at java.base/jdk.internal.reflect.NativeMethodAccessorImpl.invoke(NativeMethodAccessorImpl.java:77)
	at java.base/jdk.internal.reflect.DelegatingMethodAccessorImpl.invoke(DelegatingMethodAccessorImpl.java:43)
	at java.base/java.lang.reflect.Method.invoke(Method.java:568)
	at org.testng.internal.MethodInvocationHelper.invokeMethod(MethodInvocationHelper.java:134)
	at org.testng.internal.TestInvoker.invokeMethod(TestInvoker.java:597)
	at org.testng.internal.TestInvoker.invokeTestMethod(TestInvoker.java:173)
	at org.testng.internal.MethodRunner.runInSequence(MethodRunner.java:46)
	at org.testng.internal.TestInvoker$MethodInvocationAgent.invoke(TestInvoker.java:816)
	at org.testng.internal.TestInvoker.invokeTestMethods(TestInvoker.java:146)
	at org.testng.internal.TestMethodWorker.invokeTestMethods(TestMethodWorker.java:146)
	at org.testng.internal.TestMethodWorker.run(TestMethodWorker.java:128)
	at java.base/java.util.ArrayList.forEach(ArrayList.java:1511)
	at org.testng.TestRunner.privateRun(TestRunner.java:766)
	at org.testng.TestRunner.run(TestRunner.java:587)
	at org.testng.SuiteRunner.runTest(SuiteRunner.java:384)
	at org.testng.SuiteRunner.runSequentially(SuiteRunner.java:378)
	at org.testng.SuiteRunner.privateRun(SuiteRunner.java:337)
	at org.testng.SuiteRunner.run(SuiteRunner.java:286)
	at org.testng.SuiteRunnerWorker.runSuite(SuiteRunnerWorker.java:53)
	at org.testng.SuiteRunnerWorker.run(SuiteRunnerWorker.java:96)
	at org.testng.TestNG.runSuitesSequentially(TestNG.java:1187)
	at org.testng.TestNG.runSuitesLocally(TestNG.java:1109)
	at org.testng.TestNG.runSuites(TestNG.java:1039)
	at org.testng.TestNG.run(TestNG.java:1007)
	at org.apache.maven.surefire.testng.TestNGExecutor.run(TestNGExecutor.java:136)
	at org.apache.maven.surefire.testng.TestNGDirectoryTestSuite.executeMulti(TestNGDirectoryTestSuite.java:193)
	at org.apache.maven.surefire.testng.TestNGDirectoryTestSuite.execute(TestNGDirectoryTestSuite.java:94)
	at org.apache.maven.surefire.testng.TestNGProvider.invoke(TestNGProvider.java:145)
	at org.apache.maven.surefire.booter.ForkedBooter.runSuitesInProcess(ForkedBooter.java:428)
	at org.apache.maven.surefire.booter.ForkedBooter.execute(ForkedBooter.java:162)
	at org.apache.maven.surefire.booter.ForkedBooter.run(ForkedBooter.java:562)
	at org.apache.maven.surefire.booter.ForkedBooter.main(ForkedBooter.java:548)
Caused by: java.lang.ExceptionInInitializerError: Exception java.lang.RuntimeException: Could not acquire java.nio.Bits class: class java.lang.ClassNotFoundException [in thread "main"]
	at org.apache.datasketches.memory.NioBits.<clinit>(NioBits.java:88)
	at org.apache.datasketches.memory.AllocateDirect.<init>(AllocateDirect.java:51)
	at org.apache.datasketches.memory.BaseWritableMemoryImpl.wrapDirect(BaseWritableMemoryImpl.java:120)
	at org.apache.datasketches.memory.WritableMemory.allocateDirect(WritableMemory.java:160)
	at org.apache.datasketches.memory.WritableMemory.allocateDirect(WritableMemory.java:139)
	at org.apache.datasketches.theta.UnionImplTest.checkMoveAndResize(UnionImplTest.java:172)
	... 33 more

[ERROR] org.apache.datasketches.theta.DirectQuickSelectSketchTest.checkWrapMemoryEst  Time elapsed: 0.001 s  <<< FAILURE!
java.lang.NoClassDefFoundError: Could not initialize class org.apache.datasketches.memory.NioBits
	at org.apache.datasketches.memory.AllocateDirect.<init>(AllocateDirect.java:51)
	at org.apache.datasketches.memory.BaseWritableMemoryImpl.wrapDirect(BaseWritableMemoryImpl.java:120)
	at org.apache.datasketches.memory.WritableMemory.allocateDirect(WritableMemory.java:160)
	at org.apache.datasketches.memory.WritableMemory.allocateDirect(WritableMemory.java:139)
	at org.apache.datasketches.theta.DirectQuickSelectSketchTest.makeNativeMemory(DirectQuickSelectSketchTest.java:883)
	at org.apache.datasketches.theta.DirectQuickSelectSketchTest.checkWrapMemoryEst(DirectQuickSelectSketchTest.java:274)
	at java.base/jdk.internal.reflect.NativeMethodAccessorImpl.invoke0(Native Method)
	at java.base/jdk.internal.reflect.NativeMethodAccessorImpl.invoke(NativeMethodAccessorImpl.java:77)
	at java.base/jdk.internal.reflect.DelegatingMethodAccessorImpl.invoke(DelegatingMethodAccessorImpl.java:43)
	at java.base/java.lang.reflect.Method.invoke(Method.java:568)
	at org.testng.internal.MethodInvocationHelper.invokeMethod(MethodInvocationHelper.java:134)
	at org.testng.internal.TestInvoker.invokeMethod(TestInvoker.java:597)
	at org.testng.internal.TestInvoker.invokeTestMethod(TestInvoker.java:173)
	at org.testng.internal.MethodRunner.runInSequence(MethodRunner.java:46)
	at org.testng.internal.TestInvoker$MethodInvocationAgent.invoke(TestInvoker.java:816)
	at org.testng.internal.TestInvoker.invokeTestMethods(TestInvoker.java:146)
	at org.testng.internal.TestMethodWorker.invokeTestMethods(TestMethodWorker.java:146)
	at org.testng.internal.TestMethodWorker.run(TestMethodWorker.java:128)
	at java.base/java.util.ArrayList.forEach(ArrayList.java:1511)
	at org.testng.TestRunner.privateRun(TestRunner.java:766)
	at org.testng.TestRunner.run(TestRunner.java:587)
	at org.testng.SuiteRunner.runTest(SuiteRunner.java:384)
	at org.testng.SuiteRunner.runSequentially(SuiteRunner.java:378)
	at org.testng.SuiteRunner.privateRun(SuiteRunner.java:337)
	at org.testng.SuiteRunner.run(SuiteRunner.java:286)
	at org.testng.SuiteRunnerWorker.runSuite(SuiteRunnerWorker.java:53)
	at org.testng.SuiteRunnerWorker.run(SuiteRunnerWorker.java:96)
	at org.testng.TestNG.runSuitesSequentially(TestNG.java:1187)
	at org.testng.TestNG.runSuitesLocally(TestNG.java:1109)
	at org.testng.TestNG.runSuites(TestNG.java:1039)
	at org.testng.TestNG.run(TestNG.java:1007)
	at org.apache.maven.surefire.testng.TestNGExecutor.run(TestNGExecutor.java:136)
	at org.apache.maven.surefire.testng.TestNGDirectoryTestSuite.executeMulti(TestNGDirectoryTestSuite.java:193)
	at org.apache.maven.surefire.testng.TestNGDirectoryTestSuite.execute(TestNGDirectoryTestSuite.java:94)
	at org.apache.maven.surefire.testng.TestNGProvider.invoke(TestNGProvider.java:145)
	at org.apache.maven.surefire.booter.ForkedBooter.runSuitesInProcess(ForkedBooter.java:428)
	at org.apache.maven.surefire.booter.ForkedBooter.execute(ForkedBooter.java:162)
	at org.apache.maven.surefire.booter.ForkedBooter.run(ForkedBooter.java:562)
	at org.apache.maven.surefire.booter.ForkedBooter.main(ForkedBooter.java:548)
Caused by: java.lang.ExceptionInInitializerError: Exception java.lang.RuntimeException: Could not acquire java.nio.Bits class: class java.lang.ClassNotFoundException [in thread "main"]
	at org.apache.datasketches.memory.NioBits.<clinit>(NioBits.java:88)
	at org.apache.datasketches.memory.AllocateDirect.<init>(AllocateDirect.java:51)
	at org.apache.datasketches.memory.BaseWritableMemoryImpl.wrapDirect(BaseWritableMemoryImpl.java:120)
	at org.apache.datasketches.memory.WritableMemory.allocateDirect(WritableMemory.java:160)
	at org.apache.datasketches.memory.WritableMemory.allocateDirect(WritableMemory.java:139)
	at org.apache.datasketches.theta.UnionImplTest.checkMoveAndResize(UnionImplTest.java:172)
	... 33 more

[ERROR] org.apache.datasketches.hll.DirectAuxHashMapTest.checkGrow  Time elapsed: 0 s  <<< FAILURE!
java.lang.NoClassDefFoundError: Could not initialize class org.apache.datasketches.memory.NioBits
	at org.apache.datasketches.memory.AllocateDirect.<init>(AllocateDirect.java:51)
	at org.apache.datasketches.memory.BaseWritableMemoryImpl.wrapDirect(BaseWritableMemoryImpl.java:120)
	at org.apache.datasketches.memory.WritableMemory.allocateDirect(WritableMemory.java:160)
	at org.apache.datasketches.memory.WritableMemory.allocateDirect(WritableMemory.java:139)
	at org.apache.datasketches.hll.DirectAuxHashMapTest.checkGrow(DirectAuxHashMapTest.java:52)
	at java.base/jdk.internal.reflect.NativeMethodAccessorImpl.invoke0(Native Method)
	at java.base/jdk.internal.reflect.NativeMethodAccessorImpl.invoke(NativeMethodAccessorImpl.java:77)
	at java.base/jdk.internal.reflect.DelegatingMethodAccessorImpl.invoke(DelegatingMethodAccessorImpl.java:43)
	at java.base/java.lang.reflect.Method.invoke(Method.java:568)
	at org.testng.internal.MethodInvocationHelper.invokeMethod(MethodInvocationHelper.java:134)
	at org.testng.internal.TestInvoker.invokeMethod(TestInvoker.java:597)
	at org.testng.internal.TestInvoker.invokeTestMethod(TestInvoker.java:173)
	at org.testng.internal.MethodRunner.runInSequence(MethodRunner.java:46)
	at org.testng.internal.TestInvoker$MethodInvocationAgent.invoke(TestInvoker.java:816)
	at org.testng.internal.TestInvoker.invokeTestMethods(TestInvoker.java:146)
	at org.testng.internal.TestMethodWorker.invokeTestMethods(TestMethodWorker.java:146)
	at org.testng.internal.TestMethodWorker.run(TestMethodWorker.java:128)
	at java.base/java.util.ArrayList.forEach(ArrayList.java:1511)
	at org.testng.TestRunner.privateRun(TestRunner.java:766)
	at org.testng.TestRunner.run(TestRunner.java:587)
	at org.testng.SuiteRunner.runTest(SuiteRunner.java:384)
	at org.testng.SuiteRunner.runSequentially(SuiteRunner.java:378)
	at org.testng.SuiteRunner.privateRun(SuiteRunner.java:337)
	at org.testng.SuiteRunner.run(SuiteRunner.java:286)
	at org.testng.SuiteRunnerWorker.runSuite(SuiteRunnerWorker.java:53)
	at org.testng.SuiteRunnerWorker.run(SuiteRunnerWorker.java:96)
	at org.testng.TestNG.runSuitesSequentially(TestNG.java:1187)
	at org.testng.TestNG.runSuitesLocally(TestNG.java:1109)
	at org.testng.TestNG.runSuites(TestNG.java:1039)
	at org.testng.TestNG.run(TestNG.java:1007)
	at org.apache.maven.surefire.testng.TestNGExecutor.run(TestNGExecutor.java:136)
	at org.apache.maven.surefire.testng.TestNGDirectoryTestSuite.executeMulti(TestNGDirectoryTestSuite.java:193)
	at org.apache.maven.surefire.testng.TestNGDirectoryTestSuite.execute(TestNGDirectoryTestSuite.java:94)
	at org.apache.maven.surefire.testng.TestNGProvider.invoke(TestNGProvider.java:145)
	at org.apache.maven.surefire.booter.ForkedBooter.runSuitesInProcess(ForkedBooter.java:428)
	at org.apache.maven.surefire.booter.ForkedBooter.execute(ForkedBooter.java:162)
	at org.apache.maven.surefire.booter.ForkedBooter.run(ForkedBooter.java:562)
	at org.apache.maven.surefire.booter.ForkedBooter.main(ForkedBooter.java:548)
Caused by: java.lang.ExceptionInInitializerError: Exception java.lang.RuntimeException: Could not acquire java.nio.Bits class: class java.lang.ClassNotFoundException [in thread "main"]
	at org.apache.datasketches.memory.NioBits.<clinit>(NioBits.java:88)
	at org.apache.datasketches.memory.AllocateDirect.<init>(AllocateDirect.java:51)
	at org.apache.datasketches.memory.BaseWritableMemoryImpl.wrapDirect(BaseWritableMemoryImpl.java:120)
	at org.apache.datasketches.memory.WritableMemory.allocateDirect(WritableMemory.java:160)
	at org.apache.datasketches.memory.WritableMemory.allocateDirect(WritableMemory.java:139)
	at org.apache.datasketches.theta.UnionImplTest.checkMoveAndResize(UnionImplTest.java:172)
	... 33 more

[ERROR] org.apache.datasketches.hll.DirectCouponListTest.promotionTests  Time elapsed: 0 s  <<< FAILURE!
java.lang.NoClassDefFoundError: Could not initialize class org.apache.datasketches.memory.NioBits
	at org.apache.datasketches.memory.AllocateDirect.<init>(AllocateDirect.java:51)
	at org.apache.datasketches.memory.BaseWritableMemoryImpl.wrapDirect(BaseWritableMemoryImpl.java:120)
	at org.apache.datasketches.memory.WritableMemory.allocateDirect(WritableMemory.java:160)
	at org.apache.datasketches.memory.WritableMemory.allocateDirect(WritableMemory.java:139)
	at org.apache.datasketches.hll.DirectCouponListTest.promotions(DirectCouponListTest.java:74)
	at org.apache.datasketches.hll.DirectCouponListTest.promotionTests(DirectCouponListTest.java:43)
	at java.base/jdk.internal.reflect.NativeMethodAccessorImpl.invoke0(Native Method)
	at java.base/jdk.internal.reflect.NativeMethodAccessorImpl.invoke(NativeMethodAccessorImpl.java:77)
	at java.base/jdk.internal.reflect.DelegatingMethodAccessorImpl.invoke(DelegatingMethodAccessorImpl.java:43)
	at java.base/java.lang.reflect.Method.invoke(Method.java:568)
	at org.testng.internal.MethodInvocationHelper.invokeMethod(MethodInvocationHelper.java:134)
	at org.testng.internal.TestInvoker.invokeMethod(TestInvoker.java:597)
	at org.testng.internal.TestInvoker.invokeTestMethod(TestInvoker.java:173)
	at org.testng.internal.MethodRunner.runInSequence(MethodRunner.java:46)
	at org.testng.internal.TestInvoker$MethodInvocationAgent.invoke(TestInvoker.java:816)
	at org.testng.internal.TestInvoker.invokeTestMethods(TestInvoker.java:146)
	at org.testng.internal.TestMethodWorker.invokeTestMethods(TestMethodWorker.java:146)
	at org.testng.internal.TestMethodWorker.run(TestMethodWorker.java:128)
	at java.base/java.util.ArrayList.forEach(ArrayList.java:1511)
	at org.testng.TestRunner.privateRun(TestRunner.java:766)
	at org.testng.TestRunner.run(TestRunner.java:587)
	at org.testng.SuiteRunner.runTest(SuiteRunner.java:384)
	at org.testng.SuiteRunner.runSequentially(SuiteRunner.java:378)
	at org.testng.SuiteRunner.privateRun(SuiteRunner.java:337)
	at org.testng.SuiteRunner.run(SuiteRunner.java:286)
	at org.testng.SuiteRunnerWorker.runSuite(SuiteRunnerWorker.java:53)
	at org.testng.SuiteRunnerWorker.run(SuiteRunnerWorker.java:96)
	at org.testng.TestNG.runSuitesSequentially(TestNG.java:1187)
	at org.testng.TestNG.runSuitesLocally(TestNG.java:1109)
	at org.testng.TestNG.runSuites(TestNG.java:1039)
	at org.testng.TestNG.run(TestNG.java:1007)
	at org.apache.maven.surefire.testng.TestNGExecutor.run(TestNGExecutor.java:136)
	at org.apache.maven.surefire.testng.TestNGDirectoryTestSuite.executeMulti(TestNGDirectoryTestSuite.java:193)
	at org.apache.maven.surefire.testng.TestNGDirectoryTestSuite.execute(TestNGDirectoryTestSuite.java:94)
	at org.apache.maven.surefire.testng.TestNGProvider.invoke(TestNGProvider.java:145)
	at org.apache.maven.surefire.booter.ForkedBooter.runSuitesInProcess(ForkedBooter.java:428)
	at org.apache.maven.surefire.booter.ForkedBooter.execute(ForkedBooter.java:162)
	at org.apache.maven.surefire.booter.ForkedBooter.run(ForkedBooter.java:562)
	at org.apache.maven.surefire.booter.ForkedBooter.main(ForkedBooter.java:548)
Caused by: java.lang.ExceptionInInitializerError: Exception java.lang.RuntimeException: Could not acquire java.nio.Bits class: class java.lang.ClassNotFoundException [in thread "main"]
	at org.apache.datasketches.memory.NioBits.<clinit>(NioBits.java:88)
	at org.apache.datasketches.memory.AllocateDirect.<init>(AllocateDirect.java:51)
	at org.apache.datasketches.memory.BaseWritableMemoryImpl.wrapDirect(BaseWritableMemoryImpl.java:120)
	at org.apache.datasketches.memory.WritableMemory.allocateDirect(WritableMemory.java:160)
	at org.apache.datasketches.memory.WritableMemory.allocateDirect(WritableMemory.java:139)
	at org.apache.datasketches.theta.UnionImplTest.checkMoveAndResize(UnionImplTest.java:172)
	... 33 more

[ERROR] org.apache.datasketches.theta.CompactSketchTest.checkHeapifyWrap  Time elapsed: 0.001 s  <<< FAILURE!
java.lang.NoClassDefFoundError: Could not initialize class org.apache.datasketches.memory.NioBits
	at org.apache.datasketches.memory.AllocateDirect.<init>(AllocateDirect.java:51)
	at org.apache.datasketches.memory.BaseWritableMemoryImpl.wrapDirect(BaseWritableMemoryImpl.java:120)
	at org.apache.datasketches.memory.WritableMemory.allocateDirect(WritableMemory.java:160)
	at org.apache.datasketches.memory.WritableMemory.allocateDirect(WritableMemory.java:139)
	at org.apache.datasketches.theta.CompactSketchTest.checkHeapifyWrap(CompactSketchTest.java:81)
	at org.apache.datasketches.theta.CompactSketchTest.checkHeapifyWrap(CompactSketchTest.java:45)
	at java.base/jdk.internal.reflect.NativeMethodAccessorImpl.invoke0(Native Method)
	at java.base/jdk.internal.reflect.NativeMethodAccessorImpl.invoke(NativeMethodAccessorImpl.java:77)
	at java.base/jdk.internal.reflect.DelegatingMethodAccessorImpl.invoke(DelegatingMethodAccessorImpl.java:43)
	at java.base/java.lang.reflect.Method.invoke(Method.java:568)
	at org.testng.internal.MethodInvocationHelper.invokeMethod(MethodInvocationHelper.java:134)
	at org.testng.internal.TestInvoker.invokeMethod(TestInvoker.java:597)
	at org.testng.internal.TestInvoker.invokeTestMethod(TestInvoker.java:173)
	at org.testng.internal.MethodRunner.runInSequence(MethodRunner.java:46)
	at org.testng.internal.TestInvoker$MethodInvocationAgent.invoke(TestInvoker.java:816)
	at org.testng.internal.TestInvoker.invokeTestMethods(TestInvoker.java:146)
	at org.testng.internal.TestMethodWorker.invokeTestMethods(TestMethodWorker.java:146)
	at org.testng.internal.TestMethodWorker.run(TestMethodWorker.java:128)
	at java.base/java.util.ArrayList.forEach(ArrayList.java:1511)
	at org.testng.TestRunner.privateRun(TestRunner.java:766)
	at org.testng.TestRunner.run(TestRunner.java:587)
	at org.testng.SuiteRunner.runTest(SuiteRunner.java:384)
	at org.testng.SuiteRunner.runSequentially(SuiteRunner.java:378)
	at org.testng.SuiteRunner.privateRun(SuiteRunner.java:337)
	at org.testng.SuiteRunner.run(SuiteRunner.java:286)
	at org.testng.SuiteRunnerWorker.runSuite(SuiteRunnerWorker.java:53)
	at org.testng.SuiteRunnerWorker.run(SuiteRunnerWorker.java:96)
	at org.testng.TestNG.runSuitesSequentially(TestNG.java:1187)
	at org.testng.TestNG.runSuitesLocally(TestNG.java:1109)
	at org.testng.TestNG.runSuites(TestNG.java:1039)
	at org.testng.TestNG.run(TestNG.java:1007)
	at org.apache.maven.surefire.testng.TestNGExecutor.run(TestNGExecutor.java:136)
	at org.apache.maven.surefire.testng.TestNGDirectoryTestSuite.executeMulti(TestNGDirectoryTestSuite.java:193)
	at org.apache.maven.surefire.testng.TestNGDirectoryTestSuite.execute(TestNGDirectoryTestSuite.java:94)
	at org.apache.maven.surefire.testng.TestNGProvider.invoke(TestNGProvider.java:145)
	at org.apache.maven.surefire.booter.ForkedBooter.runSuitesInProcess(ForkedBooter.java:428)
	at org.apache.maven.surefire.booter.ForkedBooter.execute(ForkedBooter.java:162)
	at org.apache.maven.surefire.booter.ForkedBooter.run(ForkedBooter.java:562)
	at org.apache.maven.surefire.booter.ForkedBooter.main(ForkedBooter.java:548)
Caused by: java.lang.ExceptionInInitializerError: Exception java.lang.RuntimeException: Could not acquire java.nio.Bits class: class java.lang.ClassNotFoundException [in thread "main"]
	at org.apache.datasketches.memory.NioBits.<clinit>(NioBits.java:88)
	at org.apache.datasketches.memory.AllocateDirect.<init>(AllocateDirect.java:51)
	at org.apache.datasketches.memory.BaseWritableMemoryImpl.wrapDirect(BaseWritableMemoryImpl.java:120)
	at org.apache.datasketches.memory.WritableMemory.allocateDirect(WritableMemory.java:160)
	at org.apache.datasketches.memory.WritableMemory.allocateDirect(WritableMemory.java:139)
	at org.apache.datasketches.theta.UnionImplTest.checkMoveAndResize(UnionImplTest.java:172)
	... 33 more

[ERROR] org.apache.datasketches.cpc.CpcCBinariesTest.checkEmptyBin  Time elapsed: 0.002 s  <<< FAILURE!
java.lang.IllegalAccessError: class org.apache.datasketches.memory.AllocateDirectMap (in unnamed module @0x6f29c911) cannot access class sun.nio.ch.FileChannelImpl (in module java.base) because module java.base does not export sun.nio.ch to unnamed module @0x6f29c911
	at org.apache.datasketches.memory.AllocateDirectMap.<clinit>(AllocateDirectMap.java:72)
	at org.apache.datasketches.memory.BaseWritableMemoryImpl.wrapMap(BaseWritableMemoryImpl.java:98)
	at org.apache.datasketches.memory.Memory.map(Memory.java:119)
	at org.apache.datasketches.memory.Memory.map(Memory.java:97)
	at org.apache.datasketches.cpc.CpcCBinariesTest.checkEmptyBin(CpcCBinariesTest.java:46)
	at java.base/jdk.internal.reflect.NativeMethodAccessorImpl.invoke0(Native Method)
	at java.base/jdk.internal.reflect.NativeMethodAccessorImpl.invoke(NativeMethodAccessorImpl.java:77)
	at java.base/jdk.internal.reflect.DelegatingMethodAccessorImpl.invoke(DelegatingMethodAccessorImpl.java:43)
	at java.base/java.lang.reflect.Method.invoke(Method.java:568)
	at org.testng.internal.MethodInvocationHelper.invokeMethod(MethodInvocationHelper.java:134)
	at org.testng.internal.TestInvoker.invokeMethod(TestInvoker.java:597)
	at org.testng.internal.TestInvoker.invokeTestMethod(TestInvoker.java:173)
	at org.testng.internal.MethodRunner.runInSequence(MethodRunner.java:46)
	at org.testng.internal.TestInvoker$MethodInvocationAgent.invoke(TestInvoker.java:816)
	at org.testng.internal.TestInvoker.invokeTestMethods(TestInvoker.java:146)
	at org.testng.internal.TestMethodWorker.invokeTestMethods(TestMethodWorker.java:146)
	at org.testng.internal.TestMethodWorker.run(TestMethodWorker.java:128)
	at java.base/java.util.ArrayList.forEach(ArrayList.java:1511)
	at org.testng.TestRunner.privateRun(TestRunner.java:766)
	at org.testng.TestRunner.run(TestRunner.java:587)
	at org.testng.SuiteRunner.runTest(SuiteRunner.java:384)
	at org.testng.SuiteRunner.runSequentially(SuiteRunner.java:378)
	at org.testng.SuiteRunner.privateRun(SuiteRunner.java:337)
	at org.testng.SuiteRunner.run(SuiteRunner.java:286)
	at org.testng.SuiteRunnerWorker.runSuite(SuiteRunnerWorker.java:53)
	at org.testng.SuiteRunnerWorker.run(SuiteRunnerWorker.java:96)
	at org.testng.TestNG.runSuitesSequentially(TestNG.java:1187)
	at org.testng.TestNG.runSuitesLocally(TestNG.java:1109)
	at org.testng.TestNG.runSuites(TestNG.java:1039)
	at org.testng.TestNG.run(TestNG.java:1007)
	at org.apache.maven.surefire.testng.TestNGExecutor.run(TestNGExecutor.java:136)
	at org.apache.maven.surefire.testng.TestNGDirectoryTestSuite.executeMulti(TestNGDirectoryTestSuite.java:193)
	at org.apache.maven.surefire.testng.TestNGDirectoryTestSuite.execute(TestNGDirectoryTestSuite.java:94)
	at org.apache.maven.surefire.testng.TestNGProvider.invoke(TestNGProvider.java:145)
	at org.apache.maven.surefire.booter.ForkedBooter.runSuitesInProcess(ForkedBooter.java:428)
	at org.apache.maven.surefire.booter.ForkedBooter.execute(ForkedBooter.java:162)
	at org.apache.maven.surefire.booter.ForkedBooter.run(ForkedBooter.java:562)
	at org.apache.maven.surefire.booter.ForkedBooter.main(ForkedBooter.java:548)

[ERROR] org.apache.datasketches.cpc.CpcCBinariesTest.checkEmptyImages  Time elapsed: 0.001 s  <<< FAILURE!
java.lang.NoClassDefFoundError: Could not initialize class org.apache.datasketches.memory.AllocateDirectWritableMap
	at org.apache.datasketches.memory.BaseWritableMemoryImpl.wrapMap(BaseWritableMemoryImpl.java:98)
	at org.apache.datasketches.memory.Memory.map(Memory.java:119)
	at org.apache.datasketches.memory.Memory.map(Memory.java:97)
	at org.apache.datasketches.cpc.CpcCBinariesTest.checkEmptyImages(CpcCBinariesTest.java:166)
	at java.base/jdk.internal.reflect.NativeMethodAccessorImpl.invoke0(Native Method)
	at java.base/jdk.internal.reflect.NativeMethodAccessorImpl.invoke(NativeMethodAccessorImpl.java:77)
	at java.base/jdk.internal.reflect.DelegatingMethodAccessorImpl.invoke(DelegatingMethodAccessorImpl.java:43)
	at java.base/java.lang.reflect.Method.invoke(Method.java:568)
	at org.testng.internal.MethodInvocationHelper.invokeMethod(MethodInvocationHelper.java:134)
	at org.testng.internal.TestInvoker.invokeMethod(TestInvoker.java:597)
	at org.testng.internal.TestInvoker.invokeTestMethod(TestInvoker.java:173)
	at org.testng.internal.MethodRunner.runInSequence(MethodRunner.java:46)
	at org.testng.internal.TestInvoker$MethodInvocationAgent.invoke(TestInvoker.java:816)
	at org.testng.internal.TestInvoker.invokeTestMethods(TestInvoker.java:146)
	at org.testng.internal.TestMethodWorker.invokeTestMethods(TestMethodWorker.java:146)
	at org.testng.internal.TestMethodWorker.run(TestMethodWorker.java:128)
	at java.base/java.util.ArrayList.forEach(ArrayList.java:1511)
	at org.testng.TestRunner.privateRun(TestRunner.java:766)
	at org.testng.TestRunner.run(TestRunner.java:587)
	at org.testng.SuiteRunner.runTest(SuiteRunner.java:384)
	at org.testng.SuiteRunner.runSequentially(SuiteRunner.java:378)
	at org.testng.SuiteRunner.privateRun(SuiteRunner.java:337)
	at org.testng.SuiteRunner.run(SuiteRunner.java:286)
	at org.testng.SuiteRunnerWorker.runSuite(SuiteRunnerWorker.java:53)
	at org.testng.SuiteRunnerWorker.run(SuiteRunnerWorker.java:96)
	at org.testng.TestNG.runSuitesSequentially(TestNG.java:1187)
	at org.testng.TestNG.runSuitesLocally(TestNG.java:1109)
	at org.testng.TestNG.runSuites(TestNG.java:1039)
	at org.testng.TestNG.run(TestNG.java:1007)
	at org.apache.maven.surefire.testng.TestNGExecutor.run(TestNGExecutor.java:136)
	at org.apache.maven.surefire.testng.TestNGDirectoryTestSuite.executeMulti(TestNGDirectoryTestSuite.java:193)
	at org.apache.maven.surefire.testng.TestNGDirectoryTestSuite.execute(TestNGDirectoryTestSuite.java:94)
	at org.apache.maven.surefire.testng.TestNGProvider.invoke(TestNGProvider.java:145)
	at org.apache.maven.surefire.booter.ForkedBooter.runSuitesInProcess(ForkedBooter.java:428)
	at org.apache.maven.surefire.booter.ForkedBooter.execute(ForkedBooter.java:162)
	at org.apache.maven.surefire.booter.ForkedBooter.run(ForkedBooter.java:562)
	at org.apache.maven.surefire.booter.ForkedBooter.main(ForkedBooter.java:548)
Caused by: java.lang.ExceptionInInitializerError: Exception java.lang.IllegalAccessError: class org.apache.datasketches.memory.AllocateDirectMap (in unnamed module @0x6f29c911) cannot access class sun.nio.ch.FileChannelImpl (in module java.base) because module java.base does not export sun.nio.ch to unnamed module @0x6f29c911 [in thread "main"]
	at org.apache.datasketches.memory.AllocateDirectMap.<clinit>(AllocateDirectMap.java:72)
	at org.apache.datasketches.memory.BaseWritableMemoryImpl.wrapMap(BaseWritableMemoryImpl.java:98)
	at org.apache.datasketches.memory.Memory.map(Memory.java:119)
	at org.apache.datasketches.memory.Memory.map(Memory.java:97)
	at org.apache.datasketches.cpc.CpcCBinariesTest.checkEmptyBin(CpcCBinariesTest.java:46)
	... 33 more

[ERROR] org.apache.datasketches.cpc.CpcCBinariesTest.checkHybridBin  Time elapsed: 0.002 s  <<< FAILURE!
java.lang.NoClassDefFoundError: Could not initialize class org.apache.datasketches.memory.AllocateDirectWritableMap
	at org.apache.datasketches.memory.BaseWritableMemoryImpl.wrapMap(BaseWritableMemoryImpl.java:98)
	at org.apache.datasketches.memory.Memory.map(Memory.java:119)
	at org.apache.datasketches.memory.Memory.map(Memory.java:97)
	at org.apache.datasketches.cpc.CpcCBinariesTest.checkHybridBin(CpcCBinariesTest.java:86)
	at java.base/jdk.internal.reflect.NativeMethodAccessorImpl.invoke0(Native Method)
	at java.base/jdk.internal.reflect.NativeMethodAccessorImpl.invoke(NativeMethodAccessorImpl.java:77)
	at java.base/jdk.internal.reflect.DelegatingMethodAccessorImpl.invoke(DelegatingMethodAccessorImpl.java:43)
	at java.base/java.lang.reflect.Method.invoke(Method.java:568)
	at org.testng.internal.MethodInvocationHelper.invokeMethod(MethodInvocationHelper.java:134)
	at org.testng.internal.TestInvoker.invokeMethod(TestInvoker.java:597)
	at org.testng.internal.TestInvoker.invokeTestMethod(TestInvoker.java:173)
	at org.testng.internal.MethodRunner.runInSequence(MethodRunner.java:46)
	at org.testng.internal.TestInvoker$MethodInvocationAgent.invoke(TestInvoker.java:816)
	at org.testng.internal.TestInvoker.invokeTestMethods(TestInvoker.java:146)
	at org.testng.internal.TestMethodWorker.invokeTestMethods(TestMethodWorker.java:146)
	at org.testng.internal.TestMethodWorker.run(TestMethodWorker.java:128)
	at java.base/java.util.ArrayList.forEach(ArrayList.java:1511)
	at org.testng.TestRunner.privateRun(TestRunner.java:766)
	at org.testng.TestRunner.run(TestRunner.java:587)
	at org.testng.SuiteRunner.runTest(SuiteRunner.java:384)
	at org.testng.SuiteRunner.runSequentially(SuiteRunner.java:378)
	at org.testng.SuiteRunner.privateRun(SuiteRunner.java:337)
	at org.testng.SuiteRunner.run(SuiteRunner.java:286)
	at org.testng.SuiteRunnerWorker.runSuite(SuiteRunnerWorker.java:53)
	at org.testng.SuiteRunnerWorker.run(SuiteRunnerWorker.java:96)
	at org.testng.TestNG.runSuitesSequentially(TestNG.java:1187)
	at org.testng.TestNG.runSuitesLocally(TestNG.java:1109)
	at org.testng.TestNG.runSuites(TestNG.java:1039)
	at org.testng.TestNG.run(TestNG.java:1007)
	at org.apache.maven.surefire.testng.TestNGExecutor.run(TestNGExecutor.java:136)
	at org.apache.maven.surefire.testng.TestNGDirectoryTestSuite.executeMulti(TestNGDirectoryTestSuite.java:193)
	at org.apache.maven.surefire.testng.TestNGDirectoryTestSuite.execute(TestNGDirectoryTestSuite.java:94)
	at org.apache.maven.surefire.testng.TestNGProvider.invoke(TestNGProvider.java:145)
	at org.apache.maven.surefire.booter.ForkedBooter.runSuitesInProcess(ForkedBooter.java:428)
	at org.apache.maven.surefire.booter.ForkedBooter.execute(ForkedBooter.java:162)
	at org.apache.maven.surefire.booter.ForkedBooter.run(ForkedBooter.java:562)
	at org.apache.maven.surefire.booter.ForkedBooter.main(ForkedBooter.java:548)
Caused by: java.lang.ExceptionInInitializerError: Exception java.lang.IllegalAccessError: class org.apache.datasketches.memory.AllocateDirectMap (in unnamed module @0x6f29c911) cannot access class sun.nio.ch.FileChannelImpl (in module java.base) because module java.base does not export sun.nio.ch to unnamed module @0x6f29c911 [in thread "main"]
	at org.apache.datasketches.memory.AllocateDirectMap.<clinit>(AllocateDirectMap.java:72)
	at org.apache.datasketches.memory.BaseWritableMemoryImpl.wrapMap(BaseWritableMemoryImpl.java:98)
	at org.apache.datasketches.memory.Memory.map(Memory.java:119)
	at org.apache.datasketches.memory.Memory.map(Memory.java:97)
	at org.apache.datasketches.cpc.CpcCBinariesTest.checkEmptyBin(CpcCBinariesTest.java:46)
	... 33 more

[ERROR] org.apache.datasketches.cpc.CpcCBinariesTest.checkHybridImages  Time elapsed: 0 s  <<< FAILURE!
java.lang.NoClassDefFoundError: Could not initialize class org.apache.datasketches.memory.AllocateDirectWritableMap
	at org.apache.datasketches.memory.BaseWritableMemoryImpl.wrapMap(BaseWritableMemoryImpl.java:98)
	at org.apache.datasketches.memory.Memory.map(Memory.java:119)
	at org.apache.datasketches.memory.Memory.map(Memory.java:97)
	at org.apache.datasketches.cpc.CpcCBinariesTest.checkHybridImages(CpcCBinariesTest.java:207)
	at java.base/jdk.internal.reflect.NativeMethodAccessorImpl.invoke0(Native Method)
	at java.base/jdk.internal.reflect.NativeMethodAccessorImpl.invoke(NativeMethodAccessorImpl.java:77)
	at java.base/jdk.internal.reflect.DelegatingMethodAccessorImpl.invoke(DelegatingMethodAccessorImpl.java:43)
	at java.base/java.lang.reflect.Method.invoke(Method.java:568)
	at org.testng.internal.MethodInvocationHelper.invokeMethod(MethodInvocationHelper.java:134)
	at org.testng.internal.TestInvoker.invokeMethod(TestInvoker.java:597)
	at org.testng.internal.TestInvoker.invokeTestMethod(TestInvoker.java:173)
	at org.testng.internal.MethodRunner.runInSequence(MethodRunner.java:46)
	at org.testng.internal.TestInvoker$MethodInvocationAgent.invoke(TestInvoker.java:816)
	at org.testng.internal.TestInvoker.invokeTestMethods(TestInvoker.java:146)
	at org.testng.internal.TestMethodWorker.invokeTestMethods(TestMethodWorker.java:146)
	at org.testng.internal.TestMethodWorker.run(TestMethodWorker.java:128)
	at java.base/java.util.ArrayList.forEach(ArrayList.java:1511)
	at org.testng.TestRunner.privateRun(TestRunner.java:766)
	at org.testng.TestRunner.run(TestRunner.java:587)
	at org.testng.SuiteRunner.runTest(SuiteRunner.java:384)
	at org.testng.SuiteRunner.runSequentially(SuiteRunner.java:378)
	at org.testng.SuiteRunner.privateRun(SuiteRunner.java:337)
	at org.testng.SuiteRunner.run(SuiteRunner.java:286)
	at org.testng.SuiteRunnerWorker.runSuite(SuiteRunnerWorker.java:53)
	at org.testng.SuiteRunnerWorker.run(SuiteRunnerWorker.java:96)
	at org.testng.TestNG.runSuitesSequentially(TestNG.java:1187)
	at org.testng.TestNG.runSuitesLocally(TestNG.java:1109)
	at org.testng.TestNG.runSuites(TestNG.java:1039)
	at org.testng.TestNG.run(TestNG.java:1007)
	at org.apache.maven.surefire.testng.TestNGExecutor.run(TestNGExecutor.java:136)
	at org.apache.maven.surefire.testng.TestNGDirectoryTestSuite.executeMulti(TestNGDirectoryTestSuite.java:193)
	at org.apache.maven.surefire.testng.TestNGDirectoryTestSuite.execute(TestNGDirectoryTestSuite.java:94)
	at org.apache.maven.surefire.testng.TestNGProvider.invoke(TestNGProvider.java:145)
	at org.apache.maven.surefire.booter.ForkedBooter.runSuitesInProcess(ForkedBooter.java:428)
	at org.apache.maven.surefire.booter.ForkedBooter.execute(ForkedBooter.java:162)
	at org.apache.maven.surefire.booter.ForkedBooter.run(ForkedBooter.java:562)
	at org.apache.maven.surefire.booter.ForkedBooter.main(ForkedBooter.java:548)
Caused by: java.lang.ExceptionInInitializerError: Exception java.lang.IllegalAccessError: class org.apache.datasketches.memory.AllocateDirectMap (in unnamed module @0x6f29c911) cannot access class sun.nio.ch.FileChannelImpl (in module java.base) because module java.base does not export sun.nio.ch to unnamed module @0x6f29c911 [in thread "main"]
	at org.apache.datasketches.memory.AllocateDirectMap.<clinit>(AllocateDirectMap.java:72)
	at org.apache.datasketches.memory.BaseWritableMemoryImpl.wrapMap(BaseWritableMemoryImpl.java:98)
	at org.apache.datasketches.memory.Memory.map(Memory.java:119)
	at org.apache.datasketches.memory.Memory.map(Memory.java:97)
	at org.apache.datasketches.cpc.CpcCBinariesTest.checkEmptyBin(CpcCBinariesTest.java:46)
	... 33 more

[ERROR] org.apache.datasketches.cpc.CpcCBinariesTest.checkPinnedBin  Time elapsed: 0 s  <<< FAILURE!
java.lang.NoClassDefFoundError: Could not initialize class org.apache.datasketches.memory.AllocateDirectWritableMap
	at org.apache.datasketches.memory.BaseWritableMemoryImpl.wrapMap(BaseWritableMemoryImpl.java:98)
	at org.apache.datasketches.memory.Memory.map(Memory.java:119)
	at org.apache.datasketches.memory.Memory.map(Memory.java:97)
	at org.apache.datasketches.cpc.CpcCBinariesTest.checkPinnedBin(CpcCBinariesTest.java:112)
	at java.base/jdk.internal.reflect.NativeMethodAccessorImpl.invoke0(Native Method)
	at java.base/jdk.internal.reflect.NativeMethodAccessorImpl.invoke(NativeMethodAccessorImpl.java:77)
	at java.base/jdk.internal.reflect.DelegatingMethodAccessorImpl.invoke(DelegatingMethodAccessorImpl.java:43)
	at java.base/java.lang.reflect.Method.invoke(Method.java:568)
	at org.testng.internal.MethodInvocationHelper.invokeMethod(MethodInvocationHelper.java:134)
	at org.testng.internal.TestInvoker.invokeMethod(TestInvoker.java:597)
	at org.testng.internal.TestInvoker.invokeTestMethod(TestInvoker.java:173)
	at org.testng.internal.MethodRunner.runInSequence(MethodRunner.java:46)
	at org.testng.internal.TestInvoker$MethodInvocationAgent.invoke(TestInvoker.java:816)
	at org.testng.internal.TestInvoker.invokeTestMethods(TestInvoker.java:146)
	at org.testng.internal.TestMethodWorker.invokeTestMethods(TestMethodWorker.java:146)
	at org.testng.internal.TestMethodWorker.run(TestMethodWorker.java:128)
	at java.base/java.util.ArrayList.forEach(ArrayList.java:1511)
	at org.testng.TestRunner.privateRun(TestRunner.java:766)
	at org.testng.TestRunner.run(TestRunner.java:587)
	at org.testng.SuiteRunner.runTest(SuiteRunner.java:384)
	at org.testng.SuiteRunner.runSequentially(SuiteRunner.java:378)
	at org.testng.SuiteRunner.privateRun(SuiteRunner.java:337)
	at org.testng.SuiteRunner.run(SuiteRunner.java:286)
	at org.testng.SuiteRunnerWorker.runSuite(SuiteRunnerWorker.java:53)
	at org.testng.SuiteRunnerWorker.run(SuiteRunnerWorker.java:96)
	at org.testng.TestNG.runSuitesSequentially(TestNG.java:1187)
	at org.testng.TestNG.runSuitesLocally(TestNG.java:1109)
	at org.testng.TestNG.runSuites(TestNG.java:1039)
	at org.testng.TestNG.run(TestNG.java:1007)
	at org.apache.maven.surefire.testng.TestNGExecutor.run(TestNGExecutor.java:136)
	at org.apache.maven.surefire.testng.TestNGDirectoryTestSuite.executeMulti(TestNGDirectoryTestSuite.java:193)
	at org.apache.maven.surefire.testng.TestNGDirectoryTestSuite.execute(TestNGDirectoryTestSuite.java:94)
	at org.apache.maven.surefire.testng.TestNGProvider.invoke(TestNGProvider.java:145)
	at org.apache.maven.surefire.booter.ForkedBooter.runSuitesInProcess(ForkedBooter.java:428)
	at org.apache.maven.surefire.booter.ForkedBooter.execute(ForkedBooter.java:162)
	at org.apache.maven.surefire.booter.ForkedBooter.run(ForkedBooter.java:562)
	at org.apache.maven.surefire.booter.ForkedBooter.main(ForkedBooter.java:548)
Caused by: java.lang.ExceptionInInitializerError: Exception java.lang.IllegalAccessError: class org.apache.datasketches.memory.AllocateDirectMap (in unnamed module @0x6f29c911) cannot access class sun.nio.ch.FileChannelImpl (in module java.base) because module java.base does not export sun.nio.ch to unnamed module @0x6f29c911 [in thread "main"]
	at org.apache.datasketches.memory.AllocateDirectMap.<clinit>(AllocateDirectMap.java:72)
	at org.apache.datasketches.memory.BaseWritableMemoryImpl.wrapMap(BaseWritableMemoryImpl.java:98)
	at org.apache.datasketches.memory.Memory.map(Memory.java:119)
	at org.apache.datasketches.memory.Memory.map(Memory.java:97)
	at org.apache.datasketches.cpc.CpcCBinariesTest.checkEmptyBin(CpcCBinariesTest.java:46)
	... 33 more

[ERROR] org.apache.datasketches.cpc.CpcCBinariesTest.checkPinnedImages  Time elapsed: 0 s  <<< FAILURE!
java.lang.NoClassDefFoundError: Could not initialize class org.apache.datasketches.memory.AllocateDirectWritableMap
	at org.apache.datasketches.memory.BaseWritableMemoryImpl.wrapMap(BaseWritableMemoryImpl.java:98)
	at org.apache.datasketches.memory.Memory.map(Memory.java:119)
	at org.apache.datasketches.memory.Memory.map(Memory.java:97)
	at org.apache.datasketches.cpc.CpcCBinariesTest.checkPinnedImages(CpcCBinariesTest.java:228)
	at java.base/jdk.internal.reflect.NativeMethodAccessorImpl.invoke0(Native Method)
	at java.base/jdk.internal.reflect.NativeMethodAccessorImpl.invoke(NativeMethodAccessorImpl.java:77)
	at java.base/jdk.internal.reflect.DelegatingMethodAccessorImpl.invoke(DelegatingMethodAccessorImpl.java:43)
	at java.base/java.lang.reflect.Method.invoke(Method.java:568)
	at org.testng.internal.MethodInvocationHelper.invokeMethod(MethodInvocationHelper.java:134)
	at org.testng.internal.TestInvoker.invokeMethod(TestInvoker.java:597)
	at org.testng.internal.TestInvoker.invokeTestMethod(TestInvoker.java:173)
	at org.testng.internal.MethodRunner.runInSequence(MethodRunner.java:46)
	at org.testng.internal.TestInvoker$MethodInvocationAgent.invoke(TestInvoker.java:816)
	at org.testng.internal.TestInvoker.invokeTestMethods(TestInvoker.java:146)
	at org.testng.internal.TestMethodWorker.invokeTestMethods(TestMethodWorker.java:146)
	at org.testng.internal.TestMethodWorker.run(TestMethodWorker.java:128)
	at java.base/java.util.ArrayList.forEach(ArrayList.java:1511)
	at org.testng.TestRunner.privateRun(TestRunner.java:766)
	at org.testng.TestRunner.run(TestRunner.java:587)
	at org.testng.SuiteRunner.runTest(SuiteRunner.java:384)
	at org.testng.SuiteRunner.runSequentially(SuiteRunner.java:378)
	at org.testng.SuiteRunner.privateRun(SuiteRunner.java:337)
	at org.testng.SuiteRunner.run(SuiteRunner.java:286)
	at org.testng.SuiteRunnerWorker.runSuite(SuiteRunnerWorker.java:53)
	at org.testng.SuiteRunnerWorker.run(SuiteRunnerWorker.java:96)
	at org.testng.TestNG.runSuitesSequentially(TestNG.java:1187)
	at org.testng.TestNG.runSuitesLocally(TestNG.java:1109)
	at org.testng.TestNG.runSuites(TestNG.java:1039)
	at org.testng.TestNG.run(TestNG.java:1007)
	at org.apache.maven.surefire.testng.TestNGExecutor.run(TestNGExecutor.java:136)
	at org.apache.maven.surefire.testng.TestNGDirectoryTestSuite.executeMulti(TestNGDirectoryTestSuite.java:193)
	at org.apache.maven.surefire.testng.TestNGDirectoryTestSuite.execute(TestNGDirectoryTestSuite.java:94)
	at org.apache.maven.surefire.testng.TestNGProvider.invoke(TestNGProvider.java:145)
	at org.apache.maven.surefire.booter.ForkedBooter.runSuitesInProcess(ForkedBooter.java:428)
	at org.apache.maven.surefire.booter.ForkedBooter.execute(ForkedBooter.java:162)
	at org.apache.maven.surefire.booter.ForkedBooter.run(ForkedBooter.java:562)
	at org.apache.maven.surefire.booter.ForkedBooter.main(ForkedBooter.java:548)
Caused by: java.lang.ExceptionInInitializerError: Exception java.lang.IllegalAccessError: class org.apache.datasketches.memory.AllocateDirectMap (in unnamed module @0x6f29c911) cannot access class sun.nio.ch.FileChannelImpl (in module java.base) because module java.base does not export sun.nio.ch to unnamed module @0x6f29c911 [in thread "main"]
	at org.apache.datasketches.memory.AllocateDirectMap.<clinit>(AllocateDirectMap.java:72)
	at org.apache.datasketches.memory.BaseWritableMemoryImpl.wrapMap(BaseWritableMemoryImpl.java:98)
	at org.apache.datasketches.memory.Memory.map(Memory.java:119)
	at org.apache.datasketches.memory.Memory.map(Memory.java:97)
	at org.apache.datasketches.cpc.CpcCBinariesTest.checkEmptyBin(CpcCBinariesTest.java:46)
	... 33 more

[ERROR] org.apache.datasketches.cpc.CpcCBinariesTest.checkSlidingBin  Time elapsed: 0.001 s  <<< FAILURE!
java.lang.NoClassDefFoundError: Could not initialize class org.apache.datasketches.memory.AllocateDirectWritableMap
	at org.apache.datasketches.memory.BaseWritableMemoryImpl.wrapMap(BaseWritableMemoryImpl.java:98)
	at org.apache.datasketches.memory.Memory.map(Memory.java:119)
	at org.apache.datasketches.memory.Memory.map(Memory.java:97)
	at org.apache.datasketches.cpc.CpcCBinariesTest.checkSlidingBin(CpcCBinariesTest.java:138)
	at java.base/jdk.internal.reflect.NativeMethodAccessorImpl.invoke0(Native Method)
	at java.base/jdk.internal.reflect.NativeMethodAccessorImpl.invoke(NativeMethodAccessorImpl.java:77)
	at java.base/jdk.internal.reflect.DelegatingMethodAccessorImpl.invoke(DelegatingMethodAccessorImpl.java:43)
	at java.base/java.lang.reflect.Method.invoke(Method.java:568)
	at org.testng.internal.MethodInvocationHelper.invokeMethod(MethodInvocationHelper.java:134)
	at org.testng.internal.TestInvoker.invokeMethod(TestInvoker.java:597)
	at org.testng.internal.TestInvoker.invokeTestMethod(TestInvoker.java:173)
	at org.testng.internal.MethodRunner.runInSequence(MethodRunner.java:46)
	at org.testng.internal.TestInvoker$MethodInvocationAgent.invoke(TestInvoker.java:816)
	at org.testng.internal.TestInvoker.invokeTestMethods(TestInvoker.java:146)
	at org.testng.internal.TestMethodWorker.invokeTestMethods(TestMethodWorker.java:146)
	at org.testng.internal.TestMethodWorker.run(TestMethodWorker.java:128)
	at java.base/java.util.ArrayList.forEach(ArrayList.java:1511)
	at org.testng.TestRunner.privateRun(TestRunner.java:766)
	at org.testng.TestRunner.run(TestRunner.java:587)
	at org.testng.SuiteRunner.runTest(SuiteRunner.java:384)
	at org.testng.SuiteRunner.runSequentially(SuiteRunner.java:378)
	at org.testng.SuiteRunner.privateRun(SuiteRunner.java:337)
	at org.testng.SuiteRunner.run(SuiteRunner.java:286)
	at org.testng.SuiteRunnerWorker.runSuite(SuiteRunnerWorker.java:53)
	at org.testng.SuiteRunnerWorker.run(SuiteRunnerWorker.java:96)
	at org.testng.TestNG.runSuitesSequentially(TestNG.java:1187)
	at org.testng.TestNG.runSuitesLocally(TestNG.java:1109)
	at org.testng.TestNG.runSuites(TestNG.java:1039)
	at org.testng.TestNG.run(TestNG.java:1007)
	at org.apache.maven.surefire.testng.TestNGExecutor.run(TestNGExecutor.java:136)
	at org.apache.maven.surefire.testng.TestNGDirectoryTestSuite.executeMulti(TestNGDirectoryTestSuite.java:193)
	at org.apache.maven.surefire.testng.TestNGDirectoryTestSuite.execute(TestNGDirectoryTestSuite.java:94)
	at org.apache.maven.surefire.testng.TestNGProvider.invoke(TestNGProvider.java:145)
	at org.apache.maven.surefire.booter.ForkedBooter.runSuitesInProcess(ForkedBooter.java:428)
	at org.apache.maven.surefire.booter.ForkedBooter.execute(ForkedBooter.java:162)
	at org.apache.maven.surefire.booter.ForkedBooter.run(ForkedBooter.java:562)
	at org.apache.maven.surefire.booter.ForkedBooter.main(ForkedBooter.java:548)
Caused by: java.lang.ExceptionInInitializerError: Exception java.lang.IllegalAccessError: class org.apache.datasketches.memory.AllocateDirectMap (in unnamed module @0x6f29c911) cannot access class sun.nio.ch.FileChannelImpl (in module java.base) because module java.base does not export sun.nio.ch to unnamed module @0x6f29c911 [in thread "main"]
	at org.apache.datasketches.memory.AllocateDirectMap.<clinit>(AllocateDirectMap.java:72)
	at org.apache.datasketches.memory.BaseWritableMemoryImpl.wrapMap(BaseWritableMemoryImpl.java:98)
	at org.apache.datasketches.memory.Memory.map(Memory.java:119)
	at org.apache.datasketches.memory.Memory.map(Memory.java:97)
	at org.apache.datasketches.cpc.CpcCBinariesTest.checkEmptyBin(CpcCBinariesTest.java:46)
	... 33 more

[ERROR] org.apache.datasketches.cpc.CpcCBinariesTest.checkSlidingImages  Time elapsed: 0 s  <<< FAILURE!
java.lang.NoClassDefFoundError: Could not initialize class org.apache.datasketches.memory.AllocateDirectWritableMap
	at org.apache.datasketches.memory.BaseWritableMemoryImpl.wrapMap(BaseWritableMemoryImpl.java:98)
	at org.apache.datasketches.memory.Memory.map(Memory.java:119)
	at org.apache.datasketches.memory.Memory.map(Memory.java:97)
	at org.apache.datasketches.cpc.CpcCBinariesTest.checkSlidingImages(CpcCBinariesTest.java:249)
	at java.base/jdk.internal.reflect.NativeMethodAccessorImpl.invoke0(Native Method)
	at java.base/jdk.internal.reflect.NativeMethodAccessorImpl.invoke(NativeMethodAccessorImpl.java:77)
	at java.base/jdk.internal.reflect.DelegatingMethodAccessorImpl.invoke(DelegatingMethodAccessorImpl.java:43)
	at java.base/java.lang.reflect.Method.invoke(Method.java:568)
	at org.testng.internal.MethodInvocationHelper.invokeMethod(MethodInvocationHelper.java:134)
	at org.testng.internal.TestInvoker.invokeMethod(TestInvoker.java:597)
	at org.testng.internal.TestInvoker.invokeTestMethod(TestInvoker.java:173)
	at org.testng.internal.MethodRunner.runInSequence(MethodRunner.java:46)
	at org.testng.internal.TestInvoker$MethodInvocationAgent.invoke(TestInvoker.java:816)
	at org.testng.internal.TestInvoker.invokeTestMethods(TestInvoker.java:146)
	at org.testng.internal.TestMethodWorker.invokeTestMethods(TestMethodWorker.java:146)
	at org.testng.internal.TestMethodWorker.run(TestMethodWorker.java:128)
	at java.base/java.util.ArrayList.forEach(ArrayList.java:1511)
	at org.testng.TestRunner.privateRun(TestRunner.java:766)
	at org.testng.TestRunner.run(TestRunner.java:587)
	at org.testng.SuiteRunner.runTest(SuiteRunner.java:384)
	at org.testng.SuiteRunner.runSequentially(SuiteRunner.java:378)
	at org.testng.SuiteRunner.privateRun(SuiteRunner.java:337)
	at org.testng.SuiteRunner.run(SuiteRunner.java:286)
	at org.testng.SuiteRunnerWorker.runSuite(SuiteRunnerWorker.java:53)
	at org.testng.SuiteRunnerWorker.run(SuiteRunnerWorker.java:96)
	at org.testng.TestNG.runSuitesSequentially(TestNG.java:1187)
	at org.testng.TestNG.runSuitesLocally(TestNG.java:1109)
	at org.testng.TestNG.runSuites(TestNG.java:1039)
	at org.testng.TestNG.run(TestNG.java:1007)
	at org.apache.maven.surefire.testng.TestNGExecutor.run(TestNGExecutor.java:136)
	at org.apache.maven.surefire.testng.TestNGDirectoryTestSuite.executeMulti(TestNGDirectoryTestSuite.java:193)
	at org.apache.maven.surefire.testng.TestNGDirectoryTestSuite.execute(TestNGDirectoryTestSuite.java:94)
	at org.apache.maven.surefire.testng.TestNGProvider.invoke(TestNGProvider.java:145)
	at org.apache.maven.surefire.booter.ForkedBooter.runSuitesInProcess(ForkedBooter.java:428)
	at org.apache.maven.surefire.booter.ForkedBooter.execute(ForkedBooter.java:162)
	at org.apache.maven.surefire.booter.ForkedBooter.run(ForkedBooter.java:562)
	at org.apache.maven.surefire.booter.ForkedBooter.main(ForkedBooter.java:548)
Caused by: java.lang.ExceptionInInitializerError: Exception java.lang.IllegalAccessError: class org.apache.datasketches.memory.AllocateDirectMap (in unnamed module @0x6f29c911) cannot access class sun.nio.ch.FileChannelImpl (in module java.base) because module java.base does not export sun.nio.ch to unnamed module @0x6f29c911 [in thread "main"]
	at org.apache.datasketches.memory.AllocateDirectMap.<clinit>(AllocateDirectMap.java:72)
	at org.apache.datasketches.memory.BaseWritableMemoryImpl.wrapMap(BaseWritableMemoryImpl.java:98)
	at org.apache.datasketches.memory.Memory.map(Memory.java:119)
	at org.apache.datasketches.memory.Memory.map(Memory.java:97)
	at org.apache.datasketches.cpc.CpcCBinariesTest.checkEmptyBin(CpcCBinariesTest.java:46)
	... 33 more

[ERROR] org.apache.datasketches.cpc.CpcCBinariesTest.checkSparseBin  Time elapsed: 0.001 s  <<< FAILURE!
java.lang.NoClassDefFoundError: Could not initialize class org.apache.datasketches.memory.AllocateDirectWritableMap
	at org.apache.datasketches.memory.BaseWritableMemoryImpl.wrapMap(BaseWritableMemoryImpl.java:98)
	at org.apache.datasketches.memory.Memory.map(Memory.java:119)
	at org.apache.datasketches.memory.Memory.map(Memory.java:97)
	at org.apache.datasketches.cpc.CpcCBinariesTest.checkSparseBin(CpcCBinariesTest.java:60)
	at java.base/jdk.internal.reflect.NativeMethodAccessorImpl.invoke0(Native Method)
	at java.base/jdk.internal.reflect.NativeMethodAccessorImpl.invoke(NativeMethodAccessorImpl.java:77)
	at java.base/jdk.internal.reflect.DelegatingMethodAccessorImpl.invoke(DelegatingMethodAccessorImpl.java:43)
	at java.base/java.lang.reflect.Method.invoke(Method.java:568)
	at org.testng.internal.MethodInvocationHelper.invokeMethod(MethodInvocationHelper.java:134)
	at org.testng.internal.TestInvoker.invokeMethod(TestInvoker.java:597)
	at org.testng.internal.TestInvoker.invokeTestMethod(TestInvoker.java:173)
	at org.testng.internal.MethodRunner.runInSequence(MethodRunner.java:46)
	at org.testng.internal.TestInvoker$MethodInvocationAgent.invoke(TestInvoker.java:816)
	at org.testng.internal.TestInvoker.invokeTestMethods(TestInvoker.java:146)
	at org.testng.internal.TestMethodWorker.invokeTestMethods(TestMethodWorker.java:146)
	at org.testng.internal.TestMethodWorker.run(TestMethodWorker.java:128)
	at java.base/java.util.ArrayList.forEach(ArrayList.java:1511)
	at org.testng.TestRunner.privateRun(TestRunner.java:766)
	at org.testng.TestRunner.run(TestRunner.java:587)
	at org.testng.SuiteRunner.runTest(SuiteRunner.java:384)
	at org.testng.SuiteRunner.runSequentially(SuiteRunner.java:378)
	at org.testng.SuiteRunner.privateRun(SuiteRunner.java:337)
	at org.testng.SuiteRunner.run(SuiteRunner.java:286)
	at org.testng.SuiteRunnerWorker.runSuite(SuiteRunnerWorker.java:53)
	at org.testng.SuiteRunnerWorker.run(SuiteRunnerWorker.java:96)
	at org.testng.TestNG.runSuitesSequentially(TestNG.java:1187)
	at org.testng.TestNG.runSuitesLocally(TestNG.java:1109)
	at org.testng.TestNG.runSuites(TestNG.java:1039)
	at org.testng.TestNG.run(TestNG.java:1007)
	at org.apache.maven.surefire.testng.TestNGExecutor.run(TestNGExecutor.java:136)
	at org.apache.maven.surefire.testng.TestNGDirectoryTestSuite.executeMulti(TestNGDirectoryTestSuite.java:193)
	at org.apache.maven.surefire.testng.TestNGDirectoryTestSuite.execute(TestNGDirectoryTestSuite.java:94)
	at org.apache.maven.surefire.testng.TestNGProvider.invoke(TestNGProvider.java:145)
	at org.apache.maven.surefire.booter.ForkedBooter.runSuitesInProcess(ForkedBooter.java:428)
	at org.apache.maven.surefire.booter.ForkedBooter.execute(ForkedBooter.java:162)
	at org.apache.maven.surefire.booter.ForkedBooter.run(ForkedBooter.java:562)
	at org.apache.maven.surefire.booter.ForkedBooter.main(ForkedBooter.java:548)
Caused by: java.lang.ExceptionInInitializerError: Exception java.lang.IllegalAccessError: class org.apache.datasketches.memory.AllocateDirectMap (in unnamed module @0x6f29c911) cannot access class sun.nio.ch.FileChannelImpl (in module java.base) because module java.base does not export sun.nio.ch to unnamed module @0x6f29c911 [in thread "main"]
	at org.apache.datasketches.memory.AllocateDirectMap.<clinit>(AllocateDirectMap.java:72)
	at org.apache.datasketches.memory.BaseWritableMemoryImpl.wrapMap(BaseWritableMemoryImpl.java:98)
	at org.apache.datasketches.memory.Memory.map(Memory.java:119)
	at org.apache.datasketches.memory.Memory.map(Memory.java:97)
	at org.apache.datasketches.cpc.CpcCBinariesTest.checkEmptyBin(CpcCBinariesTest.java:46)
	... 33 more

[ERROR] org.apache.datasketches.cpc.CpcCBinariesTest.checkSparseImages  Time elapsed: 0 s  <<< FAILURE!
java.lang.NoClassDefFoundError: Could not initialize class org.apache.datasketches.memory.AllocateDirectWritableMap
	at org.apache.datasketches.memory.BaseWritableMemoryImpl.wrapMap(BaseWritableMemoryImpl.java:98)
	at org.apache.datasketches.memory.Memory.map(Memory.java:119)
	at org.apache.datasketches.memory.Memory.map(Memory.java:97)
	at org.apache.datasketches.cpc.CpcCBinariesTest.checkSparseImages(CpcCBinariesTest.java:186)
	at java.base/jdk.internal.reflect.NativeMethodAccessorImpl.invoke0(Native Method)
	at java.base/jdk.internal.reflect.NativeMethodAccessorImpl.invoke(NativeMethodAccessorImpl.java:77)
	at java.base/jdk.internal.reflect.DelegatingMethodAccessorImpl.invoke(DelegatingMethodAccessorImpl.java:43)
	at java.base/java.lang.reflect.Method.invoke(Method.java:568)
	at org.testng.internal.MethodInvocationHelper.invokeMethod(MethodInvocationHelper.java:134)
	at org.testng.internal.TestInvoker.invokeMethod(TestInvoker.java:597)
	at org.testng.internal.TestInvoker.invokeTestMethod(TestInvoker.java:173)
	at org.testng.internal.MethodRunner.runInSequence(MethodRunner.java:46)
	at org.testng.internal.TestInvoker$MethodInvocationAgent.invoke(TestInvoker.java:816)
	at org.testng.internal.TestInvoker.invokeTestMethods(TestInvoker.java:146)
	at org.testng.internal.TestMethodWorker.invokeTestMethods(TestMethodWorker.java:146)
	at org.testng.internal.TestMethodWorker.run(TestMethodWorker.java:128)
	at java.base/java.util.ArrayList.forEach(ArrayList.java:1511)
	at org.testng.TestRunner.privateRun(TestRunner.java:766)
	at org.testng.TestRunner.run(TestRunner.java:587)
	at org.testng.SuiteRunner.runTest(SuiteRunner.java:384)
	at org.testng.SuiteRunner.runSequentially(SuiteRunner.java:378)
	at org.testng.SuiteRunner.privateRun(SuiteRunner.java:337)
	at org.testng.SuiteRunner.run(SuiteRunner.java:286)
	at org.testng.SuiteRunnerWorker.runSuite(SuiteRunnerWorker.java:53)
	at org.testng.SuiteRunnerWorker.run(SuiteRunnerWorker.java:96)
	at org.testng.TestNG.runSuitesSequentially(TestNG.java:1187)
	at org.testng.TestNG.runSuitesLocally(TestNG.java:1109)
	at org.testng.TestNG.runSuites(TestNG.java:1039)
	at org.testng.TestNG.run(TestNG.java:1007)
	at org.apache.maven.surefire.testng.TestNGExecutor.run(TestNGExecutor.java:136)
	at org.apache.maven.surefire.testng.TestNGDirectoryTestSuite.executeMulti(TestNGDirectoryTestSuite.java:193)
	at org.apache.maven.surefire.testng.TestNGDirectoryTestSuite.execute(TestNGDirectoryTestSuite.java:94)
	at org.apache.maven.surefire.testng.TestNGProvider.invoke(TestNGProvider.java:145)
	at org.apache.maven.surefire.booter.ForkedBooter.runSuitesInProcess(ForkedBooter.java:428)
	at org.apache.maven.surefire.booter.ForkedBooter.execute(ForkedBooter.java:162)
	at org.apache.maven.surefire.booter.ForkedBooter.run(ForkedBooter.java:562)
	at org.apache.maven.surefire.booter.ForkedBooter.main(ForkedBooter.java:548)
Caused by: java.lang.ExceptionInInitializerError: Exception java.lang.IllegalAccessError: class org.apache.datasketches.memory.AllocateDirectMap (in unnamed module @0x6f29c911) cannot access class sun.nio.ch.FileChannelImpl (in module java.base) because module java.base does not export sun.nio.ch to unnamed module @0x6f29c911 [in thread "main"]
	at org.apache.datasketches.memory.AllocateDirectMap.<clinit>(AllocateDirectMap.java:72)
	at org.apache.datasketches.memory.BaseWritableMemoryImpl.wrapMap(BaseWritableMemoryImpl.java:98)
	at org.apache.datasketches.memory.Memory.map(Memory.java:119)
	at org.apache.datasketches.memory.Memory.map(Memory.java:97)
	at org.apache.datasketches.cpc.CpcCBinariesTest.checkEmptyBin(CpcCBinariesTest.java:46)
	... 33 more

[ERROR] org.apache.datasketches.quantiles.DirectQuantilesMemoryRequestTest.checkGrowBaseBuf  Time elapsed: 0.001 s  <<< FAILURE!
java.lang.NoClassDefFoundError: Could not initialize class org.apache.datasketches.memory.NioBits
	at org.apache.datasketches.memory.AllocateDirect.<init>(AllocateDirect.java:51)
	at org.apache.datasketches.memory.BaseWritableMemoryImpl.wrapDirect(BaseWritableMemoryImpl.java:120)
	at org.apache.datasketches.memory.WritableMemory.allocateDirect(WritableMemory.java:160)
	at org.apache.datasketches.memory.WritableMemory.allocateDirect(WritableMemory.java:139)
	at org.apache.datasketches.quantiles.DirectQuantilesMemoryRequestTest.checkGrowBaseBuf(DirectQuantilesMemoryRequestTest.java:82)
	at java.base/jdk.internal.reflect.NativeMethodAccessorImpl.invoke0(Native Method)
	at java.base/jdk.internal.reflect.NativeMethodAccessorImpl.invoke(NativeMethodAccessorImpl.java:77)
	at java.base/jdk.internal.reflect.DelegatingMethodAccessorImpl.invoke(DelegatingMethodAccessorImpl.java:43)
	at java.base/java.lang.reflect.Method.invoke(Method.java:568)
	at org.testng.internal.MethodInvocationHelper.invokeMethod(MethodInvocationHelper.java:134)
	at org.testng.internal.TestInvoker.invokeMethod(TestInvoker.java:597)
	at org.testng.internal.TestInvoker.invokeTestMethod(TestInvoker.java:173)
	at org.testng.internal.MethodRunner.runInSequence(MethodRunner.java:46)
	at org.testng.internal.TestInvoker$MethodInvocationAgent.invoke(TestInvoker.java:816)
	at org.testng.internal.TestInvoker.invokeTestMethods(TestInvoker.java:146)
	at org.testng.internal.TestMethodWorker.invokeTestMethods(TestMethodWorker.java:146)
	at org.testng.internal.TestMethodWorker.run(TestMethodWorker.java:128)
	at java.base/java.util.ArrayList.forEach(ArrayList.java:1511)
	at org.testng.TestRunner.privateRun(TestRunner.java:766)
	at org.testng.TestRunner.run(TestRunner.java:587)
	at org.testng.SuiteRunner.runTest(SuiteRunner.java:384)
	at org.testng.SuiteRunner.runSequentially(SuiteRunner.java:378)
	at org.testng.SuiteRunner.privateRun(SuiteRunner.java:337)
	at org.testng.SuiteRunner.run(SuiteRunner.java:286)
	at org.testng.SuiteRunnerWorker.runSuite(SuiteRunnerWorker.java:53)
	at org.testng.SuiteRunnerWorker.run(SuiteRunnerWorker.java:96)
	at org.testng.TestNG.runSuitesSequentially(TestNG.java:1187)
	at org.testng.TestNG.runSuitesLocally(TestNG.java:1109)
	at org.testng.TestNG.runSuites(TestNG.java:1039)
	at org.testng.TestNG.run(TestNG.java:1007)
	at org.apache.maven.surefire.testng.TestNGExecutor.run(TestNGExecutor.java:136)
	at org.apache.maven.surefire.testng.TestNGDirectoryTestSuite.executeMulti(TestNGDirectoryTestSuite.java:193)
	at org.apache.maven.surefire.testng.TestNGDirectoryTestSuite.execute(TestNGDirectoryTestSuite.java:94)
	at org.apache.maven.surefire.testng.TestNGProvider.invoke(TestNGProvider.java:145)
	at org.apache.maven.surefire.booter.ForkedBooter.runSuitesInProcess(ForkedBooter.java:428)
	at org.apache.maven.surefire.booter.ForkedBooter.execute(ForkedBooter.java:162)
	at org.apache.maven.surefire.booter.ForkedBooter.run(ForkedBooter.java:562)
	at org.apache.maven.surefire.booter.ForkedBooter.main(ForkedBooter.java:548)
Caused by: java.lang.ExceptionInInitializerError: Exception java.lang.RuntimeException: Could not acquire java.nio.Bits class: class java.lang.ClassNotFoundException [in thread "main"]
	at org.apache.datasketches.memory.NioBits.<clinit>(NioBits.java:88)
	at org.apache.datasketches.memory.AllocateDirect.<init>(AllocateDirect.java:51)
	at org.apache.datasketches.memory.BaseWritableMemoryImpl.wrapDirect(BaseWritableMemoryImpl.java:120)
	at org.apache.datasketches.memory.WritableMemory.allocateDirect(WritableMemory.java:160)
	at org.apache.datasketches.memory.WritableMemory.allocateDirect(WritableMemory.java:139)
	at org.apache.datasketches.theta.UnionImplTest.checkMoveAndResize(UnionImplTest.java:172)
	... 33 more

[ERROR] org.apache.datasketches.quantiles.DirectQuantilesMemoryRequestTest.checkGrowCombBuf  Time elapsed: 0 s  <<< FAILURE!
java.lang.NoClassDefFoundError: Could not initialize class org.apache.datasketches.memory.NioBits
	at org.apache.datasketches.memory.AllocateDirect.<init>(AllocateDirect.java:51)
	at org.apache.datasketches.memory.BaseWritableMemoryImpl.wrapDirect(BaseWritableMemoryImpl.java:120)
	at org.apache.datasketches.memory.WritableMemory.allocateDirect(WritableMemory.java:160)
	at org.apache.datasketches.memory.WritableMemory.allocateDirect(WritableMemory.java:139)
	at org.apache.datasketches.quantiles.DirectQuantilesMemoryRequestTest.checkGrowCombBuf(DirectQuantilesMemoryRequestTest.java:103)
	at java.base/jdk.internal.reflect.NativeMethodAccessorImpl.invoke0(Native Method)
	at java.base/jdk.internal.reflect.NativeMethodAccessorImpl.invoke(NativeMethodAccessorImpl.java:77)
	at java.base/jdk.internal.reflect.DelegatingMethodAccessorImpl.invoke(DelegatingMethodAccessorImpl.java:43)
	at java.base/java.lang.reflect.Method.invoke(Method.java:568)
	at org.testng.internal.MethodInvocationHelper.invokeMethod(MethodInvocationHelper.java:134)
	at org.testng.internal.TestInvoker.invokeMethod(TestInvoker.java:597)
	at org.testng.internal.TestInvoker.invokeTestMethod(TestInvoker.java:173)
	at org.testng.internal.MethodRunner.runInSequence(MethodRunner.java:46)
	at org.testng.internal.TestInvoker$MethodInvocationAgent.invoke(TestInvoker.java:816)
	at org.testng.internal.TestInvoker.invokeTestMethods(TestInvoker.java:146)
	at org.testng.internal.TestMethodWorker.invokeTestMethods(TestMethodWorker.java:146)
	at org.testng.internal.TestMethodWorker.run(TestMethodWorker.java:128)
	at java.base/java.util.ArrayList.forEach(ArrayList.java:1511)
	at org.testng.TestRunner.privateRun(TestRunner.java:766)
	at org.testng.TestRunner.run(TestRunner.java:587)
	at org.testng.SuiteRunner.runTest(SuiteRunner.java:384)
	at org.testng.SuiteRunner.runSequentially(SuiteRunner.java:378)
	at org.testng.SuiteRunner.privateRun(SuiteRunner.java:337)
	at org.testng.SuiteRunner.run(SuiteRunner.java:286)
	at org.testng.SuiteRunnerWorker.runSuite(SuiteRunnerWorker.java:53)
	at org.testng.SuiteRunnerWorker.run(SuiteRunnerWorker.java:96)
	at org.testng.TestNG.runSuitesSequentially(TestNG.java:1187)
	at org.testng.TestNG.runSuitesLocally(TestNG.java:1109)
	at org.testng.TestNG.runSuites(TestNG.java:1039)
	at org.testng.TestNG.run(TestNG.java:1007)
	at org.apache.maven.surefire.testng.TestNGExecutor.run(TestNGExecutor.java:136)
	at org.apache.maven.surefire.testng.TestNGDirectoryTestSuite.executeMulti(TestNGDirectoryTestSuite.java:193)
	at org.apache.maven.surefire.testng.TestNGDirectoryTestSuite.execute(TestNGDirectoryTestSuite.java:94)
	at org.apache.maven.surefire.testng.TestNGProvider.invoke(TestNGProvider.java:145)
	at org.apache.maven.surefire.booter.ForkedBooter.runSuitesInProcess(ForkedBooter.java:428)
	at org.apache.maven.surefire.booter.ForkedBooter.execute(ForkedBooter.java:162)
	at org.apache.maven.surefire.booter.ForkedBooter.run(ForkedBooter.java:562)
	at org.apache.maven.surefire.booter.ForkedBooter.main(ForkedBooter.java:548)
Caused by: java.lang.ExceptionInInitializerError: Exception java.lang.RuntimeException: Could not acquire java.nio.Bits class: class java.lang.ClassNotFoundException [in thread "main"]
	at org.apache.datasketches.memory.NioBits.<clinit>(NioBits.java:88)
	at org.apache.datasketches.memory.AllocateDirect.<init>(AllocateDirect.java:51)
	at org.apache.datasketches.memory.BaseWritableMemoryImpl.wrapDirect(BaseWritableMemoryImpl.java:120)
	at org.apache.datasketches.memory.WritableMemory.allocateDirect(WritableMemory.java:160)
	at org.apache.datasketches.memory.WritableMemory.allocateDirect(WritableMemory.java:139)
	at org.apache.datasketches.theta.UnionImplTest.checkMoveAndResize(UnionImplTest.java:172)
	... 33 more

[ERROR] org.apache.datasketches.quantiles.DirectQuantilesMemoryRequestTest.checkGrowFromWrappedEmptySketch  Time elapsed: 0.001 s  <<< FAILURE!
java.lang.NoClassDefFoundError: Could not initialize class org.apache.datasketches.memory.NioBits
	at org.apache.datasketches.memory.AllocateDirect.<init>(AllocateDirect.java:51)
	at org.apache.datasketches.memory.BaseWritableMemoryImpl.wrapDirect(BaseWritableMemoryImpl.java:120)
	at org.apache.datasketches.memory.WritableMemory.allocateDirect(WritableMemory.java:160)
	at org.apache.datasketches.memory.WritableMemory.allocateDirect(WritableMemory.java:139)
	at org.apache.datasketches.quantiles.DirectQuantilesMemoryRequestTest.checkGrowFromWrappedEmptySketch(DirectQuantilesMemoryRequestTest.java:130)
	at java.base/jdk.internal.reflect.NativeMethodAccessorImpl.invoke0(Native Method)
	at java.base/jdk.internal.reflect.NativeMethodAccessorImpl.invoke(NativeMethodAccessorImpl.java:77)
	at java.base/jdk.internal.reflect.DelegatingMethodAccessorImpl.invoke(DelegatingMethodAccessorImpl.java:43)
	at java.base/java.lang.reflect.Method.invoke(Method.java:568)
	at org.testng.internal.MethodInvocationHelper.invokeMethod(MethodInvocationHelper.java:134)
	at org.testng.internal.TestInvoker.invokeMethod(TestInvoker.java:597)
	at org.testng.internal.TestInvoker.invokeTestMethod(TestInvoker.java:173)
	at org.testng.internal.MethodRunner.runInSequence(MethodRunner.java:46)
	at org.testng.internal.TestInvoker$MethodInvocationAgent.invoke(TestInvoker.java:816)
	at org.testng.internal.TestInvoker.invokeTestMethods(TestInvoker.java:146)
	at org.testng.internal.TestMethodWorker.invokeTestMethods(TestMethodWorker.java:146)
	at org.testng.internal.TestMethodWorker.run(TestMethodWorker.java:128)
	at java.base/java.util.ArrayList.forEach(ArrayList.java:1511)
	at org.testng.TestRunner.privateRun(TestRunner.java:766)
	at org.testng.TestRunner.run(TestRunner.java:587)
	at org.testng.SuiteRunner.runTest(SuiteRunner.java:384)
	at org.testng.SuiteRunner.runSequentially(SuiteRunner.java:378)
	at org.testng.SuiteRunner.privateRun(SuiteRunner.java:337)
	at org.testng.SuiteRunner.run(SuiteRunner.java:286)
	at org.testng.SuiteRunnerWorker.runSuite(SuiteRunnerWorker.java:53)
	at org.testng.SuiteRunnerWorker.run(SuiteRunnerWorker.java:96)
	at org.testng.TestNG.runSuitesSequentially(TestNG.java:1187)
	at org.testng.TestNG.runSuitesLocally(TestNG.java:1109)
	at org.testng.TestNG.runSuites(TestNG.java:1039)
	at org.testng.TestNG.run(TestNG.java:1007)
	at org.apache.maven.surefire.testng.TestNGExecutor.run(TestNGExecutor.java:136)
	at org.apache.maven.surefire.testng.TestNGDirectoryTestSuite.executeMulti(TestNGDirectoryTestSuite.java:193)
	at org.apache.maven.surefire.testng.TestNGDirectoryTestSuite.execute(TestNGDirectoryTestSuite.java:94)
	at org.apache.maven.surefire.testng.TestNGProvider.invoke(TestNGProvider.java:145)
	at org.apache.maven.surefire.booter.ForkedBooter.runSuitesInProcess(ForkedBooter.java:428)
	at org.apache.maven.surefire.booter.ForkedBooter.execute(ForkedBooter.java:162)
	at org.apache.maven.surefire.booter.ForkedBooter.run(ForkedBooter.java:562)
	at org.apache.maven.surefire.booter.ForkedBooter.main(ForkedBooter.java:548)
Caused by: java.lang.ExceptionInInitializerError: Exception java.lang.RuntimeException: Could not acquire java.nio.Bits class: class java.lang.ClassNotFoundException [in thread "main"]
	at org.apache.datasketches.memory.NioBits.<clinit>(NioBits.java:88)
	at org.apache.datasketches.memory.AllocateDirect.<init>(AllocateDirect.java:51)
	at org.apache.datasketches.memory.BaseWritableMemoryImpl.wrapDirect(BaseWritableMemoryImpl.java:120)
	at org.apache.datasketches.memory.WritableMemory.allocateDirect(WritableMemory.java:160)
	at org.apache.datasketches.memory.WritableMemory.allocateDirect(WritableMemory.java:139)
	at org.apache.datasketches.theta.UnionImplTest.checkMoveAndResize(UnionImplTest.java:172)
	... 33 more

[ERROR] org.apache.datasketches.quantiles.DirectQuantilesMemoryRequestTest.checkLimitedMemoryScenarios  Time elapsed: 0 s  <<< FAILURE!
java.lang.NoClassDefFoundError: Could not initialize class org.apache.datasketches.memory.NioBits
	at org.apache.datasketches.memory.AllocateDirect.<init>(AllocateDirect.java:51)
	at org.apache.datasketches.memory.BaseWritableMemoryImpl.wrapDirect(BaseWritableMemoryImpl.java:120)
	at org.apache.datasketches.memory.WritableMemory.allocateDirect(WritableMemory.java:160)
	at org.apache.datasketches.memory.WritableMemory.allocateDirect(WritableMemory.java:139)
	at org.apache.datasketches.quantiles.DirectQuantilesMemoryRequestTest.checkLimitedMemoryScenarios(DirectQuantilesMemoryRequestTest.java:49)
	at java.base/jdk.internal.reflect.NativeMethodAccessorImpl.invoke0(Native Method)
	at java.base/jdk.internal.reflect.NativeMethodAccessorImpl.invoke(NativeMethodAccessorImpl.java:77)
	at java.base/jdk.internal.reflect.DelegatingMethodAccessorImpl.invoke(DelegatingMethodAccessorImpl.java:43)
	at java.base/java.lang.reflect.Method.invoke(Method.java:568)
	at org.testng.internal.MethodInvocationHelper.invokeMethod(MethodInvocationHelper.java:134)
	at org.testng.internal.TestInvoker.invokeMethod(TestInvoker.java:597)
	at org.testng.internal.TestInvoker.invokeTestMethod(TestInvoker.java:173)
	at org.testng.internal.MethodRunner.runInSequence(MethodRunner.java:46)
	at org.testng.internal.TestInvoker$MethodInvocationAgent.invoke(TestInvoker.java:816)
	at org.testng.internal.TestInvoker.invokeTestMethods(TestInvoker.java:146)
	at org.testng.internal.TestMethodWorker.invokeTestMethods(TestMethodWorker.java:146)
	at org.testng.internal.TestMethodWorker.run(TestMethodWorker.java:128)
	at java.base/java.util.ArrayList.forEach(ArrayList.java:1511)
	at org.testng.TestRunner.privateRun(TestRunner.java:766)
	at org.testng.TestRunner.run(TestRunner.java:587)
	at org.testng.SuiteRunner.runTest(SuiteRunner.java:384)
	at org.testng.SuiteRunner.runSequentially(SuiteRunner.java:378)
	at org.testng.SuiteRunner.privateRun(SuiteRunner.java:337)
	at org.testng.SuiteRunner.run(SuiteRunner.java:286)
	at org.testng.SuiteRunnerWorker.runSuite(SuiteRunnerWorker.java:53)
	at org.testng.SuiteRunnerWorker.run(SuiteRunnerWorker.java:96)
	at org.testng.TestNG.runSuitesSequentially(TestNG.java:1187)
	at org.testng.TestNG.runSuitesLocally(TestNG.java:1109)
	at org.testng.TestNG.runSuites(TestNG.java:1039)
	at org.testng.TestNG.run(TestNG.java:1007)
	at org.apache.maven.surefire.testng.TestNGExecutor.run(TestNGExecutor.java:136)
	at org.apache.maven.surefire.testng.TestNGDirectoryTestSuite.executeMulti(TestNGDirectoryTestSuite.java:193)
	at org.apache.maven.surefire.testng.TestNGDirectoryTestSuite.execute(TestNGDirectoryTestSuite.java:94)
	at org.apache.maven.surefire.testng.TestNGProvider.invoke(TestNGProvider.java:145)
	at org.apache.maven.surefire.booter.ForkedBooter.runSuitesInProcess(ForkedBooter.java:428)
	at org.apache.maven.surefire.booter.ForkedBooter.execute(ForkedBooter.java:162)
	at org.apache.maven.surefire.booter.ForkedBooter.run(ForkedBooter.java:562)
	at org.apache.maven.surefire.booter.ForkedBooter.main(ForkedBooter.java:548)
Caused by: java.lang.ExceptionInInitializerError: Exception java.lang.RuntimeException: Could not acquire java.nio.Bits class: class java.lang.ClassNotFoundException [in thread "main"]
	at org.apache.datasketches.memory.NioBits.<clinit>(NioBits.java:88)
	at org.apache.datasketches.memory.AllocateDirect.<init>(AllocateDirect.java:51)
	at org.apache.datasketches.memory.BaseWritableMemoryImpl.wrapDirect(BaseWritableMemoryImpl.java:120)
	at org.apache.datasketches.memory.WritableMemory.allocateDirect(WritableMemory.java:160)
	at org.apache.datasketches.memory.WritableMemory.allocateDirect(WritableMemory.java:139)
	at org.apache.datasketches.theta.UnionImplTest.checkMoveAndResize(UnionImplTest.java:172)
	... 33 more

[ERROR] org.apache.datasketches.quantiles.DoublesSketchTest.checkEmptyDirect  Time elapsed: 0.001 s  <<< FAILURE!
java.lang.NoClassDefFoundError: Could not initialize class org.apache.datasketches.memory.NioBits
	at org.apache.datasketches.memory.AllocateDirect.<init>(AllocateDirect.java:51)
	at org.apache.datasketches.memory.BaseWritableMemoryImpl.wrapDirect(BaseWritableMemoryImpl.java:120)
	at org.apache.datasketches.memory.WritableMemory.allocateDirect(WritableMemory.java:160)
	at org.apache.datasketches.memory.WritableMemory.allocateDirect(WritableMemory.java:139)
	at org.apache.datasketches.quantiles.DoublesSketchTest.checkEmptyDirect(DoublesSketchTest.java:150)
	at java.base/jdk.internal.reflect.NativeMethodAccessorImpl.invoke0(Native Method)
	at java.base/jdk.internal.reflect.NativeMethodAccessorImpl.invoke(NativeMethodAccessorImpl.java:77)
	at java.base/jdk.internal.reflect.DelegatingMethodAccessorImpl.invoke(DelegatingMethodAccessorImpl.java:43)
	at java.base/java.lang.reflect.Method.invoke(Method.java:568)
	at org.testng.internal.MethodInvocationHelper.invokeMethod(MethodInvocationHelper.java:134)
	at org.testng.internal.TestInvoker.invokeMethod(TestInvoker.java:597)
	at org.testng.internal.TestInvoker.invokeTestMethod(TestInvoker.java:173)
	at org.testng.internal.MethodRunner.runInSequence(MethodRunner.java:46)
	at org.testng.internal.TestInvoker$MethodInvocationAgent.invoke(TestInvoker.java:816)
	at org.testng.internal.TestInvoker.invokeTestMethods(TestInvoker.java:146)
	at org.testng.internal.TestMethodWorker.invokeTestMethods(TestMethodWorker.java:146)
	at org.testng.internal.TestMethodWorker.run(TestMethodWorker.java:128)
	at java.base/java.util.ArrayList.forEach(ArrayList.java:1511)
	at org.testng.TestRunner.privateRun(TestRunner.java:766)
	at org.testng.TestRunner.run(TestRunner.java:587)
	at org.testng.SuiteRunner.runTest(SuiteRunner.java:384)
	at org.testng.SuiteRunner.runSequentially(SuiteRunner.java:378)
	at org.testng.SuiteRunner.privateRun(SuiteRunner.java:337)
	at org.testng.SuiteRunner.run(SuiteRunner.java:286)
	at org.testng.SuiteRunnerWorker.runSuite(SuiteRunnerWorker.java:53)
	at org.testng.SuiteRunnerWorker.run(SuiteRunnerWorker.java:96)
	at org.testng.TestNG.runSuitesSequentially(TestNG.java:1187)
	at org.testng.TestNG.runSuitesLocally(TestNG.java:1109)
	at org.testng.TestNG.runSuites(TestNG.java:1039)
	at org.testng.TestNG.run(TestNG.java:1007)
	at org.apache.maven.surefire.testng.TestNGExecutor.run(TestNGExecutor.java:136)
	at org.apache.maven.surefire.testng.TestNGDirectoryTestSuite.executeMulti(TestNGDirectoryTestSuite.java:193)
	at org.apache.maven.surefire.testng.TestNGDirectoryTestSuite.execute(TestNGDirectoryTestSuite.java:94)
	at org.apache.maven.surefire.testng.TestNGProvider.invoke(TestNGProvider.java:145)
	at org.apache.maven.surefire.booter.ForkedBooter.runSuitesInProcess(ForkedBooter.java:428)
	at org.apache.maven.surefire.booter.ForkedBooter.execute(ForkedBooter.java:162)
	at org.apache.maven.surefire.booter.ForkedBooter.run(ForkedBooter.java:562)
	at org.apache.maven.surefire.booter.ForkedBooter.main(ForkedBooter.java:548)
Caused by: java.lang.ExceptionInInitializerError: Exception java.lang.RuntimeException: Could not acquire java.nio.Bits class: class java.lang.ClassNotFoundException [in thread "main"]
	at org.apache.datasketches.memory.NioBits.<clinit>(NioBits.java:88)
	at org.apache.datasketches.memory.AllocateDirect.<init>(AllocateDirect.java:51)
	at org.apache.datasketches.memory.BaseWritableMemoryImpl.wrapDirect(BaseWritableMemoryImpl.java:120)
	at org.apache.datasketches.memory.WritableMemory.allocateDirect(WritableMemory.java:160)
	at org.apache.datasketches.memory.WritableMemory.allocateDirect(WritableMemory.java:139)
	at org.apache.datasketches.theta.UnionImplTest.checkMoveAndResize(UnionImplTest.java:172)
	... 33 more

[ERROR] org.apache.datasketches.quantiles.DoublesSketchTest.directSketchShouldMoveOntoHeapEventually  Time elapsed: 0 s  <<< FAILURE!
java.lang.NoClassDefFoundError: Could not initialize class org.apache.datasketches.memory.NioBits
	at org.apache.datasketches.memory.AllocateDirect.<init>(AllocateDirect.java:51)
	at org.apache.datasketches.memory.BaseWritableMemoryImpl.wrapDirect(BaseWritableMemoryImpl.java:120)
	at org.apache.datasketches.memory.WritableMemory.allocateDirect(WritableMemory.java:160)
	at org.apache.datasketches.memory.WritableMemory.allocateDirect(WritableMemory.java:139)
	at org.apache.datasketches.quantiles.DoublesSketchTest.directSketchShouldMoveOntoHeapEventually(DoublesSketchTest.java:137)
	at java.base/jdk.internal.reflect.NativeMethodAccessorImpl.invoke0(Native Method)
	at java.base/jdk.internal.reflect.NativeMethodAccessorImpl.invoke(NativeMethodAccessorImpl.java:77)
	at java.base/jdk.internal.reflect.DelegatingMethodAccessorImpl.invoke(DelegatingMethodAccessorImpl.java:43)
	at java.base/java.lang.reflect.Method.invoke(Method.java:568)
	at org.testng.internal.MethodInvocationHelper.invokeMethod(MethodInvocationHelper.java:134)
	at org.testng.internal.TestInvoker.invokeMethod(TestInvoker.java:597)
	at org.testng.internal.TestInvoker.invokeTestMethod(TestInvoker.java:173)
	at org.testng.internal.MethodRunner.runInSequence(MethodRunner.java:46)
	at org.testng.internal.TestInvoker$MethodInvocationAgent.invoke(TestInvoker.java:816)
	at org.testng.internal.TestInvoker.invokeTestMethods(TestInvoker.java:146)
	at org.testng.internal.TestMethodWorker.invokeTestMethods(TestMethodWorker.java:146)
	at org.testng.internal.TestMethodWorker.run(TestMethodWorker.java:128)
	at java.base/java.util.ArrayList.forEach(ArrayList.java:1511)
	at org.testng.TestRunner.privateRun(TestRunner.java:766)
	at org.testng.TestRunner.run(TestRunner.java:587)
	at org.testng.SuiteRunner.runTest(SuiteRunner.java:384)
	at org.testng.SuiteRunner.runSequentially(SuiteRunner.java:378)
	at org.testng.SuiteRunner.privateRun(SuiteRunner.java:337)
	at org.testng.SuiteRunner.run(SuiteRunner.java:286)
	at org.testng.SuiteRunnerWorker.runSuite(SuiteRunnerWorker.java:53)
	at org.testng.SuiteRunnerWorker.run(SuiteRunnerWorker.java:96)
	at org.testng.TestNG.runSuitesSequentially(TestNG.java:1187)
	at org.testng.TestNG.runSuitesLocally(TestNG.java:1109)
	at org.testng.TestNG.runSuites(TestNG.java:1039)
	at org.testng.TestNG.run(TestNG.java:1007)
	at org.apache.maven.surefire.testng.TestNGExecutor.run(TestNGExecutor.java:136)
	at org.apache.maven.surefire.testng.TestNGDirectoryTestSuite.executeMulti(TestNGDirectoryTestSuite.java:193)
	at org.apache.maven.surefire.testng.TestNGDirectoryTestSuite.execute(TestNGDirectoryTestSuite.java:94)
	at org.apache.maven.surefire.testng.TestNGProvider.invoke(TestNGProvider.java:145)
	at org.apache.maven.surefire.booter.ForkedBooter.runSuitesInProcess(ForkedBooter.java:428)
	at org.apache.maven.surefire.booter.ForkedBooter.execute(ForkedBooter.java:162)
	at org.apache.maven.surefire.booter.ForkedBooter.run(ForkedBooter.java:562)
	at org.apache.maven.surefire.booter.ForkedBooter.main(ForkedBooter.java:548)
Caused by: java.lang.ExceptionInInitializerError: Exception java.lang.RuntimeException: Could not acquire java.nio.Bits class: class java.lang.ClassNotFoundException [in thread "main"]
	at org.apache.datasketches.memory.NioBits.<clinit>(NioBits.java:88)
	at org.apache.datasketches.memory.AllocateDirect.<init>(AllocateDirect.java:51)
	at org.apache.datasketches.memory.BaseWritableMemoryImpl.wrapDirect(BaseWritableMemoryImpl.java:120)
	at org.apache.datasketches.memory.WritableMemory.allocateDirect(WritableMemory.java:160)
	at org.apache.datasketches.memory.WritableMemory.allocateDirect(WritableMemory.java:139)
	at org.apache.datasketches.theta.UnionImplTest.checkMoveAndResize(UnionImplTest.java:172)
	... 33 more

[ERROR] org.apache.datasketches.cpc.SpecialCBinariesTest.checkCpc10mBin  Time elapsed: 0.001 s  <<< FAILURE!
java.lang.NoClassDefFoundError: Could not initialize class org.apache.datasketches.memory.AllocateDirectWritableMap
	at org.apache.datasketches.memory.BaseWritableMemoryImpl.wrapMap(BaseWritableMemoryImpl.java:98)
	at org.apache.datasketches.memory.Memory.map(Memory.java:119)
	at org.apache.datasketches.memory.Memory.map(Memory.java:97)
	at org.apache.datasketches.cpc.SpecialCBinariesTest.checkCpc10mBin(SpecialCBinariesTest.java:51)
	at java.base/jdk.internal.reflect.NativeMethodAccessorImpl.invoke0(Native Method)
	at java.base/jdk.internal.reflect.NativeMethodAccessorImpl.invoke(NativeMethodAccessorImpl.java:77)
	at java.base/jdk.internal.reflect.DelegatingMethodAccessorImpl.invoke(DelegatingMethodAccessorImpl.java:43)
	at java.base/java.lang.reflect.Method.invoke(Method.java:568)
	at org.testng.internal.MethodInvocationHelper.invokeMethod(MethodInvocationHelper.java:134)
	at org.testng.internal.TestInvoker.invokeMethod(TestInvoker.java:597)
	at org.testng.internal.TestInvoker.invokeTestMethod(TestInvoker.java:173)
	at org.testng.internal.MethodRunner.runInSequence(MethodRunner.java:46)
	at org.testng.internal.TestInvoker$MethodInvocationAgent.invoke(TestInvoker.java:816)
	at org.testng.internal.TestInvoker.invokeTestMethods(TestInvoker.java:146)
	at org.testng.internal.TestMethodWorker.invokeTestMethods(TestMethodWorker.java:146)
	at org.testng.internal.TestMethodWorker.run(TestMethodWorker.java:128)
	at java.base/java.util.ArrayList.forEach(ArrayList.java:1511)
	at org.testng.TestRunner.privateRun(TestRunner.java:766)
	at org.testng.TestRunner.run(TestRunner.java:587)
	at org.testng.SuiteRunner.runTest(SuiteRunner.java:384)
	at org.testng.SuiteRunner.runSequentially(SuiteRunner.java:378)
	at org.testng.SuiteRunner.privateRun(SuiteRunner.java:337)
	at org.testng.SuiteRunner.run(SuiteRunner.java:286)
	at org.testng.SuiteRunnerWorker.runSuite(SuiteRunnerWorker.java:53)
	at org.testng.SuiteRunnerWorker.run(SuiteRunnerWorker.java:96)
	at org.testng.TestNG.runSuitesSequentially(TestNG.java:1187)
	at org.testng.TestNG.runSuitesLocally(TestNG.java:1109)
	at org.testng.TestNG.runSuites(TestNG.java:1039)
	at org.testng.TestNG.run(TestNG.java:1007)
	at org.apache.maven.surefire.testng.TestNGExecutor.run(TestNGExecutor.java:136)
	at org.apache.maven.surefire.testng.TestNGDirectoryTestSuite.executeMulti(TestNGDirectoryTestSuite.java:193)
	at org.apache.maven.surefire.testng.TestNGDirectoryTestSuite.execute(TestNGDirectoryTestSuite.java:94)
	at org.apache.maven.surefire.testng.TestNGProvider.invoke(TestNGProvider.java:145)
	at org.apache.maven.surefire.booter.ForkedBooter.runSuitesInProcess(ForkedBooter.java:428)
	at org.apache.maven.surefire.booter.ForkedBooter.execute(ForkedBooter.java:162)
	at org.apache.maven.surefire.booter.ForkedBooter.run(ForkedBooter.java:562)
	at org.apache.maven.surefire.booter.ForkedBooter.main(ForkedBooter.java:548)
Caused by: java.lang.ExceptionInInitializerError: Exception java.lang.IllegalAccessError: class org.apache.datasketches.memory.AllocateDirectMap (in unnamed module @0x6f29c911) cannot access class sun.nio.ch.FileChannelImpl (in module java.base) because module java.base does not export sun.nio.ch to unnamed module @0x6f29c911 [in thread "main"]
	at org.apache.datasketches.memory.AllocateDirectMap.<clinit>(AllocateDirectMap.java:72)
	at org.apache.datasketches.memory.BaseWritableMemoryImpl.wrapMap(BaseWritableMemoryImpl.java:98)
	at org.apache.datasketches.memory.Memory.map(Memory.java:119)
	at org.apache.datasketches.memory.Memory.map(Memory.java:97)
	at org.apache.datasketches.cpc.CpcCBinariesTest.checkEmptyBin(CpcCBinariesTest.java:46)
	... 33 more

[ERROR] org.apache.datasketches.quantiles.PreambleUtilTest.checkInsertsAndExtracts  Time elapsed: 0.001 s  <<< FAILURE!
java.lang.NoClassDefFoundError: Could not initialize class org.apache.datasketches.memory.NioBits
	at org.apache.datasketches.memory.AllocateDirect.<init>(AllocateDirect.java:51)
	at org.apache.datasketches.memory.BaseWritableMemoryImpl.wrapDirect(BaseWritableMemoryImpl.java:120)
	at org.apache.datasketches.memory.WritableMemory.allocateDirect(WritableMemory.java:160)
	at org.apache.datasketches.memory.WritableMemory.allocateDirect(WritableMemory.java:139)
	at org.apache.datasketches.quantiles.PreambleUtilTest.checkInsertsAndExtracts(PreambleUtilTest.java:52)
	at java.base/jdk.internal.reflect.NativeMethodAccessorImpl.invoke0(Native Method)
	at java.base/jdk.internal.reflect.NativeMethodAccessorImpl.invoke(NativeMethodAccessorImpl.java:77)
	at java.base/jdk.internal.reflect.DelegatingMethodAccessorImpl.invoke(DelegatingMethodAccessorImpl.java:43)
	at java.base/java.lang.reflect.Method.invoke(Method.java:568)
	at org.testng.internal.MethodInvocationHelper.invokeMethod(MethodInvocationHelper.java:134)
	at org.testng.internal.TestInvoker.invokeMethod(TestInvoker.java:597)
	at org.testng.internal.TestInvoker.invokeTestMethod(TestInvoker.java:173)
	at org.testng.internal.MethodRunner.runInSequence(MethodRunner.java:46)
	at org.testng.internal.TestInvoker$MethodInvocationAgent.invoke(TestInvoker.java:816)
	at org.testng.internal.TestInvoker.invokeTestMethods(TestInvoker.java:146)
	at org.testng.internal.TestMethodWorker.invokeTestMethods(TestMethodWorker.java:146)
	at org.testng.internal.TestMethodWorker.run(TestMethodWorker.java:128)
	at java.base/java.util.ArrayList.forEach(ArrayList.java:1511)
	at org.testng.TestRunner.privateRun(TestRunner.java:766)
	at org.testng.TestRunner.run(TestRunner.java:587)
	at org.testng.SuiteRunner.runTest(SuiteRunner.java:384)
	at org.testng.SuiteRunner.runSequentially(SuiteRunner.java:378)
	at org.testng.SuiteRunner.privateRun(SuiteRunner.java:337)
	at org.testng.SuiteRunner.run(SuiteRunner.java:286)
	at org.testng.SuiteRunnerWorker.runSuite(SuiteRunnerWorker.java:53)
	at org.testng.SuiteRunnerWorker.run(SuiteRunnerWorker.java:96)
	at org.testng.TestNG.runSuitesSequentially(TestNG.java:1187)
	at org.testng.TestNG.runSuitesLocally(TestNG.java:1109)
	at org.testng.TestNG.runSuites(TestNG.java:1039)
	at org.testng.TestNG.run(TestNG.java:1007)
	at org.apache.maven.surefire.testng.TestNGExecutor.run(TestNGExecutor.java:136)
	at org.apache.maven.surefire.testng.TestNGDirectoryTestSuite.executeMulti(TestNGDirectoryTestSuite.java:193)
	at org.apache.maven.surefire.testng.TestNGDirectoryTestSuite.execute(TestNGDirectoryTestSuite.java:94)
	at org.apache.maven.surefire.testng.TestNGProvider.invoke(TestNGProvider.java:145)
	at org.apache.maven.surefire.booter.ForkedBooter.runSuitesInProcess(ForkedBooter.java:428)
	at org.apache.maven.surefire.booter.ForkedBooter.execute(ForkedBooter.java:162)
	at org.apache.maven.surefire.booter.ForkedBooter.run(ForkedBooter.java:562)
	at org.apache.maven.surefire.booter.ForkedBooter.main(ForkedBooter.java:548)
Caused by: java.lang.ExceptionInInitializerError: Exception java.lang.RuntimeException: Could not acquire java.nio.Bits class: class java.lang.ClassNotFoundException [in thread "main"]
	at org.apache.datasketches.memory.NioBits.<clinit>(NioBits.java:88)
	at org.apache.datasketches.memory.AllocateDirect.<init>(AllocateDirect.java:51)
	at org.apache.datasketches.memory.BaseWritableMemoryImpl.wrapDirect(BaseWritableMemoryImpl.java:120)
	at org.apache.datasketches.memory.WritableMemory.allocateDirect(WritableMemory.java:160)
	at org.apache.datasketches.memory.WritableMemory.allocateDirect(WritableMemory.java:139)
	at org.apache.datasketches.theta.UnionImplTest.checkMoveAndResize(UnionImplTest.java:172)
	... 33 more

[ERROR] org.apache.datasketches.quantiles.DebugUnionTest.test  Time elapsed: 0.113 s  <<< FAILURE!
java.lang.NoClassDefFoundError: Could not initialize class org.apache.datasketches.memory.NioBits
	at org.apache.datasketches.memory.AllocateDirect.<init>(AllocateDirect.java:51)
	at org.apache.datasketches.memory.BaseWritableMemoryImpl.wrapDirect(BaseWritableMemoryImpl.java:120)
	at org.apache.datasketches.memory.WritableMemory.allocateDirect(WritableMemory.java:160)
	at org.apache.datasketches.memory.WritableMemory.allocateDirect(WritableMemory.java:139)
	at org.apache.datasketches.quantiles.DebugUnionTest.test(DebugUnionTest.java:65)
	at java.base/jdk.internal.reflect.NativeMethodAccessorImpl.invoke0(Native Method)
	at java.base/jdk.internal.reflect.NativeMethodAccessorImpl.invoke(NativeMethodAccessorImpl.java:77)
	at java.base/jdk.internal.reflect.DelegatingMethodAccessorImpl.invoke(DelegatingMethodAccessorImpl.java:43)
	at java.base/java.lang.reflect.Method.invoke(Method.java:568)
	at org.testng.internal.MethodInvocationHelper.invokeMethod(MethodInvocationHelper.java:134)
	at org.testng.internal.TestInvoker.invokeMethod(TestInvoker.java:597)
	at org.testng.internal.TestInvoker.invokeTestMethod(TestInvoker.java:173)
	at org.testng.internal.MethodRunner.runInSequence(MethodRunner.java:46)
	at org.testng.internal.TestInvoker$MethodInvocationAgent.invoke(TestInvoker.java:816)
	at org.testng.internal.TestInvoker.invokeTestMethods(TestInvoker.java:146)
	at org.testng.internal.TestMethodWorker.invokeTestMethods(TestMethodWorker.java:146)
	at org.testng.internal.TestMethodWorker.run(TestMethodWorker.java:128)
	at java.base/java.util.ArrayList.forEach(ArrayList.java:1511)
	at org.testng.TestRunner.privateRun(TestRunner.java:766)
	at org.testng.TestRunner.run(TestRunner.java:587)
	at org.testng.SuiteRunner.runTest(SuiteRunner.java:384)
	at org.testng.SuiteRunner.runSequentially(SuiteRunner.java:378)
	at org.testng.SuiteRunner.privateRun(SuiteRunner.java:337)
	at org.testng.SuiteRunner.run(SuiteRunner.java:286)
	at org.testng.SuiteRunnerWorker.runSuite(SuiteRunnerWorker.java:53)
	at org.testng.SuiteRunnerWorker.run(SuiteRunnerWorker.java:96)
	at org.testng.TestNG.runSuitesSequentially(TestNG.java:1187)
	at org.testng.TestNG.runSuitesLocally(TestNG.java:1109)
	at org.testng.TestNG.runSuites(TestNG.java:1039)
	at org.testng.TestNG.run(TestNG.java:1007)
	at org.apache.maven.surefire.testng.TestNGExecutor.run(TestNGExecutor.java:136)
	at org.apache.maven.surefire.testng.TestNGDirectoryTestSuite.executeMulti(TestNGDirectoryTestSuite.java:193)
	at org.apache.maven.surefire.testng.TestNGDirectoryTestSuite.execute(TestNGDirectoryTestSuite.java:94)
	at org.apache.maven.surefire.testng.TestNGProvider.invoke(TestNGProvider.java:145)
	at org.apache.maven.surefire.booter.ForkedBooter.runSuitesInProcess(ForkedBooter.java:428)
	at org.apache.maven.surefire.booter.ForkedBooter.execute(ForkedBooter.java:162)
	at org.apache.maven.surefire.booter.ForkedBooter.run(ForkedBooter.java:562)
	at org.apache.maven.surefire.booter.ForkedBooter.main(ForkedBooter.java:548)
Caused by: java.lang.ExceptionInInitializerError: Exception java.lang.RuntimeException: Could not acquire java.nio.Bits class: class java.lang.ClassNotFoundException [in thread "main"]
	at org.apache.datasketches.memory.NioBits.<clinit>(NioBits.java:88)
	at org.apache.datasketches.memory.AllocateDirect.<init>(AllocateDirect.java:51)
	at org.apache.datasketches.memory.BaseWritableMemoryImpl.wrapDirect(BaseWritableMemoryImpl.java:120)
	at org.apache.datasketches.memory.WritableMemory.allocateDirect(WritableMemory.java:160)
	at org.apache.datasketches.memory.WritableMemory.allocateDirect(WritableMemory.java:139)
	at org.apache.datasketches.theta.UnionImplTest.checkMoveAndResize(UnionImplTest.java:172)
	... 33 more

[INFO] 
[INFO] Results:
[INFO] 
[ERROR] Failures: 
[ERROR]   CpcCBinariesTest.checkEmptyBin:46  IllegalAccess class org.apache.datasketche...
[ERROR]   CpcCBinariesTest.checkEmptyImages:166  NoClassDefFound Could not initialize c...
[ERROR]   CpcCBinariesTest.checkHybridBin:86  NoClassDefFound Could not initialize clas...
[ERROR]   CpcCBinariesTest.checkHybridImages:207  NoClassDefFound Could not initialize ...
[ERROR]   CpcCBinariesTest.checkPinnedBin:112  NoClassDefFound Could not initialize cla...
[ERROR]   CpcCBinariesTest.checkPinnedImages:228  NoClassDefFound Could not initialize ...
[ERROR]   CpcCBinariesTest.checkSlidingBin:138  NoClassDefFound Could not initialize cl...
[ERROR]   CpcCBinariesTest.checkSlidingImages:249  NoClassDefFound Could not initialize...
[ERROR]   CpcCBinariesTest.checkSparseBin:60  NoClassDefFound Could not initialize clas...
[ERROR]   CpcCBinariesTest.checkSparseImages:186  NoClassDefFound Could not initialize ...
[ERROR]   SpecialCBinariesTest.checkCpc10mBin:51  NoClassDefFound Could not initialize ...
[ERROR]   DirectAuxHashMapTest.checkGrow:52  NoClassDefFound Could not initialize class...
[ERROR]   DirectCouponListTest.promotionTests:43->promotions:74  NoClassDefFound Could ...
[ERROR]   DebugUnionTest.test:65  NoClassDefFound Could not initialize class org.apache...
[ERROR]   DirectQuantilesMemoryRequestTest.checkGrowBaseBuf:82  NoClassDefFound Could n...
[ERROR]   DirectQuantilesMemoryRequestTest.checkGrowCombBuf:103  NoClassDefFound Could ...
[ERROR]   DirectQuantilesMemoryRequestTest.checkGrowFromWrappedEmptySketch:130  NoClassDefFound
[ERROR]   DirectQuantilesMemoryRequestTest.checkLimitedMemoryScenarios:49  NoClassDefFound
[ERROR]   DoublesSketchTest.checkEmptyDirect:150  NoClassDefFound Could not initialize ...
[ERROR]   DoublesSketchTest.directSketchShouldMoveOntoHeapEventually:137  NoClassDefFound
[ERROR]   PreambleUtilTest.checkInsertsAndExtracts:52  NoClassDefFound Could not initia...
[ERROR]   CompactSketchTest.checkHeapifyWrap:45->checkHeapifyWrap:81  NoClassDefFound C...
[ERROR]   DirectQuickSelectSketchTest.checkBadSerVer  Test 
Expected exception of type ...
[ERROR]   DirectQuickSelectSketchTest.checkConstructReconstructFromMemory:658->makeNativeMemory:883  NoClassDefFound
[ERROR]   DirectQuickSelectSketchTest.checkConstructorKtooSmall  Test 
Expected excepti...
[ERROR]   DirectQuickSelectSketchTest.checkConstructorMemTooSmall  Test 
Expected excep...
[ERROR]   DirectQuickSelectSketchTest.checkCorruptLgNomLongs  Test 
Expected exception ...
[ERROR]   DirectQuickSelectSketchTest.checkDQStoCompactEmptyForms:367->makeNativeMemory:883  NoClassDefFound
[ERROR]   DirectQuickSelectSketchTest.checkDQStoCompactForms:299->makeNativeMemory:883  NoClassDefFound
[ERROR]   DirectQuickSelectSketchTest.checkEmptyAndP:487->makeNativeMemory:883  NoClassDefFound
[ERROR]   DirectQuickSelectSketchTest.checkErrorBounds:453->makeNativeMemory:883  NoClassDefFound
[ERROR]   DirectQuickSelectSketchTest.checkEstMode:410->makeNativeMemory:883  NoClassDefFound
[ERROR]   DirectQuickSelectSketchTest.checkEstModeMemoryArr:619->makeNativeMemory:883  NoClassDefFound
[ERROR]   DirectQuickSelectSketchTest.checkEstModeNativeMemory:639  NoClassDefFound Cou...
[ERROR]   DirectQuickSelectSketchTest.checkExactModeMemoryArr:600->makeNativeMemory:883  NoClassDefFound
[ERROR]   DirectQuickSelectSketchTest.checkHeapifyByteArrayEstimating:245->makeNativeMemory:883  NoClassDefFound
[ERROR]   DirectQuickSelectSketchTest.checkHeapifyByteArrayExact:214->makeNativeMemory:883  NoClassDefFound
[ERROR]   DirectQuickSelectSketchTest.checkHeapifyMemoryEstimating:120->makeNativeMemory:883  NoClassDefFound
[ERROR]   DirectQuickSelectSketchTest.checkHeapifySeedConflict  Test 
Expected exceptio...
[ERROR]   DirectQuickSelectSketchTest.checkMoveAndResize:825  NoClassDefFound Could not...
[ERROR]   DirectQuickSelectSketchTest.checkReadOnlyRebuildResize:839  NoClassDefFound C...
[ERROR]   DirectQuickSelectSketchTest.checkRebuild:544->makeNativeMemory:883  NoClassDefFound
[ERROR]   DirectQuickSelectSketchTest.checkResetAndStartingSubMultiple:571->makeNativeMemory:883  NoClassDefFound
[ERROR]   DirectQuickSelectSketchTest.checkSamplingMode:429->makeNativeMemory:883  NoClassDefFound
[ERROR]   DirectQuickSelectSketchTest.checkUpperAndLowerBounds:525->makeNativeMemory:883  NoClassDefFound
[ERROR]   DirectQuickSelectSketchTest.checkWrapMemoryEst:274->makeNativeMemory:883  NoClassDefFound
[ERROR]   UnionImplTest.checkMoveAndResize:172  ExceptionInInitializer
[ERROR]   UnionImplTest.checkUnionCompactOrderedSource:208  NoClassDefFound Could not i...
[INFO] 
[ERROR] Tests run: 1490, Failures: 48, Errors: 0, Skipped: 0
[INFO] 
[INFO] ------------------------------------------------------------------------
[INFO] BUILD FAILURE
[INFO] ------------------------------------------------------------------------
[INFO] Total time:  39.753 s
[INFO] Finished at: 2023-10-29T10:58:35Z
[INFO] ------------------------------------------------------------------------
[ERROR] Failed to execute goal org.apache.maven.plugins:maven-surefire-plugin:3.0.0-M5:test (default-test) on project datasketches-java: There are test failures.
[ERROR] 
[ERROR] Please refer to /home/runner/work/paste_project/paste_project/projects/datasketches-java-dab95426fe4d3c568850750852f5e57cf2aa146d/target/surefire-reports for the individual test results.
[ERROR] Please refer to dump files (if any exist) [date].dump, [date]-jvmRun[N].dump and [date].dumpstream.
[ERROR] -> [Help 1]
[ERROR] 
[ERROR] To see the full stack trace of the errors, re-run Maven with the -e switch.
[ERROR] Re-run Maven using the -X switch to enable full debug logging.
[ERROR] 
[ERROR] For more information about the errors and possible solutions, please read the following articles:
[ERROR] [Help 1] http://cwiki.apache.org/confluence/display/MAVEN/MojoFailureException
[INFO] Build failures were ignored.

#Tests run (RetestAll seq.): 1490

